Waf: Entering directory `/home/madhavi/Task/ardupilot/build/FIRSTTASK'
Padded 12 bytes for bootloader.bin to 39968
Embedding file bootloader.bin:/home/madhavi/Task/ardupilot/Tools/bootloaders/FIRSTTASK_bl.bin
Embedding file defaults.parm:/home/madhavi/Task/ardupilot/build/FIRSTTASK/processed_defaults.parm
Embedding file hwdef.dat:/home/madhavi/Task/ardupilot/build/FIRSTTASK/hw.dat
Embedding file io_firmware.bin:Tools/IO_Firmware/iofirmware_f103_lowpolh.bin
Embedding file io_firmware_dshot.bin:Tools/IO_Firmware/iofirmware_f103_dshot_lowpolh.bin
Generating compile_commands.json
Build commands will be stored in build/FIRSTTASK/compile_commands.json
Generating compile_commands.json
Build commands will be stored in build/FIRSTTASK/compile_commands.json
[1242/1249] Linking build/FIRSTTASK/bin/arducopter
/opt/gcc-arm-none-eabi-12.2/bin/../lib/gcc/arm-none-eabi/12.2.1/../../../../arm-none-eabi/bin/ld: warning: bin/arducopter has a LOAD segment with RWX permissions

[1243/1249] Generating bin/arducopter.bin
[1244/1249] checking symbols build/FIRSTTASK/bin/arducopter
[1245/1249] app_descriptor set_app_descriptor: build/FIRSTTASK/bin/arducopter build/FIRSTTASK/bin/arducopter.bin
No APP_DESCRIPTOR found
[1246/1249] apj_gen build/FIRSTTASK/bin/arducopter.bin
[1247/1249] bin cleanup build/FIRSTTASK/bin/arducopter.bin
[1248/1249] Generating bin/arducopter.abin
[1249/1249] Generating bin/arducopter_with_bl.hex
githash 3d217a6d3437267635a72a94926e62c544665fbd md5 7dfcf9d5e1309defe364f2ef21c764a3
Created bin/arducopter.abin

Waf: Leaving directory `/home/madhavi/Task/ardupilot/build/FIRSTTASK'

BUILD SUMMARY
Build directory: /home/madhavi/Task/ardupilot/build/FIRSTTASK
Target          Text (B)  Data (B)  BSS (B)  Total Flash Used (B)  Free Flash (B)  External Flash Used (B)
----------------------------------------------------------------------------------------------------------
bin/arducopter   1785209      4192   520252               1789401          176664  Not Applicable         

'copter' finished successfully (16.212s)
