Waf: Entering directory `/home/madhavi/Task/ardupilot/build/FIRSTTASK'
Padded 12 bytes for bootloader.bin to 39968
Embedding file bootloader.bin:/home/madhavi/Task/ardupilot/Tools/bootloaders/FIRSTTASK_bl.bin
Embedding file defaults.parm:/home/madhavi/Task/ardupilot/build/FIRSTTASK/processed_defaults.parm
Embedding file hwdef.dat:/home/madhavi/Task/ardupilot/build/FIRSTTASK/hw.dat
Embedding file io_firmware.bin:Tools/IO_Firmware/iofirmware_f103_lowpolh.bin
Embedding file io_firmware_dshot.bin:Tools/IO_Firmware/iofirmware_f103_dshot_lowpolh.bin
Generating compile_commands.json
Build commands will be stored in build/FIRSTTASK/compile_commands.json
Generating compile_commands.json
Build commands will be stored in build/FIRSTTASK/compile_commands.json
[1242/1249] Linking build/FIRSTTASK/bin/arduplane
/opt/gcc-arm-none-eabi-12.2/bin/../lib/gcc/arm-none-eabi/12.2.1/../../../../arm-none-eabi/bin/ld: warning: bin/arduplane has a LOAD segment with RWX permissions

[1243/1249] Generating bin/arduplane.bin
[1244/1249] checking symbols build/FIRSTTASK/bin/arduplane
[1245/1249] app_descriptor set_app_descriptor: build/FIRSTTASK/bin/arduplane build/FIRSTTASK/bin/arduplane.bin
No APP_DESCRIPTOR found
[1246/1249] apj_gen build/FIRSTTASK/bin/arduplane.bin
[1247/1249] bin cleanup build/FIRSTTASK/bin/arduplane.bin
[1248/1249] Generating bin/arduplane.abin
[1249/1249] Generating bin/arduplane_with_bl.hex
githash 3d217a6d3437267635a72a94926e62c544665fbd md5 6d42bd68dd6b300a2ea1b6f7e1b631e1
Created bin/arduplane.abin

Waf: Leaving directory `/home/madhavi/Task/ardupilot/build/FIRSTTASK'

BUILD SUMMARY
Build directory: /home/madhavi/Task/ardupilot/build/FIRSTTASK
Target         Text (B)  Data (B)  BSS (B)  Total Flash Used (B)  Free Flash (B)  External Flash Used (B)
---------------------------------------------------------------------------------------------------------
bin/arduplane   1777321      4108   520316               1781429          184636  Not Applicable         

'plane' finished successfully (11.990s)
