[0.282s] DEBUG:colcon:Command line arguments: ['/home/j/.matlab/R2024b/ros2/glnxa64/venv/bin/colcon', 'build', '--merge-install', '--cmake-args', '-DCMAKE_BUILD_TYPE=Release', '-DCMAKE_SHARED_LINKER_FLAGS=-Wl,-no-as-needed', '-DBUILD_TESTING=OFF', '-DALIAS_ROS2_TF2=1', '-DCMAKE_CXX_FLAGS_RELEASE=-O0', '-G', 'Ninja', '-DCMAKE_C_COMPILER=/usr/lib/ccache/gcc', '-DCMAKE_CXX_COMPILER=/usr/lib/ccache/g++']
[0.282s] DEBUG:colcon:Parsed command line arguments: Namespace(log_base=None, log_level=None, verb_name='build', build_base='build', install_base='install', merge_install=True, symlink_install=False, test_result_base=None, continue_on_error=False, executor='parallel', parallel_workers=20, event_handlers=None, ignore_user_meta=False, metas=['./colcon.meta'], base_paths=['.'], packages_ignore=None, packages_ignore_regex=None, paths=None, packages_up_to=None, packages_up_to_regex=None, packages_above=None, packages_above_and_dependencies=None, packages_above_depth=None, packages_select_by_dep=None, packages_skip_by_dep=None, packages_skip_up_to=None, packages_select_build_failed=False, packages_skip_build_finished=False, packages_select_test_failures=False, packages_skip_test_passed=False, packages_select=None, packages_skip=None, packages_select_regex=None, packages_skip_regex=None, packages_start=None, packages_end=None, cmake_args=['-DCMAKE_BUILD_TYPE=Release', '-DCMAKE_SHARED_LINKER_FLAGS=-Wl,-no-as-needed', '-DBUILD_TESTING=OFF', '-DALIAS_ROS2_TF2=1', '-DCMAKE_CXX_FLAGS_RELEASE=-O0', '-G', 'Ninja', '-DCMAKE_C_COMPILER=/usr/lib/ccache/gcc', '-DCMAKE_CXX_COMPILER=/usr/lib/ccache/g++'], cmake_target=None, cmake_target_skip_unavailable=False, cmake_clean_cache=False, cmake_clean_first=False, cmake_force_configure=False, ament_cmake_args=None, catkin_cmake_args=None, catkin_skip_building_tests=False, verb_parser=<colcon_defaults.argument_parser.defaults.DefaultArgumentsDecorator object at 0x7fa49b6eb5e0>, verb_extension=<colcon_core.verb.build.BuildVerb object at 0x7fa49b66a2f0>, main=<bound method BuildVerb.main of <colcon_core.verb.build.BuildVerb object at 0x7fa49b66a2f0>>)
[0.315s] Level 1:colcon.colcon_core.package_discovery:discover_packages(colcon_meta) check parameters
[0.315s] Level 1:colcon.colcon_core.package_discovery:discover_packages(recursive) check parameters
[0.315s] Level 1:colcon.colcon_core.package_discovery:discover_packages(ignore) check parameters
[0.315s] Level 1:colcon.colcon_core.package_discovery:discover_packages(path) check parameters
[0.315s] Level 1:colcon.colcon_core.package_discovery:discover_packages(colcon_meta) discover
[0.315s] Level 1:colcon.colcon_core.package_discovery:discover_packages(recursive) discover
[0.315s] INFO:colcon.colcon_core.package_discovery:Crawling recursively for packages in '/home/j/ardu_ws/src/ardupilot/Tools/ros2/matlab_msg_gen/glnxa64'
[0.315s] Level 1:colcon.colcon_core.package_identification:_identify(.) by extensions ['ignore', 'ignore_ament_install']
[0.315s] Level 1:colcon.colcon_core.package_identification:_identify(.) by extension 'ignore'
[0.315s] Level 1:colcon.colcon_core.package_identification:_identify(.) by extension 'ignore_ament_install'
[0.315s] Level 1:colcon.colcon_core.package_identification:_identify(.) by extensions ['colcon_pkg']
[0.315s] Level 1:colcon.colcon_core.package_identification:_identify(.) by extension 'colcon_pkg'
[0.315s] Level 1:colcon.colcon_core.package_identification:_identify(.) by extensions ['colcon_meta']
[0.315s] Level 1:colcon.colcon_core.package_identification:_identify(.) by extension 'colcon_meta'
[0.315s] Level 1:colcon.colcon_core.package_identification:_identify(.) by extensions ['ros']
[0.315s] Level 1:colcon.colcon_core.package_identification:_identify(.) by extension 'ros'
[0.329s] Level 1:colcon.colcon_core.package_identification:_identify(.) by extensions ['cmake', 'python']
[0.329s] Level 1:colcon.colcon_core.package_identification:_identify(.) by extension 'cmake'
[0.329s] Level 1:colcon.colcon_core.package_identification:_identify(.) by extension 'python'
[0.329s] Level 1:colcon.colcon_core.package_identification:_identify(.) by extensions ['python_setup_py']
[0.329s] Level 1:colcon.colcon_core.package_identification:_identify(.) by extension 'python_setup_py'
[0.329s] Level 1:colcon.colcon_core.package_identification:_identify(build) by extensions ['ignore', 'ignore_ament_install']
[0.329s] Level 1:colcon.colcon_core.package_identification:_identify(build) by extension 'ignore'
[0.329s] Level 1:colcon.colcon_core.package_identification:_identify(build) ignored
[0.329s] Level 1:colcon.colcon_core.package_identification:_identify(install) by extensions ['ignore', 'ignore_ament_install']
[0.329s] Level 1:colcon.colcon_core.package_identification:_identify(install) by extension 'ignore'
[0.329s] Level 1:colcon.colcon_core.package_identification:_identify(install) ignored
[0.329s] Level 1:colcon.colcon_core.package_identification:_identify(log) by extensions ['ignore', 'ignore_ament_install']
[0.329s] Level 1:colcon.colcon_core.package_identification:_identify(log) by extension 'ignore'
[0.329s] Level 1:colcon.colcon_core.package_identification:_identify(log) ignored
[0.329s] Level 1:colcon.colcon_core.package_identification:_identify(src) by extensions ['ignore', 'ignore_ament_install']
[0.329s] Level 1:colcon.colcon_core.package_identification:_identify(src) by extension 'ignore'
[0.330s] Level 1:colcon.colcon_core.package_identification:_identify(src) by extension 'ignore_ament_install'
[0.330s] Level 1:colcon.colcon_core.package_identification:_identify(src) by extensions ['colcon_pkg']
[0.330s] Level 1:colcon.colcon_core.package_identification:_identify(src) by extension 'colcon_pkg'
[0.330s] Level 1:colcon.colcon_core.package_identification:_identify(src) by extensions ['colcon_meta']
[0.330s] Level 1:colcon.colcon_core.package_identification:_identify(src) by extension 'colcon_meta'
[0.330s] Level 1:colcon.colcon_core.package_identification:_identify(src) by extensions ['ros']
[0.330s] Level 1:colcon.colcon_core.package_identification:_identify(src) by extension 'ros'
[0.330s] Level 1:colcon.colcon_core.package_identification:_identify(src) by extensions ['cmake', 'python']
[0.330s] Level 1:colcon.colcon_core.package_identification:_identify(src) by extension 'cmake'
[0.330s] Level 1:colcon.colcon_core.package_identification:_identify(src) by extension 'python'
[0.330s] Level 1:colcon.colcon_core.package_identification:_identify(src) by extensions ['python_setup_py']
[0.330s] Level 1:colcon.colcon_core.package_identification:_identify(src) by extension 'python_setup_py'
[0.330s] Level 1:colcon.colcon_core.package_identification:_identify(src/ardupilot_msgs) by extensions ['ignore', 'ignore_ament_install']
[0.330s] Level 1:colcon.colcon_core.package_identification:_identify(src/ardupilot_msgs) by extension 'ignore'
[0.330s] Level 1:colcon.colcon_core.package_identification:_identify(src/ardupilot_msgs) by extension 'ignore_ament_install'
[0.330s] Level 1:colcon.colcon_core.package_identification:_identify(src/ardupilot_msgs) by extensions ['colcon_pkg']
[0.330s] Level 1:colcon.colcon_core.package_identification:_identify(src/ardupilot_msgs) by extension 'colcon_pkg'
[0.330s] Level 1:colcon.colcon_core.package_identification:_identify(src/ardupilot_msgs) by extensions ['colcon_meta']
[0.330s] Level 1:colcon.colcon_core.package_identification:_identify(src/ardupilot_msgs) by extension 'colcon_meta'
[0.330s] Level 1:colcon.colcon_core.package_identification:_identify(src/ardupilot_msgs) by extensions ['ros']
[0.330s] Level 1:colcon.colcon_core.package_identification:_identify(src/ardupilot_msgs) by extension 'ros'
[0.332s] DEBUG:colcon.colcon_core.package_identification:Package 'src/ardupilot_msgs' with type 'ros.ament_cmake' and name 'ardupilot_msgs'
[0.332s] Level 1:colcon.colcon_core.package_discovery:discover_packages(recursive) using defaults
[0.332s] Level 1:colcon.colcon_core.package_discovery:discover_packages(ignore) discover
[0.332s] Level 1:colcon.colcon_core.package_discovery:discover_packages(ignore) using defaults
[0.332s] Level 1:colcon.colcon_core.package_discovery:discover_packages(path) discover
[0.332s] Level 1:colcon.colcon_core.package_discovery:discover_packages(path) using defaults
[0.361s] Level 5:colcon.colcon_core.verb:set package 'ardupilot_msgs' build argument 'cmake_args' from command line to '['-DCMAKE_BUILD_TYPE=Release', '-DCMAKE_SHARED_LINKER_FLAGS=-Wl,-no-as-needed', '-DBUILD_TESTING=OFF', '-DALIAS_ROS2_TF2=1', '-DCMAKE_CXX_FLAGS_RELEASE=-O0', '-G', 'Ninja', '-DCMAKE_C_COMPILER=/usr/lib/ccache/gcc', '-DCMAKE_CXX_COMPILER=/usr/lib/ccache/g++']'
[0.361s] Level 5:colcon.colcon_core.verb:set package 'ardupilot_msgs' build argument 'cmake_target' from command line to 'None'
[0.361s] Level 5:colcon.colcon_core.verb:set package 'ardupilot_msgs' build argument 'cmake_target_skip_unavailable' from command line to 'False'
[0.361s] Level 5:colcon.colcon_core.verb:set package 'ardupilot_msgs' build argument 'cmake_clean_cache' from command line to 'False'
[0.361s] Level 5:colcon.colcon_core.verb:set package 'ardupilot_msgs' build argument 'cmake_clean_first' from command line to 'False'
[0.361s] Level 5:colcon.colcon_core.verb:set package 'ardupilot_msgs' build argument 'cmake_force_configure' from command line to 'False'
[0.361s] Level 5:colcon.colcon_core.verb:set package 'ardupilot_msgs' build argument 'ament_cmake_args' from command line to 'None'
[0.361s] Level 5:colcon.colcon_core.verb:set package 'ardupilot_msgs' build argument 'catkin_cmake_args' from command line to 'None'
[0.361s] Level 5:colcon.colcon_core.verb:set package 'ardupilot_msgs' build argument 'catkin_skip_building_tests' from command line to 'False'
[0.361s] DEBUG:colcon.colcon_core.verb:Building package 'ardupilot_msgs' with the following arguments: {'ament_cmake_args': None, 'build_base': '/home/j/ardu_ws/src/ardupilot/Tools/ros2/matlab_msg_gen/glnxa64/build/ardupilot_msgs', 'catkin_cmake_args': None, 'catkin_skip_building_tests': False, 'cmake_args': ['-DCMAKE_BUILD_TYPE=Release', '-DCMAKE_SHARED_LINKER_FLAGS=-Wl,-no-as-needed', '-DBUILD_TESTING=OFF', '-DALIAS_ROS2_TF2=1', '-DCMAKE_CXX_FLAGS_RELEASE=-O0', '-G', 'Ninja', '-DCMAKE_C_COMPILER=/usr/lib/ccache/gcc', '-DCMAKE_CXX_COMPILER=/usr/lib/ccache/g++'], 'cmake_clean_cache': False, 'cmake_clean_first': False, 'cmake_force_configure': False, 'cmake_target': None, 'cmake_target_skip_unavailable': False, 'install_base': '/home/j/ardu_ws/src/ardupilot/Tools/ros2/matlab_msg_gen/glnxa64/install', 'merge_install': True, 'path': '/home/j/ardu_ws/src/ardupilot/Tools/ros2/matlab_msg_gen/glnxa64/src/ardupilot_msgs', 'symlink_install': False, 'test_result_base': None}
[0.362s] INFO:colcon.colcon_core.executor:Executing jobs using 'parallel' executor
[0.370s] DEBUG:colcon.colcon_parallel_executor.executor.parallel:run_until_complete
[0.370s] INFO:colcon.colcon_ros.task.ament_cmake.build:Building ROS package in '/home/j/ardu_ws/src/ardupilot/Tools/ros2/matlab_msg_gen/glnxa64/src/ardupilot_msgs' with build type 'ament_cmake'
[0.370s] INFO:colcon.colcon_cmake.task.cmake.build:Building CMake package in '/home/j/ardu_ws/src/ardupilot/Tools/ros2/matlab_msg_gen/glnxa64/src/ardupilot_msgs'
[0.375s] INFO:colcon.colcon_core.plugin_system:Skipping extension 'colcon_core.shell.bat': Not used on non-Windows systems
[0.376s] INFO:colcon.colcon_core.shell:Skip shell extension 'powershell' for command environment: Not usable outside of PowerShell
[0.376s] DEBUG:colcon.colcon_core.shell:Skip shell extension 'dsv' for command environment
[0.392s] DEBUG:colcon.colcon_core.event_handler.log_command:Invoking command in '/home/j/ardu_ws/src/ardupilot/Tools/ros2/matlab_msg_gen/glnxa64/build/ardupilot_msgs': PS1=(venv) VIRTUAL_ENV_PROMPT=(venv) /usr/local/MATLAB/R2024b/bin/glnxa64/cmake/bin/cmake /home/j/ardu_ws/src/ardupilot/Tools/ros2/matlab_msg_gen/glnxa64/src/ardupilot_msgs -DCMAKE_BUILD_TYPE=Release -DCMAKE_SHARED_LINKER_FLAGS=-Wl,-no-as-needed -DBUILD_TESTING=OFF -DALIAS_ROS2_TF2=1 -DCMAKE_CXX_FLAGS_RELEASE=-O0 -G Ninja -DCMAKE_C_COMPILER=/usr/lib/ccache/gcc -DCMAKE_CXX_COMPILER=/usr/lib/ccache/g++ -DCMAKE_INSTALL_PREFIX=/home/j/ardu_ws/src/ardupilot/Tools/ros2/matlab_msg_gen/glnxa64/install
[2.068s] DEBUG:colcon.colcon_core.event_handler.log_command:Invoked command in '/home/j/ardu_ws/src/ardupilot/Tools/ros2/matlab_msg_gen/glnxa64/build/ardupilot_msgs' returned '0': PS1=(venv) VIRTUAL_ENV_PROMPT=(venv) /usr/local/MATLAB/R2024b/bin/glnxa64/cmake/bin/cmake /home/j/ardu_ws/src/ardupilot/Tools/ros2/matlab_msg_gen/glnxa64/src/ardupilot_msgs -DCMAKE_BUILD_TYPE=Release -DCMAKE_SHARED_LINKER_FLAGS=-Wl,-no-as-needed -DBUILD_TESTING=OFF -DALIAS_ROS2_TF2=1 -DCMAKE_CXX_FLAGS_RELEASE=-O0 -G Ninja -DCMAKE_C_COMPILER=/usr/lib/ccache/gcc -DCMAKE_CXX_COMPILER=/usr/lib/ccache/g++ -DCMAKE_INSTALL_PREFIX=/home/j/ardu_ws/src/ardupilot/Tools/ros2/matlab_msg_gen/glnxa64/install
[2.068s] DEBUG:colcon.colcon_core.event_handler.log_command:Invoking command in '/home/j/ardu_ws/src/ardupilot/Tools/ros2/matlab_msg_gen/glnxa64/build/ardupilot_msgs': PS1=(venv) VIRTUAL_ENV_PROMPT=(venv) /usr/local/MATLAB/R2024b/bin/glnxa64/cmake/bin/cmake --build /home/j/ardu_ws/src/ardupilot/Tools/ros2/matlab_msg_gen/glnxa64/build/ardupilot_msgs -- -j20 -l20
[13.685s] DEBUG:colcon.colcon_core.event_handler.log_command:Invoked command in '/home/j/ardu_ws/src/ardupilot/Tools/ros2/matlab_msg_gen/glnxa64/build/ardupilot_msgs' returned '0': PS1=(venv) VIRTUAL_ENV_PROMPT=(venv) /usr/local/MATLAB/R2024b/bin/glnxa64/cmake/bin/cmake --build /home/j/ardu_ws/src/ardupilot/Tools/ros2/matlab_msg_gen/glnxa64/build/ardupilot_msgs -- -j20 -l20
[13.696s] DEBUG:colcon.colcon_core.event_handler.log_command:Invoking command in '/home/j/ardu_ws/src/ardupilot/Tools/ros2/matlab_msg_gen/glnxa64/build/ardupilot_msgs': PS1=(venv) VIRTUAL_ENV_PROMPT=(venv) /usr/local/MATLAB/R2024b/bin/glnxa64/cmake/bin/cmake --install /home/j/ardu_ws/src/ardupilot/Tools/ros2/matlab_msg_gen/glnxa64/build/ardupilot_msgs
[13.732s] Level 1:colcon.colcon_core.environment:create_environment_scripts_only(ardupilot_msgs)
[13.734s] DEBUG:colcon.colcon_core.event_handler.log_command:Invoked command in '/home/j/ardu_ws/src/ardupilot/Tools/ros2/matlab_msg_gen/glnxa64/build/ardupilot_msgs' returned '0': PS1=(venv) VIRTUAL_ENV_PROMPT=(venv) /usr/local/MATLAB/R2024b/bin/glnxa64/cmake/bin/cmake --install /home/j/ardu_ws/src/ardupilot/Tools/ros2/matlab_msg_gen/glnxa64/build/ardupilot_msgs
[13.739s] Level 1:colcon.colcon_core.environment:checking '/home/j/ardu_ws/src/ardupilot/Tools/ros2/matlab_msg_gen/glnxa64/install' for CMake module files
[13.739s] Level 1:colcon.colcon_core.environment:checking '/home/j/ardu_ws/src/ardupilot/Tools/ros2/matlab_msg_gen/glnxa64/install' for CMake config files
[13.739s] Level 1:colcon.colcon_core.shell:create_environment_hook('ardupilot_msgs', 'cmake_prefix_path')
[13.742s] INFO:colcon.colcon_core.shell:Creating environment hook '/home/j/ardu_ws/src/ardupilot/Tools/ros2/matlab_msg_gen/glnxa64/install/share/ardupilot_msgs/hook/cmake_prefix_path.ps1'
[13.743s] INFO:colcon.colcon_core.shell:Creating environment descriptor '/home/j/ardu_ws/src/ardupilot/Tools/ros2/matlab_msg_gen/glnxa64/install/share/ardupilot_msgs/hook/cmake_prefix_path.dsv'
[13.743s] INFO:colcon.colcon_core.shell:Creating environment hook '/home/j/ardu_ws/src/ardupilot/Tools/ros2/matlab_msg_gen/glnxa64/install/share/ardupilot_msgs/hook/cmake_prefix_path.sh'
[13.743s] Level 1:colcon.colcon_core.environment:checking '/home/j/ardu_ws/src/ardupilot/Tools/ros2/matlab_msg_gen/glnxa64/install/lib'
[13.743s] Level 1:colcon.colcon_core.shell:create_environment_hook('ardupilot_msgs', 'ld_library_path_lib')
[13.746s] INFO:colcon.colcon_core.shell:Creating environment hook '/home/j/ardu_ws/src/ardupilot/Tools/ros2/matlab_msg_gen/glnxa64/install/share/ardupilot_msgs/hook/ld_library_path_lib.ps1'
[13.747s] INFO:colcon.colcon_core.shell:Creating environment descriptor '/home/j/ardu_ws/src/ardupilot/Tools/ros2/matlab_msg_gen/glnxa64/install/share/ardupilot_msgs/hook/ld_library_path_lib.dsv'
[13.747s] INFO:colcon.colcon_core.shell:Creating environment hook '/home/j/ardu_ws/src/ardupilot/Tools/ros2/matlab_msg_gen/glnxa64/install/share/ardupilot_msgs/hook/ld_library_path_lib.sh'
[13.747s] Level 1:colcon.colcon_core.environment:checking '/home/j/ardu_ws/src/ardupilot/Tools/ros2/matlab_msg_gen/glnxa64/install/bin'
[13.747s] Level 1:colcon.colcon_core.environment:checking '/home/j/ardu_ws/src/ardupilot/Tools/ros2/matlab_msg_gen/glnxa64/install/lib/pkgconfig/ardupilot_msgs.pc'
[13.748s] Level 1:colcon.colcon_core.environment:checking '/home/j/ardu_ws/src/ardupilot/Tools/ros2/matlab_msg_gen/glnxa64/install/lib/python3.10/site-packages'
[13.748s] Level 1:colcon.colcon_core.environment:checking '/home/j/ardu_ws/src/ardupilot/Tools/ros2/matlab_msg_gen/glnxa64/install/bin'
[13.751s] INFO:colcon.colcon_core.shell:Creating package script '/home/j/ardu_ws/src/ardupilot/Tools/ros2/matlab_msg_gen/glnxa64/install/share/ardupilot_msgs/package.ps1'
[13.751s] INFO:colcon.colcon_core.shell:Creating package descriptor '/home/j/ardu_ws/src/ardupilot/Tools/ros2/matlab_msg_gen/glnxa64/install/share/ardupilot_msgs/package.dsv'
[13.752s] INFO:colcon.colcon_core.shell:Creating package script '/home/j/ardu_ws/src/ardupilot/Tools/ros2/matlab_msg_gen/glnxa64/install/share/ardupilot_msgs/package.sh'
[13.752s] INFO:colcon.colcon_core.shell:Creating package script '/home/j/ardu_ws/src/ardupilot/Tools/ros2/matlab_msg_gen/glnxa64/install/share/ardupilot_msgs/package.bash'
[13.752s] INFO:colcon.colcon_core.shell:Creating package script '/home/j/ardu_ws/src/ardupilot/Tools/ros2/matlab_msg_gen/glnxa64/install/share/ardupilot_msgs/package.zsh'
[13.753s] Level 1:colcon.colcon_core.environment:create_file_with_runtime_dependencies(/home/j/ardu_ws/src/ardupilot/Tools/ros2/matlab_msg_gen/glnxa64/install/share/colcon-core/packages/ardupilot_msgs)
[13.766s] Level 1:colcon.colcon_core.environment:create_environment_scripts_only(ardupilot_msgs)
[13.770s] Level 1:colcon.colcon_core.environment:checking '/home/j/ardu_ws/src/ardupilot/Tools/ros2/matlab_msg_gen/glnxa64/install' for CMake module files
[13.770s] Level 1:colcon.colcon_core.environment:checking '/home/j/ardu_ws/src/ardupilot/Tools/ros2/matlab_msg_gen/glnxa64/install' for CMake config files
[13.771s] Level 1:colcon.colcon_core.shell:create_environment_hook('ardupilot_msgs', 'cmake_prefix_path')
[13.774s] INFO:colcon.colcon_core.shell:Creating environment hook '/home/j/ardu_ws/src/ardupilot/Tools/ros2/matlab_msg_gen/glnxa64/install/share/ardupilot_msgs/hook/cmake_prefix_path.ps1'
[13.774s] INFO:colcon.colcon_core.shell:Creating environment descriptor '/home/j/ardu_ws/src/ardupilot/Tools/ros2/matlab_msg_gen/glnxa64/install/share/ardupilot_msgs/hook/cmake_prefix_path.dsv'
[13.774s] INFO:colcon.colcon_core.shell:Creating environment hook '/home/j/ardu_ws/src/ardupilot/Tools/ros2/matlab_msg_gen/glnxa64/install/share/ardupilot_msgs/hook/cmake_prefix_path.sh'
[13.774s] Level 1:colcon.colcon_core.environment:checking '/home/j/ardu_ws/src/ardupilot/Tools/ros2/matlab_msg_gen/glnxa64/install/lib'
[13.774s] Level 1:colcon.colcon_core.shell:create_environment_hook('ardupilot_msgs', 'ld_library_path_lib')
[13.777s] INFO:colcon.colcon_core.shell:Creating environment hook '/home/j/ardu_ws/src/ardupilot/Tools/ros2/matlab_msg_gen/glnxa64/install/share/ardupilot_msgs/hook/ld_library_path_lib.ps1'
[13.778s] INFO:colcon.colcon_core.shell:Creating environment descriptor '/home/j/ardu_ws/src/ardupilot/Tools/ros2/matlab_msg_gen/glnxa64/install/share/ardupilot_msgs/hook/ld_library_path_lib.dsv'
[13.778s] INFO:colcon.colcon_core.shell:Creating environment hook '/home/j/ardu_ws/src/ardupilot/Tools/ros2/matlab_msg_gen/glnxa64/install/share/ardupilot_msgs/hook/ld_library_path_lib.sh'
[13.778s] Level 1:colcon.colcon_core.environment:checking '/home/j/ardu_ws/src/ardupilot/Tools/ros2/matlab_msg_gen/glnxa64/install/bin'
[13.778s] Level 1:colcon.colcon_core.environment:checking '/home/j/ardu_ws/src/ardupilot/Tools/ros2/matlab_msg_gen/glnxa64/install/lib/pkgconfig/ardupilot_msgs.pc'
[13.778s] Level 1:colcon.colcon_core.environment:checking '/home/j/ardu_ws/src/ardupilot/Tools/ros2/matlab_msg_gen/glnxa64/install/lib/python3.10/site-packages'
[13.778s] Level 1:colcon.colcon_core.environment:checking '/home/j/ardu_ws/src/ardupilot/Tools/ros2/matlab_msg_gen/glnxa64/install/bin'
[13.781s] INFO:colcon.colcon_core.shell:Creating package script '/home/j/ardu_ws/src/ardupilot/Tools/ros2/matlab_msg_gen/glnxa64/install/share/ardupilot_msgs/package.ps1'
[13.782s] INFO:colcon.colcon_core.shell:Creating package descriptor '/home/j/ardu_ws/src/ardupilot/Tools/ros2/matlab_msg_gen/glnxa64/install/share/ardupilot_msgs/package.dsv'
[13.782s] INFO:colcon.colcon_core.shell:Creating package script '/home/j/ardu_ws/src/ardupilot/Tools/ros2/matlab_msg_gen/glnxa64/install/share/ardupilot_msgs/package.sh'
[13.782s] INFO:colcon.colcon_core.shell:Creating package script '/home/j/ardu_ws/src/ardupilot/Tools/ros2/matlab_msg_gen/glnxa64/install/share/ardupilot_msgs/package.bash'
[13.782s] INFO:colcon.colcon_core.shell:Creating package script '/home/j/ardu_ws/src/ardupilot/Tools/ros2/matlab_msg_gen/glnxa64/install/share/ardupilot_msgs/package.zsh'
[13.782s] Level 1:colcon.colcon_core.environment:create_file_with_runtime_dependencies(/home/j/ardu_ws/src/ardupilot/Tools/ros2/matlab_msg_gen/glnxa64/install/share/colcon-core/packages/ardupilot_msgs)
[13.782s] DEBUG:colcon.colcon_parallel_executor.executor.parallel:closing loop
[13.783s] DEBUG:colcon.colcon_parallel_executor.executor.parallel:loop closed
[13.783s] DEBUG:colcon.colcon_parallel_executor.executor.parallel:run_until_complete finished with '0'
[13.783s] DEBUG:colcon.colcon_core.event_reactor:joining thread
[13.789s] INFO:colcon.colcon_core.plugin_system:Skipping extension 'colcon_notification.desktop_notification.notify2': 'notify2' not found
[13.790s] INFO:colcon.colcon_core.plugin_system:Skipping extension 'colcon_notification.desktop_notification.terminal_notifier': Not used on non-Darwin systems
[13.790s] INFO:colcon.colcon_core.plugin_system:Skipping extension 'colcon_notification.desktop_notification.win32': Not used on non-Windows systems
[13.790s] INFO:colcon.colcon_notification.desktop_notification:Sending desktop notification using 'notify_send'
[13.800s] DEBUG:colcon.colcon_core.event_reactor:joined thread
[13.803s] INFO:colcon.colcon_core.shell:Creating prefix script '/home/j/ardu_ws/src/ardupilot/Tools/ros2/matlab_msg_gen/glnxa64/install/local_setup.ps1'
[13.804s] INFO:colcon.colcon_core.shell:Creating prefix util module '/home/j/ardu_ws/src/ardupilot/Tools/ros2/matlab_msg_gen/glnxa64/install/_local_setup_util_ps1.py'
[13.804s] INFO:colcon.colcon_core.shell:Creating prefix chain script '/home/j/ardu_ws/src/ardupilot/Tools/ros2/matlab_msg_gen/glnxa64/install/setup.ps1'
[13.807s] INFO:colcon.colcon_core.shell:Creating prefix script '/home/j/ardu_ws/src/ardupilot/Tools/ros2/matlab_msg_gen/glnxa64/install/local_setup.sh'
[13.807s] INFO:colcon.colcon_core.shell:Creating prefix util module '/home/j/ardu_ws/src/ardupilot/Tools/ros2/matlab_msg_gen/glnxa64/install/_local_setup_util_sh.py'
[13.808s] INFO:colcon.colcon_core.shell:Creating prefix chain script '/home/j/ardu_ws/src/ardupilot/Tools/ros2/matlab_msg_gen/glnxa64/install/setup.sh'
[13.810s] INFO:colcon.colcon_core.shell:Creating prefix script '/home/j/ardu_ws/src/ardupilot/Tools/ros2/matlab_msg_gen/glnxa64/install/local_setup.bash'
[13.811s] INFO:colcon.colcon_core.shell:Creating prefix chain script '/home/j/ardu_ws/src/ardupilot/Tools/ros2/matlab_msg_gen/glnxa64/install/setup.bash'
[13.813s] INFO:colcon.colcon_core.shell:Creating prefix script '/home/j/ardu_ws/src/ardupilot/Tools/ros2/matlab_msg_gen/glnxa64/install/local_setup.zsh'
[13.814s] INFO:colcon.colcon_core.shell:Creating prefix chain script '/home/j/ardu_ws/src/ardupilot/Tools/ros2/matlab_msg_gen/glnxa64/install/setup.zsh'
