-- The C compiler identification is GNU 11.4.0
-- The CXX compiler identification is GNU 11.4.0
-- Detecting C compiler ABI info
-- Detecting C compiler ABI info - done
-- Check for working C compiler: /usr/lib/ccache/gcc - skipped
-- Detecting C compile features
-- Detecting C compile features - done
-- Detecting CXX compiler ABI info
-- Detecting CXX compiler ABI info - done
-- Check for working CXX compiler: /usr/lib/ccache/g++ - skipped
-- Detecting CXX compile features
-- Detecting CXX compile features - done
-- Found ament_cmake: 1.3.3 (/usr/local/MATLAB/R2024b/sys/ros2/glnxa64/ros2/share/ament_cmake/cmake)
-- Found Python3: /home/j/.matlab/R2024b/ros2/glnxa64/venv/bin/python3.10 (found version "3.10.12") found components: Interpreter 
-- Found ament_cmake_ros: 0.10.0 (/usr/local/MATLAB/R2024b/sys/ros2/glnxa64/ros2/share/ament_cmake_ros/cmake)
-- Found rosidl_typesupport_c: 2.0.0 (/usr/local/MATLAB/R2024b/sys/ros2/glnxa64/ros2/share/rosidl_typesupport_c/cmake)
-- Using all available rosidl_typesupport_c: rosidl_typesupport_fastrtps_c;rosidl_typesupport_introspection_c
-- Found rosidl_adapter: 3.1.4 (/usr/local/MATLAB/R2024b/sys/ros2/glnxa64/ros2/share/rosidl_adapter/cmake)
-- Found rosidl_typesupport_cpp: 2.0.0 (/usr/local/MATLAB/R2024b/sys/ros2/glnxa64/ros2/share/rosidl_typesupport_cpp/cmake)
-- Using all available rosidl_typesupport_cpp: rosidl_typesupport_fastrtps_cpp;rosidl_typesupport_introspection_cpp
-- Found rosidl_default_generators: 1.2.0 (/usr/local/MATLAB/R2024b/sys/ros2/glnxa64/ros2/share/rosidl_default_generators/cmake)
-- Found class_loader: 2.2.0 (/usr/local/MATLAB/R2024b/sys/ros2/glnxa64/ros2/share/class_loader/cmake)
-- Found geometry_msgs: 0.0.0 (/home/j/INCSL/IICC26_ws/matlab_msg_ws/matlab_msg_gen/glnxa64/install/share/geometry_msgs/cmake)
-- Found rclcpp: 16.0.5 (/usr/local/MATLAB/R2024b/sys/ros2/glnxa64/ros2/share/rclcpp/cmake)
-- Found rmw_implementation_cmake: 6.1.1 (/usr/local/MATLAB/R2024b/sys/ros2/glnxa64/ros2/share/rmw_implementation_cmake/cmake)
-- Found rmw_cyclonedds_cpp: 1.3.4 (/usr/local/MATLAB/R2024b/sys/ros2/glnxa64/ros2/share/rmw_cyclonedds_cpp/cmake)
-- Using RMW implementation 'rmw_cyclonedds_cpp' as default
-- Performing Test CMAKE_HAVE_LIBC_PTHREAD
-- Performing Test CMAKE_HAVE_LIBC_PTHREAD - Success
-- Found Threads: TRUE  
-- Using all available rosidl_typesupport_c: rosidl_typesupport_fastrtps_c;rosidl_typesupport_introspection_c
-- Using all available rosidl_typesupport_cpp: rosidl_typesupport_fastrtps_cpp;rosidl_typesupport_introspection_cpp
-- Configuring done
-- Generating done
-- Build files have been written to: /home/j/ardu_ws/src/ardupilot/Tools/ros2/matlab_msg_gen/glnxa64/build/ardupilot_msgs

[0/72] Generating C code for ROS interfaces[K
[0/72] Generating C++ code for ROS interfaces[K
[1/72] Generating C++ code for ROS interfaces[K
[1/72] Generating C++ type support for eProsima Fast-RTPS[K
[1/72] Generating C++ introspection for ROS interfaces[K
[1/72] Generating C++ type support dispatch for ROS interfaces[K
[2/72] Generating C code for ROS interfaces[K
[2/72] Building C object CMakeFiles/ardupilot_msgs__rosidl_generator_c.dir/rosidl_generator_c/ardupilot_msgs/msg/detail/airspeed__functions.c.o[K
[2/72] Building C object CMakeFiles/ardupilot_msgs__rosidl_generator_c.dir/rosidl_generator_c/ardupilot_msgs/msg/detail/global_position__functions.c.o[K
[2/72] Building C object CMakeFiles/ardupilot_msgs__rosidl_generator_c.dir/rosidl_generator_c/ardupilot_msgs/msg/detail/rc__functions.c.o[K
[2/72] Building C object CMakeFiles/ardupilot_msgs__rosidl_generator_c.dir/rosidl_generator_c/ardupilot_msgs/msg/detail/status__functions.c.o[K
[2/72] Building C object CMakeFiles/ardupilot_msgs__rosidl_generator_c.dir/rosidl_generator_c/ardupilot_msgs/srv/detail/arm_motors__functions.c.o[K
[2/72] Building C object CMakeFiles/ardupilot_msgs__rosidl_generator_c.dir/rosidl_generator_c/ardupilot_msgs/srv/detail/mode_switch__functions.c.o[K
[2/72] Building C object CMakeFiles/ardupilot_msgs__rosidl_generator_c.dir/rosidl_generator_c/ardupilot_msgs/srv/detail/takeoff__functions.c.o[K
[3/72] Building C object CMakeFiles/ardupilot_msgs__rosidl_generator_c.dir/rosidl_generator_c/ardupilot_msgs/msg/detail/airspeed__functions.c.o[K
[4/72] Building C object CMakeFiles/ardupilot_msgs__rosidl_generator_c.dir/rosidl_generator_c/ardupilot_msgs/msg/detail/status__functions.c.o[K
[5/72] Building C object CMakeFiles/ardupilot_msgs__rosidl_generator_c.dir/rosidl_generator_c/ardupilot_msgs/msg/detail/rc__functions.c.o[K
[6/72] Building C object CMakeFiles/ardupilot_msgs__rosidl_generator_c.dir/rosidl_generator_c/ardupilot_msgs/srv/detail/arm_motors__functions.c.o[K
[7/72] Building C object CMakeFiles/ardupilot_msgs__rosidl_generator_c.dir/rosidl_generator_c/ardupilot_msgs/msg/detail/global_position__functions.c.o[K
[8/72] Building C object CMakeFiles/ardupilot_msgs__rosidl_generator_c.dir/rosidl_generator_c/ardupilot_msgs/srv/detail/takeoff__functions.c.o[K
[9/72] Building C object CMakeFiles/ardupilot_msgs__rosidl_generator_c.dir/rosidl_generator_c/ardupilot_msgs/srv/detail/mode_switch__functions.c.o[K
[9/72] Linking C shared library libardupilot_msgs__rosidl_generator_c.so[K
[10/72] Linking C shared library libardupilot_msgs__rosidl_generator_c.so[K
[10/72] Generating C type support dispatch for ROS interfaces[K
[10/72] Generating C introspection for ROS interfaces[K
[10/72] Generating C type support for eProsima Fast-RTPS[K
[11/72] Generating C++ type support dispatch for ROS interfaces[K
[11/72] Building CXX object CMakeFiles/ardupilot_msgs__rosidl_typesupport_cpp.dir/rosidl_typesupport_cpp/ardupilot_msgs/msg/airspeed__type_support.cpp.o[K
[11/72] Building CXX object CMakeFiles/ardupilot_msgs__rosidl_typesupport_cpp.dir/rosidl_typesupport_cpp/ardupilot_msgs/msg/global_position__type_support.cpp.o[K
[11/72] Building CXX object CMakeFiles/ardupilot_msgs__rosidl_typesupport_cpp.dir/rosidl_typesupport_cpp/ardupilot_msgs/msg/rc__type_support.cpp.o[K
[11/72] Building CXX object CMakeFiles/ardupilot_msgs__rosidl_typesupport_cpp.dir/rosidl_typesupport_cpp/ardupilot_msgs/msg/status__type_support.cpp.o[K
[11/72] Building CXX object CMakeFiles/ardupilot_msgs__rosidl_typesupport_cpp.dir/rosidl_typesupport_cpp/ardupilot_msgs/srv/arm_motors__type_support.cpp.o[K
[11/72] Building CXX object CMakeFiles/ardupilot_msgs__rosidl_typesupport_cpp.dir/rosidl_typesupport_cpp/ardupilot_msgs/srv/mode_switch__type_support.cpp.o[K
[11/72] Building CXX object CMakeFiles/ardupilot_msgs__rosidl_typesupport_cpp.dir/rosidl_typesupport_cpp/ardupilot_msgs/srv/takeoff__type_support.cpp.o[K
[11/72] Building CXX object CMakeFiles/ardupilot_msgs_matlab.dir/src/ardupilot_msgs_Airspeed_message.cpp.o[K
[11/72] Building CXX object CMakeFiles/ardupilot_msgs_matlab.dir/src/ardupilot_msgs_Status_message.cpp.o[K
[11/72] Building CXX object CMakeFiles/ardupilot_msgs_matlab.dir/src/ardupilot_msgs_ArmMotors_service.cpp.o[K
[11/72] Building CXX object CMakeFiles/ardupilot_msgs_matlab.dir/src/ardupilot_msgs_GlobalPosition_message.cpp.o[K
[11/72] Building CXX object CMakeFiles/ardupilot_msgs_matlab.dir/src/ardupilot_msgs_Rc_message.cpp.o[K
[11/72] Building CXX object CMakeFiles/ardupilot_msgs_matlab.dir/src/ardupilot_msgs_ModeSwitch_service.cpp.o[K
[11/72] Building CXX object CMakeFiles/ardupilot_msgs_matlab.dir/src/ardupilot_msgs_Takeoff_service.cpp.o[K
[12/72] Generating C++ introspection for ROS interfaces[K
[12/72] Building CXX object CMakeFiles/ardupilot_msgs__rosidl_typesupport_introspection_cpp.dir/rosidl_typesupport_introspection_cpp/ardupilot_msgs/msg/detail/airspeed__type_support.cpp.o[K
[12/72] Building CXX object CMakeFiles/ardupilot_msgs__rosidl_typesupport_introspection_cpp.dir/rosidl_typesupport_introspection_cpp/ardupilot_msgs/msg/detail/rc__type_support.cpp.o[K
[13/72] Generating C++ type support for eProsima Fast-RTPS[K
[13/72] Building CXX object CMakeFiles/ardupilot_msgs__rosidl_typesupport_fastrtps_cpp.dir/rosidl_typesupport_fastrtps_cpp/ardupilot_msgs/msg/detail/dds_fastrtps/airspeed__type_support.cpp.o[K
[14/72] Generating C type support dispatch for ROS interfaces[K
[14/72] Building CXX object CMakeFiles/ardupilot_msgs__rosidl_typesupport_c.dir/rosidl_typesupport_c/ardupilot_msgs/msg/airspeed__type_support.cpp.o[K
[15/72] Building CXX object CMakeFiles/ardupilot_msgs__rosidl_typesupport_c.dir/rosidl_typesupport_c/ardupilot_msgs/msg/airspeed__type_support.cpp.o[K
[15/72] Building CXX object CMakeFiles/ardupilot_msgs__rosidl_typesupport_c.dir/rosidl_typesupport_c/ardupilot_msgs/msg/global_position__type_support.cpp.o[K
[16/72] Generating C introspection for ROS interfaces[K
[16/72] Building C object CMakeFiles/ardupilot_msgs__rosidl_typesupport_introspection_c.dir/rosidl_typesupport_introspection_c/ardupilot_msgs/msg/detail/airspeed__type_support.c.o[K
[17/72] Building CXX object CMakeFiles/ardupilot_msgs__rosidl_typesupport_cpp.dir/rosidl_typesupport_cpp/ardupilot_msgs/msg/global_position__type_support.cpp.o[K
[17/72] Building C object CMakeFiles/ardupilot_msgs__rosidl_typesupport_introspection_c.dir/rosidl_typesupport_introspection_c/ardupilot_msgs/msg/detail/global_position__type_support.c.o[K
[18/72] Building CXX object CMakeFiles/ardupilot_msgs__rosidl_typesupport_cpp.dir/rosidl_typesupport_cpp/ardupilot_msgs/srv/mode_switch__type_support.cpp.o[K
[18/72] Building C object CMakeFiles/ardupilot_msgs__rosidl_typesupport_introspection_c.dir/rosidl_typesupport_introspection_c/ardupilot_msgs/msg/detail/rc__type_support.c.o[K
[19/72] Building CXX object CMakeFiles/ardupilot_msgs__rosidl_typesupport_cpp.dir/rosidl_typesupport_cpp/ardupilot_msgs/msg/airspeed__type_support.cpp.o[K
[19/72] Building C object CMakeFiles/ardupilot_msgs__rosidl_typesupport_introspection_c.dir/rosidl_typesupport_introspection_c/ardupilot_msgs/msg/detail/status__type_support.c.o[K
[20/72] Building CXX object CMakeFiles/ardupilot_msgs__rosidl_typesupport_cpp.dir/rosidl_typesupport_cpp/ardupilot_msgs/msg/status__type_support.cpp.o[K
[20/72] Building C object CMakeFiles/ardupilot_msgs__rosidl_typesupport_introspection_c.dir/rosidl_typesupport_introspection_c/ardupilot_msgs/srv/detail/arm_motors__type_support.c.o[K
[21/72] Building CXX object CMakeFiles/ardupilot_msgs__rosidl_typesupport_c.dir/rosidl_typesupport_c/ardupilot_msgs/msg/global_position__type_support.cpp.o[K
[21/72] Building C object CMakeFiles/ardupilot_msgs__rosidl_typesupport_introspection_c.dir/rosidl_typesupport_introspection_c/ardupilot_msgs/srv/detail/mode_switch__type_support.c.o[K
[22/72] Generating C type support for eProsima Fast-RTPS[K
[22/72] Building CXX object CMakeFiles/ardupilot_msgs__rosidl_typesupport_fastrtps_c.dir/rosidl_typesupport_fastrtps_c/ardupilot_msgs/msg/detail/airspeed__type_support_c.cpp.o[K
[23/72] Building CXX object CMakeFiles/ardupilot_msgs__rosidl_typesupport_cpp.dir/rosidl_typesupport_cpp/ardupilot_msgs/srv/takeoff__type_support.cpp.o[K
[23/72] Building CXX object CMakeFiles/ardupilot_msgs__rosidl_typesupport_fastrtps_c.dir/rosidl_typesupport_fastrtps_c/ardupilot_msgs/msg/detail/rc__type_support_c.cpp.o[K
[24/72] Building CXX object CMakeFiles/ardupilot_msgs__rosidl_typesupport_cpp.dir/rosidl_typesupport_cpp/ardupilot_msgs/msg/rc__type_support.cpp.o[K
[24/72] Building CXX object CMakeFiles/ardupilot_msgs__rosidl_typesupport_fastrtps_c.dir/rosidl_typesupport_fastrtps_c/ardupilot_msgs/msg/detail/global_position__type_support_c.cpp.o[K
[25/72] Building CXX object CMakeFiles/ardupilot_msgs__rosidl_typesupport_cpp.dir/rosidl_typesupport_cpp/ardupilot_msgs/srv/arm_motors__type_support.cpp.o[K
[25/72] Building CXX object CMakeFiles/ardupilot_msgs__rosidl_typesupport_fastrtps_c.dir/rosidl_typesupport_fastrtps_c/ardupilot_msgs/msg/detail/status__type_support_c.cpp.o[K
[26/72] Building C object CMakeFiles/ardupilot_msgs__rosidl_typesupport_introspection_c.dir/rosidl_typesupport_introspection_c/ardupilot_msgs/msg/detail/airspeed__type_support.c.o[K
[26/72] Building CXX object CMakeFiles/ardupilot_msgs__rosidl_typesupport_fastrtps_c.dir/rosidl_typesupport_fastrtps_c/ardupilot_msgs/srv/detail/arm_motors__type_support_c.cpp.o[K
[27/72] Building C object CMakeFiles/ardupilot_msgs__rosidl_typesupport_introspection_c.dir/rosidl_typesupport_introspection_c/ardupilot_msgs/msg/detail/global_position__type_support.c.o[K
[27/72] Building CXX object CMakeFiles/ardupilot_msgs__rosidl_typesupport_fastrtps_c.dir/rosidl_typesupport_fastrtps_c/ardupilot_msgs/srv/detail/mode_switch__type_support_c.cpp.o[K
[28/72] Building C object CMakeFiles/ardupilot_msgs__rosidl_typesupport_introspection_c.dir/rosidl_typesupport_introspection_c/ardupilot_msgs/msg/detail/rc__type_support.c.o[K
[28/72] Building CXX object CMakeFiles/ardupilot_msgs__rosidl_typesupport_fastrtps_c.dir/rosidl_typesupport_fastrtps_c/ardupilot_msgs/srv/detail/takeoff__type_support_c.cpp.o[K
[29/72] Building C object CMakeFiles/ardupilot_msgs__rosidl_typesupport_introspection_c.dir/rosidl_typesupport_introspection_c/ardupilot_msgs/srv/detail/arm_motors__type_support.c.o[K
[29/72] Building C object CMakeFiles/ardupilot_msgs__rosidl_typesupport_introspection_c.dir/rosidl_typesupport_introspection_c/ardupilot_msgs/srv/detail/takeoff__type_support.c.o[K
[30/72] Building C object CMakeFiles/ardupilot_msgs__rosidl_typesupport_introspection_c.dir/rosidl_typesupport_introspection_c/ardupilot_msgs/srv/detail/mode_switch__type_support.c.o[K
[30/72] Building CXX object CMakeFiles/ardupilot_msgs__rosidl_typesupport_c.dir/rosidl_typesupport_c/ardupilot_msgs/msg/rc__type_support.cpp.o[K
[31/72] Building C object CMakeFiles/ardupilot_msgs__rosidl_typesupport_introspection_c.dir/rosidl_typesupport_introspection_c/ardupilot_msgs/msg/detail/status__type_support.c.o[K
[31/72] Building CXX object CMakeFiles/ardupilot_msgs__rosidl_typesupport_c.dir/rosidl_typesupport_c/ardupilot_msgs/msg/status__type_support.cpp.o[K
[32/72] Building CXX object CMakeFiles/ardupilot_msgs__rosidl_typesupport_c.dir/rosidl_typesupport_c/ardupilot_msgs/msg/rc__type_support.cpp.o[K
[32/72] Building CXX object CMakeFiles/ardupilot_msgs__rosidl_typesupport_c.dir/rosidl_typesupport_c/ardupilot_msgs/srv/arm_motors__type_support.cpp.o[K
[33/72] Building C object CMakeFiles/ardupilot_msgs__rosidl_typesupport_introspection_c.dir/rosidl_typesupport_introspection_c/ardupilot_msgs/srv/detail/takeoff__type_support.c.o[K
[33/72] Linking C shared library libardupilot_msgs__rosidl_typesupport_introspection_c.so[K
[34/72] Building CXX object CMakeFiles/ardupilot_msgs__rosidl_typesupport_c.dir/rosidl_typesupport_c/ardupilot_msgs/msg/status__type_support.cpp.o[K
[34/72] Building CXX object CMakeFiles/ardupilot_msgs__rosidl_typesupport_c.dir/rosidl_typesupport_c/ardupilot_msgs/srv/mode_switch__type_support.cpp.o[K
[35/72] Linking C shared library libardupilot_msgs__rosidl_typesupport_introspection_c.so[K
[35/72] Building CXX object CMakeFiles/ardupilot_msgs__rosidl_typesupport_c.dir/rosidl_typesupport_c/ardupilot_msgs/srv/takeoff__type_support.cpp.o[K
[36/72] Building CXX object CMakeFiles/ardupilot_msgs__rosidl_typesupport_c.dir/rosidl_typesupport_c/ardupilot_msgs/srv/arm_motors__type_support.cpp.o[K
[36/72] Building CXX object CMakeFiles/ardupilot_msgs__rosidl_typesupport_fastrtps_cpp.dir/rosidl_typesupport_fastrtps_cpp/ardupilot_msgs/msg/detail/dds_fastrtps/rc__type_support.cpp.o[K
[37/72] Building CXX object CMakeFiles/ardupilot_msgs__rosidl_typesupport_c.dir/rosidl_typesupport_c/ardupilot_msgs/srv/mode_switch__type_support.cpp.o[K
[37/72] Building CXX object CMakeFiles/ardupilot_msgs__rosidl_typesupport_fastrtps_cpp.dir/rosidl_typesupport_fastrtps_cpp/ardupilot_msgs/msg/detail/dds_fastrtps/global_position__type_support.cpp.o[K
[38/72] Building CXX object CMakeFiles/ardupilot_msgs__rosidl_typesupport_c.dir/rosidl_typesupport_c/ardupilot_msgs/srv/takeoff__type_support.cpp.o[K
[38/72] Linking CXX shared library libardupilot_msgs__rosidl_typesupport_c.so[K
[39/72] Building CXX object CMakeFiles/ardupilot_msgs__rosidl_typesupport_fastrtps_cpp.dir/rosidl_typesupport_fastrtps_cpp/ardupilot_msgs/msg/detail/dds_fastrtps/airspeed__type_support.cpp.o[K
[39/72] Building CXX object CMakeFiles/ardupilot_msgs__rosidl_typesupport_fastrtps_cpp.dir/rosidl_typesupport_fastrtps_cpp/ardupilot_msgs/msg/detail/dds_fastrtps/status__type_support.cpp.o[K
[40/72] Building CXX object CMakeFiles/ardupilot_msgs__rosidl_typesupport_introspection_cpp.dir/rosidl_typesupport_introspection_cpp/ardupilot_msgs/msg/detail/airspeed__type_support.cpp.o[K
[40/72] Building CXX object CMakeFiles/ardupilot_msgs__rosidl_typesupport_fastrtps_cpp.dir/rosidl_typesupport_fastrtps_cpp/ardupilot_msgs/srv/detail/dds_fastrtps/arm_motors__type_support.cpp.o[K
[41/72] Linking CXX shared library libardupilot_msgs__rosidl_typesupport_c.so[K
[41/72] Building CXX object CMakeFiles/ardupilot_msgs__rosidl_typesupport_fastrtps_cpp.dir/rosidl_typesupport_fastrtps_cpp/ardupilot_msgs/srv/detail/dds_fastrtps/mode_switch__type_support.cpp.o[K
[42/72] Building CXX object CMakeFiles/ardupilot_msgs__rosidl_typesupport_introspection_cpp.dir/rosidl_typesupport_introspection_cpp/ardupilot_msgs/msg/detail/rc__type_support.cpp.o[K
[42/72] Building CXX object CMakeFiles/ardupilot_msgs__rosidl_typesupport_fastrtps_cpp.dir/rosidl_typesupport_fastrtps_cpp/ardupilot_msgs/srv/detail/dds_fastrtps/takeoff__type_support.cpp.o[K
[43/72] Building CXX object CMakeFiles/ardupilot_msgs__rosidl_typesupport_fastrtps_c.dir/rosidl_typesupport_fastrtps_c/ardupilot_msgs/msg/detail/global_position__type_support_c.cpp.o[K
[43/72] Building CXX object CMakeFiles/ardupilot_msgs__rosidl_typesupport_introspection_cpp.dir/rosidl_typesupport_introspection_cpp/ardupilot_msgs/msg/detail/global_position__type_support.cpp.o[K
[44/72] Building CXX object CMakeFiles/ardupilot_msgs__rosidl_typesupport_fastrtps_c.dir/rosidl_typesupport_fastrtps_c/ardupilot_msgs/srv/detail/mode_switch__type_support_c.cpp.o[K
[44/72] Building CXX object CMakeFiles/ardupilot_msgs__rosidl_typesupport_introspection_cpp.dir/rosidl_typesupport_introspection_cpp/ardupilot_msgs/msg/detail/status__type_support.cpp.o[K
[45/72] Building CXX object CMakeFiles/ardupilot_msgs__rosidl_typesupport_fastrtps_c.dir/rosidl_typesupport_fastrtps_c/ardupilot_msgs/msg/detail/status__type_support_c.cpp.o[K
[45/72] Building CXX object CMakeFiles/ardupilot_msgs__rosidl_typesupport_introspection_cpp.dir/rosidl_typesupport_introspection_cpp/ardupilot_msgs/srv/detail/arm_motors__type_support.cpp.o[K
[46/72] Building CXX object CMakeFiles/ardupilot_msgs__rosidl_typesupport_fastrtps_c.dir/rosidl_typesupport_fastrtps_c/ardupilot_msgs/srv/detail/takeoff__type_support_c.cpp.o[K
[46/72] Building CXX object CMakeFiles/ardupilot_msgs__rosidl_typesupport_introspection_cpp.dir/rosidl_typesupport_introspection_cpp/ardupilot_msgs/srv/detail/takeoff__type_support.cpp.o[K
[47/72] Building CXX object CMakeFiles/ardupilot_msgs__rosidl_typesupport_fastrtps_c.dir/rosidl_typesupport_fastrtps_c/ardupilot_msgs/msg/detail/airspeed__type_support_c.cpp.o[K
[47/72] Building CXX object CMakeFiles/ardupilot_msgs__rosidl_typesupport_introspection_cpp.dir/rosidl_typesupport_introspection_cpp/ardupilot_msgs/srv/detail/mode_switch__type_support.cpp.o[K
[48/72] Building CXX object CMakeFiles/ardupilot_msgs__rosidl_typesupport_fastrtps_c.dir/rosidl_typesupport_fastrtps_c/ardupilot_msgs/srv/detail/arm_motors__type_support_c.cpp.o[K
[48/72] Linking CXX shared library libardupilot_msgs__rosidl_typesupport_cpp.so[K
[49/72] Building CXX object CMakeFiles/ardupilot_msgs__rosidl_typesupport_fastrtps_c.dir/rosidl_typesupport_fastrtps_c/ardupilot_msgs/msg/detail/rc__type_support_c.cpp.o[K
[49/72] Linking CXX shared library libardupilot_msgs__rosidl_typesupport_fastrtps_c.so[K
[50/72] Linking CXX shared library libardupilot_msgs__rosidl_typesupport_fastrtps_c.so[K
[51/72] Linking CXX shared library libardupilot_msgs__rosidl_typesupport_cpp.so[K
[52/72] Building CXX object CMakeFiles/ardupilot_msgs__rosidl_typesupport_fastrtps_cpp.dir/rosidl_typesupport_fastrtps_cpp/ardupilot_msgs/msg/detail/dds_fastrtps/global_position__type_support.cpp.o[K
[53/72] Building CXX object CMakeFiles/ardupilot_msgs__rosidl_typesupport_fastrtps_cpp.dir/rosidl_typesupport_fastrtps_cpp/ardupilot_msgs/msg/detail/dds_fastrtps/status__type_support.cpp.o[K
[54/72] Building CXX object CMakeFiles/ardupilot_msgs__rosidl_typesupport_fastrtps_cpp.dir/rosidl_typesupport_fastrtps_cpp/ardupilot_msgs/srv/detail/dds_fastrtps/arm_motors__type_support.cpp.o[K
[55/72] Building CXX object CMakeFiles/ardupilot_msgs__rosidl_typesupport_fastrtps_cpp.dir/rosidl_typesupport_fastrtps_cpp/ardupilot_msgs/srv/detail/dds_fastrtps/takeoff__type_support.cpp.o[K
[56/72] Building CXX object CMakeFiles/ardupilot_msgs__rosidl_typesupport_introspection_cpp.dir/rosidl_typesupport_introspection_cpp/ardupilot_msgs/msg/detail/global_position__type_support.cpp.o[K
[57/72] Building CXX object CMakeFiles/ardupilot_msgs__rosidl_typesupport_fastrtps_cpp.dir/rosidl_typesupport_fastrtps_cpp/ardupilot_msgs/msg/detail/dds_fastrtps/rc__type_support.cpp.o[K
[58/72] Building CXX object CMakeFiles/ardupilot_msgs__rosidl_typesupport_introspection_cpp.dir/rosidl_typesupport_introspection_cpp/ardupilot_msgs/srv/detail/arm_motors__type_support.cpp.o[K
[59/72] Building CXX object CMakeFiles/ardupilot_msgs__rosidl_typesupport_fastrtps_cpp.dir/rosidl_typesupport_fastrtps_cpp/ardupilot_msgs/srv/detail/dds_fastrtps/mode_switch__type_support.cpp.o[K
[59/72] Linking CXX shared library libardupilot_msgs__rosidl_typesupport_fastrtps_cpp.so[K
[60/72] Building CXX object CMakeFiles/ardupilot_msgs__rosidl_typesupport_introspection_cpp.dir/rosidl_typesupport_introspection_cpp/ardupilot_msgs/srv/detail/takeoff__type_support.cpp.o[K
[61/72] Linking CXX shared library libardupilot_msgs__rosidl_typesupport_fastrtps_cpp.so[K
[62/72] Building CXX object CMakeFiles/ardupilot_msgs__rosidl_typesupport_introspection_cpp.dir/rosidl_typesupport_introspection_cpp/ardupilot_msgs/msg/detail/status__type_support.cpp.o[K
[63/72] Building CXX object CMakeFiles/ardupilot_msgs__rosidl_typesupport_introspection_cpp.dir/rosidl_typesupport_introspection_cpp/ardupilot_msgs/srv/detail/mode_switch__type_support.cpp.o[K
[63/72] Linking CXX shared library libardupilot_msgs__rosidl_typesupport_introspection_cpp.so[K
[64/72] Linking CXX shared library libardupilot_msgs__rosidl_typesupport_introspection_cpp.so[K
[65/72] Building CXX object CMakeFiles/ardupilot_msgs_matlab.dir/src/ardupilot_msgs_Airspeed_message.cpp.o[K
[66/72] Building CXX object CMakeFiles/ardupilot_msgs_matlab.dir/src/ardupilot_msgs_Status_message.cpp.o[K
[67/72] Building CXX object CMakeFiles/ardupilot_msgs_matlab.dir/src/ardupilot_msgs_Rc_message.cpp.o[K
[68/72] Building CXX object CMakeFiles/ardupilot_msgs_matlab.dir/src/ardupilot_msgs_GlobalPosition_message.cpp.o[K
[69/72] Building CXX object CMakeFiles/ardupilot_msgs_matlab.dir/src/ardupilot_msgs_Takeoff_service.cpp.o[K
[70/72] Building CXX object CMakeFiles/ardupilot_msgs_matlab.dir/src/ardupilot_msgs_ModeSwitch_service.cpp.o[K
[71/72] Building CXX object CMakeFiles/ardupilot_msgs_matlab.dir/src/ardupilot_msgs_ArmMotors_service.cpp.o[K
[71/72] Linking CXX shared library libardupilot_msgs_matlab.so[K
[72/72] Linking CXX shared library libardupilot_msgs_matlab.so[K
-- Install configuration: "Release"
-- Installing: /home/j/ardu_ws/src/ardupilot/Tools/ros2/matlab_msg_gen/glnxa64/install/share/ament_index/resource_index/rosidl_interfaces/ardupilot_msgs
-- Installing: /home/j/ardu_ws/src/ardupilot/Tools/ros2/matlab_msg_gen/glnxa64/install/include/ardupilot_msgs/ardupilot_msgs
-- Installing: /home/j/ardu_ws/src/ardupilot/Tools/ros2/matlab_msg_gen/glnxa64/install/include/ardupilot_msgs/ardupilot_msgs/srv
-- Installing: /home/j/ardu_ws/src/ardupilot/Tools/ros2/matlab_msg_gen/glnxa64/install/include/ardupilot_msgs/ardupilot_msgs/srv/mode_switch.h
-- Installing: /home/j/ardu_ws/src/ardupilot/Tools/ros2/matlab_msg_gen/glnxa64/install/include/ardupilot_msgs/ardupilot_msgs/srv/arm_motors.h
-- Installing: /home/j/ardu_ws/src/ardupilot/Tools/ros2/matlab_msg_gen/glnxa64/install/include/ardupilot_msgs/ardupilot_msgs/srv/takeoff.h
-- Installing: /home/j/ardu_ws/src/ardupilot/Tools/ros2/matlab_msg_gen/glnxa64/install/include/ardupilot_msgs/ardupilot_msgs/srv/detail
-- Installing: /home/j/ardu_ws/src/ardupilot/Tools/ros2/matlab_msg_gen/glnxa64/install/include/ardupilot_msgs/ardupilot_msgs/srv/detail/mode_switch__struct.h
-- Installing: /home/j/ardu_ws/src/ardupilot/Tools/ros2/matlab_msg_gen/glnxa64/install/include/ardupilot_msgs/ardupilot_msgs/srv/detail/mode_switch__functions.h
-- Installing: /home/j/ardu_ws/src/ardupilot/Tools/ros2/matlab_msg_gen/glnxa64/install/include/ardupilot_msgs/ardupilot_msgs/srv/detail/arm_motors__functions.h
-- Installing: /home/j/ardu_ws/src/ardupilot/Tools/ros2/matlab_msg_gen/glnxa64/install/include/ardupilot_msgs/ardupilot_msgs/srv/detail/takeoff__functions.h
-- Installing: /home/j/ardu_ws/src/ardupilot/Tools/ros2/matlab_msg_gen/glnxa64/install/include/ardupilot_msgs/ardupilot_msgs/srv/detail/mode_switch__functions.c
-- Installing: /home/j/ardu_ws/src/ardupilot/Tools/ros2/matlab_msg_gen/glnxa64/install/include/ardupilot_msgs/ardupilot_msgs/srv/detail/arm_motors__functions.c
-- Installing: /home/j/ardu_ws/src/ardupilot/Tools/ros2/matlab_msg_gen/glnxa64/install/include/ardupilot_msgs/ardupilot_msgs/srv/detail/takeoff__type_support.h
-- Installing: /home/j/ardu_ws/src/ardupilot/Tools/ros2/matlab_msg_gen/glnxa64/install/include/ardupilot_msgs/ardupilot_msgs/srv/detail/takeoff__struct.h
-- Installing: /home/j/ardu_ws/src/ardupilot/Tools/ros2/matlab_msg_gen/glnxa64/install/include/ardupilot_msgs/ardupilot_msgs/srv/detail/arm_motors__type_support.h
-- Installing: /home/j/ardu_ws/src/ardupilot/Tools/ros2/matlab_msg_gen/glnxa64/install/include/ardupilot_msgs/ardupilot_msgs/srv/detail/arm_motors__struct.h
-- Installing: /home/j/ardu_ws/src/ardupilot/Tools/ros2/matlab_msg_gen/glnxa64/install/include/ardupilot_msgs/ardupilot_msgs/srv/detail/mode_switch__type_support.h
-- Installing: /home/j/ardu_ws/src/ardupilot/Tools/ros2/matlab_msg_gen/glnxa64/install/include/ardupilot_msgs/ardupilot_msgs/srv/detail/takeoff__functions.c
-- Installing: /home/j/ardu_ws/src/ardupilot/Tools/ros2/matlab_msg_gen/glnxa64/install/include/ardupilot_msgs/ardupilot_msgs/msg
-- Installing: /home/j/ardu_ws/src/ardupilot/Tools/ros2/matlab_msg_gen/glnxa64/install/include/ardupilot_msgs/ardupilot_msgs/msg/rosidl_generator_c__visibility_control.h
-- Installing: /home/j/ardu_ws/src/ardupilot/Tools/ros2/matlab_msg_gen/glnxa64/install/include/ardupilot_msgs/ardupilot_msgs/msg/global_position.h
-- Installing: /home/j/ardu_ws/src/ardupilot/Tools/ros2/matlab_msg_gen/glnxa64/install/include/ardupilot_msgs/ardupilot_msgs/msg/detail
-- Installing: /home/j/ardu_ws/src/ardupilot/Tools/ros2/matlab_msg_gen/glnxa64/install/include/ardupilot_msgs/ardupilot_msgs/msg/detail/airspeed__type_support.h
-- Installing: /home/j/ardu_ws/src/ardupilot/Tools/ros2/matlab_msg_gen/glnxa64/install/include/ardupilot_msgs/ardupilot_msgs/msg/detail/global_position__functions.h
-- Installing: /home/j/ardu_ws/src/ardupilot/Tools/ros2/matlab_msg_gen/glnxa64/install/include/ardupilot_msgs/ardupilot_msgs/msg/detail/airspeed__functions.h
-- Installing: /home/j/ardu_ws/src/ardupilot/Tools/ros2/matlab_msg_gen/glnxa64/install/include/ardupilot_msgs/ardupilot_msgs/msg/detail/global_position__struct.h
-- Installing: /home/j/ardu_ws/src/ardupilot/Tools/ros2/matlab_msg_gen/glnxa64/install/include/ardupilot_msgs/ardupilot_msgs/msg/detail/rc__type_support.h
-- Installing: /home/j/ardu_ws/src/ardupilot/Tools/ros2/matlab_msg_gen/glnxa64/install/include/ardupilot_msgs/ardupilot_msgs/msg/detail/status__functions.h
-- Installing: /home/j/ardu_ws/src/ardupilot/Tools/ros2/matlab_msg_gen/glnxa64/install/include/ardupilot_msgs/ardupilot_msgs/msg/detail/status__functions.c
-- Installing: /home/j/ardu_ws/src/ardupilot/Tools/ros2/matlab_msg_gen/glnxa64/install/include/ardupilot_msgs/ardupilot_msgs/msg/detail/global_position__type_support.h
-- Installing: /home/j/ardu_ws/src/ardupilot/Tools/ros2/matlab_msg_gen/glnxa64/install/include/ardupilot_msgs/ardupilot_msgs/msg/detail/airspeed__struct.h
-- Installing: /home/j/ardu_ws/src/ardupilot/Tools/ros2/matlab_msg_gen/glnxa64/install/include/ardupilot_msgs/ardupilot_msgs/msg/detail/rc__functions.c
-- Installing: /home/j/ardu_ws/src/ardupilot/Tools/ros2/matlab_msg_gen/glnxa64/install/include/ardupilot_msgs/ardupilot_msgs/msg/detail/status__struct.h
-- Installing: /home/j/ardu_ws/src/ardupilot/Tools/ros2/matlab_msg_gen/glnxa64/install/include/ardupilot_msgs/ardupilot_msgs/msg/detail/rc__functions.h
-- Installing: /home/j/ardu_ws/src/ardupilot/Tools/ros2/matlab_msg_gen/glnxa64/install/include/ardupilot_msgs/ardupilot_msgs/msg/detail/status__type_support.h
-- Installing: /home/j/ardu_ws/src/ardupilot/Tools/ros2/matlab_msg_gen/glnxa64/install/include/ardupilot_msgs/ardupilot_msgs/msg/detail/global_position__functions.c
-- Installing: /home/j/ardu_ws/src/ardupilot/Tools/ros2/matlab_msg_gen/glnxa64/install/include/ardupilot_msgs/ardupilot_msgs/msg/detail/rc__struct.h
-- Installing: /home/j/ardu_ws/src/ardupilot/Tools/ros2/matlab_msg_gen/glnxa64/install/include/ardupilot_msgs/ardupilot_msgs/msg/detail/airspeed__functions.c
-- Installing: /home/j/ardu_ws/src/ardupilot/Tools/ros2/matlab_msg_gen/glnxa64/install/include/ardupilot_msgs/ardupilot_msgs/msg/airspeed.h
-- Installing: /home/j/ardu_ws/src/ardupilot/Tools/ros2/matlab_msg_gen/glnxa64/install/include/ardupilot_msgs/ardupilot_msgs/msg/rc.h
-- Installing: /home/j/ardu_ws/src/ardupilot/Tools/ros2/matlab_msg_gen/glnxa64/install/include/ardupilot_msgs/ardupilot_msgs/msg/status.h
-- Installing: /home/j/ardu_ws/src/ardupilot/Tools/ros2/matlab_msg_gen/glnxa64/install/share/ardupilot_msgs/environment/library_path.sh
-- Installing: /home/j/ardu_ws/src/ardupilot/Tools/ros2/matlab_msg_gen/glnxa64/install/share/ardupilot_msgs/environment/library_path.dsv
-- Installing: /home/j/ardu_ws/src/ardupilot/Tools/ros2/matlab_msg_gen/glnxa64/install/lib/libardupilot_msgs__rosidl_generator_c.so
-- Up-to-date: /home/j/ardu_ws/src/ardupilot/Tools/ros2/matlab_msg_gen/glnxa64/install/include/ardupilot_msgs/ardupilot_msgs
-- Up-to-date: /home/j/ardu_ws/src/ardupilot/Tools/ros2/matlab_msg_gen/glnxa64/install/include/ardupilot_msgs/ardupilot_msgs/srv
-- Up-to-date: /home/j/ardu_ws/src/ardupilot/Tools/ros2/matlab_msg_gen/glnxa64/install/include/ardupilot_msgs/ardupilot_msgs/srv/detail
-- Installing: /home/j/ardu_ws/src/ardupilot/Tools/ros2/matlab_msg_gen/glnxa64/install/include/ardupilot_msgs/ardupilot_msgs/srv/detail/arm_motors__rosidl_typesupport_fastrtps_c.h
-- Installing: /home/j/ardu_ws/src/ardupilot/Tools/ros2/matlab_msg_gen/glnxa64/install/include/ardupilot_msgs/ardupilot_msgs/srv/detail/mode_switch__rosidl_typesupport_fastrtps_c.h
-- Installing: /home/j/ardu_ws/src/ardupilot/Tools/ros2/matlab_msg_gen/glnxa64/install/include/ardupilot_msgs/ardupilot_msgs/srv/detail/takeoff__rosidl_typesupport_fastrtps_c.h
-- Up-to-date: /home/j/ardu_ws/src/ardupilot/Tools/ros2/matlab_msg_gen/glnxa64/install/include/ardupilot_msgs/ardupilot_msgs/msg
-- Up-to-date: /home/j/ardu_ws/src/ardupilot/Tools/ros2/matlab_msg_gen/glnxa64/install/include/ardupilot_msgs/ardupilot_msgs/msg/detail
-- Installing: /home/j/ardu_ws/src/ardupilot/Tools/ros2/matlab_msg_gen/glnxa64/install/include/ardupilot_msgs/ardupilot_msgs/msg/detail/airspeed__rosidl_typesupport_fastrtps_c.h
-- Installing: /home/j/ardu_ws/src/ardupilot/Tools/ros2/matlab_msg_gen/glnxa64/install/include/ardupilot_msgs/ardupilot_msgs/msg/detail/status__rosidl_typesupport_fastrtps_c.h
-- Installing: /home/j/ardu_ws/src/ardupilot/Tools/ros2/matlab_msg_gen/glnxa64/install/include/ardupilot_msgs/ardupilot_msgs/msg/detail/global_position__rosidl_typesupport_fastrtps_c.h
-- Installing: /home/j/ardu_ws/src/ardupilot/Tools/ros2/matlab_msg_gen/glnxa64/install/include/ardupilot_msgs/ardupilot_msgs/msg/detail/rc__rosidl_typesupport_fastrtps_c.h
-- Installing: /home/j/ardu_ws/src/ardupilot/Tools/ros2/matlab_msg_gen/glnxa64/install/include/ardupilot_msgs/ardupilot_msgs/msg/rosidl_typesupport_fastrtps_c__visibility_control.h
-- Installing: /home/j/ardu_ws/src/ardupilot/Tools/ros2/matlab_msg_gen/glnxa64/install/lib/libardupilot_msgs__rosidl_typesupport_fastrtps_c.so
-- Up-to-date: /home/j/ardu_ws/src/ardupilot/Tools/ros2/matlab_msg_gen/glnxa64/install/include/ardupilot_msgs/ardupilot_msgs
-- Up-to-date: /home/j/ardu_ws/src/ardupilot/Tools/ros2/matlab_msg_gen/glnxa64/install/include/ardupilot_msgs/ardupilot_msgs/srv
-- Up-to-date: /home/j/ardu_ws/src/ardupilot/Tools/ros2/matlab_msg_gen/glnxa64/install/include/ardupilot_msgs/ardupilot_msgs/srv/detail
-- Installing: /home/j/ardu_ws/src/ardupilot/Tools/ros2/matlab_msg_gen/glnxa64/install/include/ardupilot_msgs/ardupilot_msgs/srv/detail/takeoff__rosidl_typesupport_introspection_c.h
-- Installing: /home/j/ardu_ws/src/ardupilot/Tools/ros2/matlab_msg_gen/glnxa64/install/include/ardupilot_msgs/ardupilot_msgs/srv/detail/arm_motors__type_support.c
-- Installing: /home/j/ardu_ws/src/ardupilot/Tools/ros2/matlab_msg_gen/glnxa64/install/include/ardupilot_msgs/ardupilot_msgs/srv/detail/arm_motors__rosidl_typesupport_introspection_c.h
-- Installing: /home/j/ardu_ws/src/ardupilot/Tools/ros2/matlab_msg_gen/glnxa64/install/include/ardupilot_msgs/ardupilot_msgs/srv/detail/mode_switch__rosidl_typesupport_introspection_c.h
-- Installing: /home/j/ardu_ws/src/ardupilot/Tools/ros2/matlab_msg_gen/glnxa64/install/include/ardupilot_msgs/ardupilot_msgs/srv/detail/mode_switch__type_support.c
-- Installing: /home/j/ardu_ws/src/ardupilot/Tools/ros2/matlab_msg_gen/glnxa64/install/include/ardupilot_msgs/ardupilot_msgs/srv/detail/takeoff__type_support.c
-- Up-to-date: /home/j/ardu_ws/src/ardupilot/Tools/ros2/matlab_msg_gen/glnxa64/install/include/ardupilot_msgs/ardupilot_msgs/msg
-- Installing: /home/j/ardu_ws/src/ardupilot/Tools/ros2/matlab_msg_gen/glnxa64/install/include/ardupilot_msgs/ardupilot_msgs/msg/rosidl_typesupport_introspection_c__visibility_control.h
-- Up-to-date: /home/j/ardu_ws/src/ardupilot/Tools/ros2/matlab_msg_gen/glnxa64/install/include/ardupilot_msgs/ardupilot_msgs/msg/detail
-- Installing: /home/j/ardu_ws/src/ardupilot/Tools/ros2/matlab_msg_gen/glnxa64/install/include/ardupilot_msgs/ardupilot_msgs/msg/detail/global_position__type_support.c
-- Installing: /home/j/ardu_ws/src/ardupilot/Tools/ros2/matlab_msg_gen/glnxa64/install/include/ardupilot_msgs/ardupilot_msgs/msg/detail/status__type_support.c
-- Installing: /home/j/ardu_ws/src/ardupilot/Tools/ros2/matlab_msg_gen/glnxa64/install/include/ardupilot_msgs/ardupilot_msgs/msg/detail/rc__rosidl_typesupport_introspection_c.h
-- Installing: /home/j/ardu_ws/src/ardupilot/Tools/ros2/matlab_msg_gen/glnxa64/install/include/ardupilot_msgs/ardupilot_msgs/msg/detail/airspeed__rosidl_typesupport_introspection_c.h
-- Installing: /home/j/ardu_ws/src/ardupilot/Tools/ros2/matlab_msg_gen/glnxa64/install/include/ardupilot_msgs/ardupilot_msgs/msg/detail/rc__type_support.c
-- Installing: /home/j/ardu_ws/src/ardupilot/Tools/ros2/matlab_msg_gen/glnxa64/install/include/ardupilot_msgs/ardupilot_msgs/msg/detail/status__rosidl_typesupport_introspection_c.h
-- Installing: /home/j/ardu_ws/src/ardupilot/Tools/ros2/matlab_msg_gen/glnxa64/install/include/ardupilot_msgs/ardupilot_msgs/msg/detail/global_position__rosidl_typesupport_introspection_c.h
-- Installing: /home/j/ardu_ws/src/ardupilot/Tools/ros2/matlab_msg_gen/glnxa64/install/include/ardupilot_msgs/ardupilot_msgs/msg/detail/airspeed__type_support.c
-- Installing: /home/j/ardu_ws/src/ardupilot/Tools/ros2/matlab_msg_gen/glnxa64/install/lib/libardupilot_msgs__rosidl_typesupport_introspection_c.so
-- Installing: /home/j/ardu_ws/src/ardupilot/Tools/ros2/matlab_msg_gen/glnxa64/install/lib/libardupilot_msgs__rosidl_typesupport_c.so
-- Up-to-date: /home/j/ardu_ws/src/ardupilot/Tools/ros2/matlab_msg_gen/glnxa64/install/include/ardupilot_msgs/ardupilot_msgs
-- Up-to-date: /home/j/ardu_ws/src/ardupilot/Tools/ros2/matlab_msg_gen/glnxa64/install/include/ardupilot_msgs/ardupilot_msgs/srv
-- Installing: /home/j/ardu_ws/src/ardupilot/Tools/ros2/matlab_msg_gen/glnxa64/install/include/ardupilot_msgs/ardupilot_msgs/srv/mode_switch.hpp
-- Up-to-date: /home/j/ardu_ws/src/ardupilot/Tools/ros2/matlab_msg_gen/glnxa64/install/include/ardupilot_msgs/ardupilot_msgs/srv/detail
-- Installing: /home/j/ardu_ws/src/ardupilot/Tools/ros2/matlab_msg_gen/glnxa64/install/include/ardupilot_msgs/ardupilot_msgs/srv/detail/takeoff__traits.hpp
-- Installing: /home/j/ardu_ws/src/ardupilot/Tools/ros2/matlab_msg_gen/glnxa64/install/include/ardupilot_msgs/ardupilot_msgs/srv/detail/mode_switch__builder.hpp
-- Installing: /home/j/ardu_ws/src/ardupilot/Tools/ros2/matlab_msg_gen/glnxa64/install/include/ardupilot_msgs/ardupilot_msgs/srv/detail/takeoff__struct.hpp
-- Installing: /home/j/ardu_ws/src/ardupilot/Tools/ros2/matlab_msg_gen/glnxa64/install/include/ardupilot_msgs/ardupilot_msgs/srv/detail/mode_switch__traits.hpp
-- Installing: /home/j/ardu_ws/src/ardupilot/Tools/ros2/matlab_msg_gen/glnxa64/install/include/ardupilot_msgs/ardupilot_msgs/srv/detail/takeoff__builder.hpp
-- Installing: /home/j/ardu_ws/src/ardupilot/Tools/ros2/matlab_msg_gen/glnxa64/install/include/ardupilot_msgs/ardupilot_msgs/srv/detail/arm_motors__traits.hpp
-- Installing: /home/j/ardu_ws/src/ardupilot/Tools/ros2/matlab_msg_gen/glnxa64/install/include/ardupilot_msgs/ardupilot_msgs/srv/detail/arm_motors__builder.hpp
-- Installing: /home/j/ardu_ws/src/ardupilot/Tools/ros2/matlab_msg_gen/glnxa64/install/include/ardupilot_msgs/ardupilot_msgs/srv/detail/arm_motors__struct.hpp
-- Installing: /home/j/ardu_ws/src/ardupilot/Tools/ros2/matlab_msg_gen/glnxa64/install/include/ardupilot_msgs/ardupilot_msgs/srv/detail/mode_switch__struct.hpp
-- Installing: /home/j/ardu_ws/src/ardupilot/Tools/ros2/matlab_msg_gen/glnxa64/install/include/ardupilot_msgs/ardupilot_msgs/srv/arm_motors.hpp
-- Installing: /home/j/ardu_ws/src/ardupilot/Tools/ros2/matlab_msg_gen/glnxa64/install/include/ardupilot_msgs/ardupilot_msgs/srv/takeoff.hpp
-- Up-to-date: /home/j/ardu_ws/src/ardupilot/Tools/ros2/matlab_msg_gen/glnxa64/install/include/ardupilot_msgs/ardupilot_msgs/msg
-- Installing: /home/j/ardu_ws/src/ardupilot/Tools/ros2/matlab_msg_gen/glnxa64/install/include/ardupilot_msgs/ardupilot_msgs/msg/global_position.hpp
-- Installing: /home/j/ardu_ws/src/ardupilot/Tools/ros2/matlab_msg_gen/glnxa64/install/include/ardupilot_msgs/ardupilot_msgs/msg/rc.hpp
-- Installing: /home/j/ardu_ws/src/ardupilot/Tools/ros2/matlab_msg_gen/glnxa64/install/include/ardupilot_msgs/ardupilot_msgs/msg/airspeed.hpp
-- Up-to-date: /home/j/ardu_ws/src/ardupilot/Tools/ros2/matlab_msg_gen/glnxa64/install/include/ardupilot_msgs/ardupilot_msgs/msg/detail
-- Installing: /home/j/ardu_ws/src/ardupilot/Tools/ros2/matlab_msg_gen/glnxa64/install/include/ardupilot_msgs/ardupilot_msgs/msg/detail/airspeed__builder.hpp
-- Installing: /home/j/ardu_ws/src/ardupilot/Tools/ros2/matlab_msg_gen/glnxa64/install/include/ardupilot_msgs/ardupilot_msgs/msg/detail/status__traits.hpp
-- Installing: /home/j/ardu_ws/src/ardupilot/Tools/ros2/matlab_msg_gen/glnxa64/install/include/ardupilot_msgs/ardupilot_msgs/msg/detail/status__builder.hpp
-- Installing: /home/j/ardu_ws/src/ardupilot/Tools/ros2/matlab_msg_gen/glnxa64/install/include/ardupilot_msgs/ardupilot_msgs/msg/detail/rc__traits.hpp
-- Installing: /home/j/ardu_ws/src/ardupilot/Tools/ros2/matlab_msg_gen/glnxa64/install/include/ardupilot_msgs/ardupilot_msgs/msg/detail/airspeed__traits.hpp
-- Installing: /home/j/ardu_ws/src/ardupilot/Tools/ros2/matlab_msg_gen/glnxa64/install/include/ardupilot_msgs/ardupilot_msgs/msg/detail/global_position__builder.hpp
-- Installing: /home/j/ardu_ws/src/ardupilot/Tools/ros2/matlab_msg_gen/glnxa64/install/include/ardupilot_msgs/ardupilot_msgs/msg/detail/status__struct.hpp
-- Installing: /home/j/ardu_ws/src/ardupilot/Tools/ros2/matlab_msg_gen/glnxa64/install/include/ardupilot_msgs/ardupilot_msgs/msg/detail/airspeed__struct.hpp
-- Installing: /home/j/ardu_ws/src/ardupilot/Tools/ros2/matlab_msg_gen/glnxa64/install/include/ardupilot_msgs/ardupilot_msgs/msg/detail/global_position__traits.hpp
-- Installing: /home/j/ardu_ws/src/ardupilot/Tools/ros2/matlab_msg_gen/glnxa64/install/include/ardupilot_msgs/ardupilot_msgs/msg/detail/rc__builder.hpp
-- Installing: /home/j/ardu_ws/src/ardupilot/Tools/ros2/matlab_msg_gen/glnxa64/install/include/ardupilot_msgs/ardupilot_msgs/msg/detail/rc__struct.hpp
-- Installing: /home/j/ardu_ws/src/ardupilot/Tools/ros2/matlab_msg_gen/glnxa64/install/include/ardupilot_msgs/ardupilot_msgs/msg/detail/global_position__struct.hpp
-- Installing: /home/j/ardu_ws/src/ardupilot/Tools/ros2/matlab_msg_gen/glnxa64/install/include/ardupilot_msgs/ardupilot_msgs/msg/status.hpp
-- Up-to-date: /home/j/ardu_ws/src/ardupilot/Tools/ros2/matlab_msg_gen/glnxa64/install/include/ardupilot_msgs/ardupilot_msgs
-- Up-to-date: /home/j/ardu_ws/src/ardupilot/Tools/ros2/matlab_msg_gen/glnxa64/install/include/ardupilot_msgs/ardupilot_msgs/srv
-- Up-to-date: /home/j/ardu_ws/src/ardupilot/Tools/ros2/matlab_msg_gen/glnxa64/install/include/ardupilot_msgs/ardupilot_msgs/srv/detail
-- Installing: /home/j/ardu_ws/src/ardupilot/Tools/ros2/matlab_msg_gen/glnxa64/install/include/ardupilot_msgs/ardupilot_msgs/srv/detail/dds_fastrtps
-- Installing: /home/j/ardu_ws/src/ardupilot/Tools/ros2/matlab_msg_gen/glnxa64/install/include/ardupilot_msgs/ardupilot_msgs/srv/detail/takeoff__rosidl_typesupport_fastrtps_cpp.hpp
-- Installing: /home/j/ardu_ws/src/ardupilot/Tools/ros2/matlab_msg_gen/glnxa64/install/include/ardupilot_msgs/ardupilot_msgs/srv/detail/arm_motors__rosidl_typesupport_fastrtps_cpp.hpp
-- Installing: /home/j/ardu_ws/src/ardupilot/Tools/ros2/matlab_msg_gen/glnxa64/install/include/ardupilot_msgs/ardupilot_msgs/srv/detail/mode_switch__rosidl_typesupport_fastrtps_cpp.hpp
-- Up-to-date: /home/j/ardu_ws/src/ardupilot/Tools/ros2/matlab_msg_gen/glnxa64/install/include/ardupilot_msgs/ardupilot_msgs/msg
-- Up-to-date: /home/j/ardu_ws/src/ardupilot/Tools/ros2/matlab_msg_gen/glnxa64/install/include/ardupilot_msgs/ardupilot_msgs/msg/detail
-- Installing: /home/j/ardu_ws/src/ardupilot/Tools/ros2/matlab_msg_gen/glnxa64/install/include/ardupilot_msgs/ardupilot_msgs/msg/detail/global_position__rosidl_typesupport_fastrtps_cpp.hpp
-- Installing: /home/j/ardu_ws/src/ardupilot/Tools/ros2/matlab_msg_gen/glnxa64/install/include/ardupilot_msgs/ardupilot_msgs/msg/detail/airspeed__rosidl_typesupport_fastrtps_cpp.hpp
-- Installing: /home/j/ardu_ws/src/ardupilot/Tools/ros2/matlab_msg_gen/glnxa64/install/include/ardupilot_msgs/ardupilot_msgs/msg/detail/dds_fastrtps
-- Installing: /home/j/ardu_ws/src/ardupilot/Tools/ros2/matlab_msg_gen/glnxa64/install/include/ardupilot_msgs/ardupilot_msgs/msg/detail/rc__rosidl_typesupport_fastrtps_cpp.hpp
-- Installing: /home/j/ardu_ws/src/ardupilot/Tools/ros2/matlab_msg_gen/glnxa64/install/include/ardupilot_msgs/ardupilot_msgs/msg/detail/status__rosidl_typesupport_fastrtps_cpp.hpp
-- Installing: /home/j/ardu_ws/src/ardupilot/Tools/ros2/matlab_msg_gen/glnxa64/install/include/ardupilot_msgs/ardupilot_msgs/msg/rosidl_typesupport_fastrtps_cpp__visibility_control.h
-- Installing: /home/j/ardu_ws/src/ardupilot/Tools/ros2/matlab_msg_gen/glnxa64/install/lib/libardupilot_msgs__rosidl_typesupport_fastrtps_cpp.so
-- Up-to-date: /home/j/ardu_ws/src/ardupilot/Tools/ros2/matlab_msg_gen/glnxa64/install/include/ardupilot_msgs/ardupilot_msgs
-- Up-to-date: /home/j/ardu_ws/src/ardupilot/Tools/ros2/matlab_msg_gen/glnxa64/install/include/ardupilot_msgs/ardupilot_msgs/srv
-- Up-to-date: /home/j/ardu_ws/src/ardupilot/Tools/ros2/matlab_msg_gen/glnxa64/install/include/ardupilot_msgs/ardupilot_msgs/srv/detail
-- Installing: /home/j/ardu_ws/src/ardupilot/Tools/ros2/matlab_msg_gen/glnxa64/install/include/ardupilot_msgs/ardupilot_msgs/srv/detail/arm_motors__rosidl_typesupport_introspection_cpp.hpp
-- Installing: /home/j/ardu_ws/src/ardupilot/Tools/ros2/matlab_msg_gen/glnxa64/install/include/ardupilot_msgs/ardupilot_msgs/srv/detail/arm_motors__type_support.cpp
-- Installing: /home/j/ardu_ws/src/ardupilot/Tools/ros2/matlab_msg_gen/glnxa64/install/include/ardupilot_msgs/ardupilot_msgs/srv/detail/takeoff__rosidl_typesupport_introspection_cpp.hpp
-- Installing: /home/j/ardu_ws/src/ardupilot/Tools/ros2/matlab_msg_gen/glnxa64/install/include/ardupilot_msgs/ardupilot_msgs/srv/detail/mode_switch__rosidl_typesupport_introspection_cpp.hpp
-- Installing: /home/j/ardu_ws/src/ardupilot/Tools/ros2/matlab_msg_gen/glnxa64/install/include/ardupilot_msgs/ardupilot_msgs/srv/detail/takeoff__type_support.cpp
-- Installing: /home/j/ardu_ws/src/ardupilot/Tools/ros2/matlab_msg_gen/glnxa64/install/include/ardupilot_msgs/ardupilot_msgs/srv/detail/mode_switch__type_support.cpp
-- Up-to-date: /home/j/ardu_ws/src/ardupilot/Tools/ros2/matlab_msg_gen/glnxa64/install/include/ardupilot_msgs/ardupilot_msgs/msg
-- Up-to-date: /home/j/ardu_ws/src/ardupilot/Tools/ros2/matlab_msg_gen/glnxa64/install/include/ardupilot_msgs/ardupilot_msgs/msg/detail
-- Installing: /home/j/ardu_ws/src/ardupilot/Tools/ros2/matlab_msg_gen/glnxa64/install/include/ardupilot_msgs/ardupilot_msgs/msg/detail/global_position__type_support.cpp
-- Installing: /home/j/ardu_ws/src/ardupilot/Tools/ros2/matlab_msg_gen/glnxa64/install/include/ardupilot_msgs/ardupilot_msgs/msg/detail/rc__rosidl_typesupport_introspection_cpp.hpp
-- Installing: /home/j/ardu_ws/src/ardupilot/Tools/ros2/matlab_msg_gen/glnxa64/install/include/ardupilot_msgs/ardupilot_msgs/msg/detail/airspeed__type_support.cpp
-- Installing: /home/j/ardu_ws/src/ardupilot/Tools/ros2/matlab_msg_gen/glnxa64/install/include/ardupilot_msgs/ardupilot_msgs/msg/detail/status__type_support.cpp
-- Installing: /home/j/ardu_ws/src/ardupilot/Tools/ros2/matlab_msg_gen/glnxa64/install/include/ardupilot_msgs/ardupilot_msgs/msg/detail/status__rosidl_typesupport_introspection_cpp.hpp
-- Installing: /home/j/ardu_ws/src/ardupilot/Tools/ros2/matlab_msg_gen/glnxa64/install/include/ardupilot_msgs/ardupilot_msgs/msg/detail/rc__type_support.cpp
-- Installing: /home/j/ardu_ws/src/ardupilot/Tools/ros2/matlab_msg_gen/glnxa64/install/include/ardupilot_msgs/ardupilot_msgs/msg/detail/airspeed__rosidl_typesupport_introspection_cpp.hpp
-- Installing: /home/j/ardu_ws/src/ardupilot/Tools/ros2/matlab_msg_gen/glnxa64/install/include/ardupilot_msgs/ardupilot_msgs/msg/detail/global_position__rosidl_typesupport_introspection_cpp.hpp
-- Installing: /home/j/ardu_ws/src/ardupilot/Tools/ros2/matlab_msg_gen/glnxa64/install/lib/libardupilot_msgs__rosidl_typesupport_introspection_cpp.so
-- Installing: /home/j/ardu_ws/src/ardupilot/Tools/ros2/matlab_msg_gen/glnxa64/install/lib/libardupilot_msgs__rosidl_typesupport_cpp.so
-- Installing: /home/j/ardu_ws/src/ardupilot/Tools/ros2/matlab_msg_gen/glnxa64/install/share/ardupilot_msgs/msg/Airspeed.idl
-- Installing: /home/j/ardu_ws/src/ardupilot/Tools/ros2/matlab_msg_gen/glnxa64/install/share/ardupilot_msgs/msg/GlobalPosition.idl
-- Installing: /home/j/ardu_ws/src/ardupilot/Tools/ros2/matlab_msg_gen/glnxa64/install/share/ardupilot_msgs/msg/Rc.idl
-- Installing: /home/j/ardu_ws/src/ardupilot/Tools/ros2/matlab_msg_gen/glnxa64/install/share/ardupilot_msgs/msg/Status.idl
-- Installing: /home/j/ardu_ws/src/ardupilot/Tools/ros2/matlab_msg_gen/glnxa64/install/share/ardupilot_msgs/srv/ArmMotors.idl
-- Installing: /home/j/ardu_ws/src/ardupilot/Tools/ros2/matlab_msg_gen/glnxa64/install/share/ardupilot_msgs/srv/ModeSwitch.idl
-- Installing: /home/j/ardu_ws/src/ardupilot/Tools/ros2/matlab_msg_gen/glnxa64/install/share/ardupilot_msgs/srv/Takeoff.idl
-- Installing: /home/j/ardu_ws/src/ardupilot/Tools/ros2/matlab_msg_gen/glnxa64/install/share/ardupilot_msgs/msg/Airspeed.msg
-- Installing: /home/j/ardu_ws/src/ardupilot/Tools/ros2/matlab_msg_gen/glnxa64/install/share/ardupilot_msgs/msg/GlobalPosition.msg
-- Installing: /home/j/ardu_ws/src/ardupilot/Tools/ros2/matlab_msg_gen/glnxa64/install/share/ardupilot_msgs/msg/Rc.msg
-- Installing: /home/j/ardu_ws/src/ardupilot/Tools/ros2/matlab_msg_gen/glnxa64/install/share/ardupilot_msgs/msg/Status.msg
-- Installing: /home/j/ardu_ws/src/ardupilot/Tools/ros2/matlab_msg_gen/glnxa64/install/share/ardupilot_msgs/srv/ArmMotors.srv
-- Installing: /home/j/ardu_ws/src/ardupilot/Tools/ros2/matlab_msg_gen/glnxa64/install/share/ardupilot_msgs/srv/ArmMotors_Request.msg
-- Installing: /home/j/ardu_ws/src/ardupilot/Tools/ros2/matlab_msg_gen/glnxa64/install/share/ardupilot_msgs/srv/ArmMotors_Response.msg
-- Installing: /home/j/ardu_ws/src/ardupilot/Tools/ros2/matlab_msg_gen/glnxa64/install/share/ardupilot_msgs/srv/ModeSwitch.srv
-- Installing: /home/j/ardu_ws/src/ardupilot/Tools/ros2/matlab_msg_gen/glnxa64/install/share/ardupilot_msgs/srv/ModeSwitch_Request.msg
-- Installing: /home/j/ardu_ws/src/ardupilot/Tools/ros2/matlab_msg_gen/glnxa64/install/share/ardupilot_msgs/srv/ModeSwitch_Response.msg
-- Installing: /home/j/ardu_ws/src/ardupilot/Tools/ros2/matlab_msg_gen/glnxa64/install/share/ardupilot_msgs/srv/Takeoff.srv
-- Installing: /home/j/ardu_ws/src/ardupilot/Tools/ros2/matlab_msg_gen/glnxa64/install/share/ardupilot_msgs/srv/Takeoff_Request.msg
-- Installing: /home/j/ardu_ws/src/ardupilot/Tools/ros2/matlab_msg_gen/glnxa64/install/share/ardupilot_msgs/srv/Takeoff_Response.msg
-- Up-to-date: /home/j/ardu_ws/src/ardupilot/Tools/ros2/matlab_msg_gen/glnxa64/install/include
-- Up-to-date: /home/j/ardu_ws/src/ardupilot/Tools/ros2/matlab_msg_gen/glnxa64/install/include/ardupilot_msgs
-- Installing: /home/j/ardu_ws/src/ardupilot/Tools/ros2/matlab_msg_gen/glnxa64/install/include/ardupilot_msgs/visibility_control.h
-- Installing: /home/j/ardu_ws/src/ardupilot/Tools/ros2/matlab_msg_gen/glnxa64/install/lib/libardupilot_msgs_matlab.so
-- Installing: /home/j/ardu_ws/src/ardupilot/Tools/ros2/matlab_msg_gen/glnxa64/install/m/
-- Installing: /home/j/ardu_ws/src/ardupilot/Tools/ros2/matlab_msg_gen/glnxa64/install/m//+ros
-- Installing: /home/j/ardu_ws/src/ardupilot/Tools/ros2/matlab_msg_gen/glnxa64/install/m//+ros/+internal
-- Installing: /home/j/ardu_ws/src/ardupilot/Tools/ros2/matlab_msg_gen/glnxa64/install/m//+ros/+internal/+ros2
-- Installing: /home/j/ardu_ws/src/ardupilot/Tools/ros2/matlab_msg_gen/glnxa64/install/m//+ros/+internal/+ros2/+custommessages
-- Installing: /home/j/ardu_ws/src/ardupilot/Tools/ros2/matlab_msg_gen/glnxa64/install/m//+ros/+internal/+ros2/+custommessages/+ardupilot_msgs
-- Installing: /home/j/ardu_ws/src/ardupilot/Tools/ros2/matlab_msg_gen/glnxa64/install/m//+ros/+internal/+ros2/+custommessages/+ardupilot_msgs/globalPosition.m
-- Installing: /home/j/ardu_ws/src/ardupilot/Tools/ros2/matlab_msg_gen/glnxa64/install/m//+ros/+internal/+ros2/+custommessages/+ardupilot_msgs/modeSwitchResponse.m
-- Installing: /home/j/ardu_ws/src/ardupilot/Tools/ros2/matlab_msg_gen/glnxa64/install/m//+ros/+internal/+ros2/+custommessages/+ardupilot_msgs/modeSwitchRequest.m
-- Installing: /home/j/ardu_ws/src/ardupilot/Tools/ros2/matlab_msg_gen/glnxa64/install/m//+ros/+internal/+ros2/+custommessages/+ardupilot_msgs/armMotorsResponse.m
-- Installing: /home/j/ardu_ws/src/ardupilot/Tools/ros2/matlab_msg_gen/glnxa64/install/m//+ros/+internal/+ros2/+custommessages/+ardupilot_msgs/airspeed.m
-- Installing: /home/j/ardu_ws/src/ardupilot/Tools/ros2/matlab_msg_gen/glnxa64/install/m//+ros/+internal/+ros2/+custommessages/+ardupilot_msgs/takeoffRequest.m
-- Installing: /home/j/ardu_ws/src/ardupilot/Tools/ros2/matlab_msg_gen/glnxa64/install/m//+ros/+internal/+ros2/+custommessages/+ardupilot_msgs/armMotorsRequest.m
-- Installing: /home/j/ardu_ws/src/ardupilot/Tools/ros2/matlab_msg_gen/glnxa64/install/m//+ros/+internal/+ros2/+custommessages/+ardupilot_msgs/status.m
-- Installing: /home/j/ardu_ws/src/ardupilot/Tools/ros2/matlab_msg_gen/glnxa64/install/m//+ros/+internal/+ros2/+custommessages/+ardupilot_msgs/takeoffResponse.m
-- Installing: /home/j/ardu_ws/src/ardupilot/Tools/ros2/matlab_msg_gen/glnxa64/install/m//+ros/+internal/+ros2/+custommessages/+ardupilot_msgs/rc.m
-- Installing: /home/j/ardu_ws/src/ardupilot/Tools/ros2/matlab_msg_gen/glnxa64/install/share/ament_index/resource_index/package_run_dependencies/ardupilot_msgs
-- Installing: /home/j/ardu_ws/src/ardupilot/Tools/ros2/matlab_msg_gen/glnxa64/install/share/ament_index/resource_index/parent_prefix_path/ardupilot_msgs
-- Installing: /home/j/ardu_ws/src/ardupilot/Tools/ros2/matlab_msg_gen/glnxa64/install/share/ardupilot_msgs/environment/ament_prefix_path.sh
-- Installing: /home/j/ardu_ws/src/ardupilot/Tools/ros2/matlab_msg_gen/glnxa64/install/share/ardupilot_msgs/environment/ament_prefix_path.dsv
-- Installing: /home/j/ardu_ws/src/ardupilot/Tools/ros2/matlab_msg_gen/glnxa64/install/share/ardupilot_msgs/environment/path.sh
-- Installing: /home/j/ardu_ws/src/ardupilot/Tools/ros2/matlab_msg_gen/glnxa64/install/share/ardupilot_msgs/environment/path.dsv
-- Installing: /home/j/ardu_ws/src/ardupilot/Tools/ros2/matlab_msg_gen/glnxa64/install/share/ardupilot_msgs/local_setup.bash
-- Installing: /home/j/ardu_ws/src/ardupilot/Tools/ros2/matlab_msg_gen/glnxa64/install/share/ardupilot_msgs/local_setup.sh
-- Installing: /home/j/ardu_ws/src/ardupilot/Tools/ros2/matlab_msg_gen/glnxa64/install/share/ardupilot_msgs/local_setup.zsh
-- Installing: /home/j/ardu_ws/src/ardupilot/Tools/ros2/matlab_msg_gen/glnxa64/install/share/ardupilot_msgs/local_setup.dsv
-- Installing: /home/j/ardu_ws/src/ardupilot/Tools/ros2/matlab_msg_gen/glnxa64/install/share/ardupilot_msgs/package.dsv
-- Installing: /home/j/ardu_ws/src/ardupilot/Tools/ros2/matlab_msg_gen/glnxa64/install/share/ament_index/resource_index/packages/ardupilot_msgs
-- Installing: /home/j/ardu_ws/src/ardupilot/Tools/ros2/matlab_msg_gen/glnxa64/install/share/ardupilot_msgs/cmake/export_ardupilot_msgs__rosidl_generator_cExport.cmake
-- Installing: /home/j/ardu_ws/src/ardupilot/Tools/ros2/matlab_msg_gen/glnxa64/install/share/ardupilot_msgs/cmake/export_ardupilot_msgs__rosidl_generator_cExport-release.cmake
-- Installing: /home/j/ardu_ws/src/ardupilot/Tools/ros2/matlab_msg_gen/glnxa64/install/share/ardupilot_msgs/cmake/export_ardupilot_msgs__rosidl_typesupport_fastrtps_cExport.cmake
-- Installing: /home/j/ardu_ws/src/ardupilot/Tools/ros2/matlab_msg_gen/glnxa64/install/share/ardupilot_msgs/cmake/export_ardupilot_msgs__rosidl_typesupport_fastrtps_cExport-release.cmake
-- Installing: /home/j/ardu_ws/src/ardupilot/Tools/ros2/matlab_msg_gen/glnxa64/install/share/ardupilot_msgs/cmake/ardupilot_msgs__rosidl_typesupport_introspection_cExport.cmake
-- Installing: /home/j/ardu_ws/src/ardupilot/Tools/ros2/matlab_msg_gen/glnxa64/install/share/ardupilot_msgs/cmake/ardupilot_msgs__rosidl_typesupport_introspection_cExport-release.cmake
-- Installing: /home/j/ardu_ws/src/ardupilot/Tools/ros2/matlab_msg_gen/glnxa64/install/share/ardupilot_msgs/cmake/ardupilot_msgs__rosidl_typesupport_cExport.cmake
-- Installing: /home/j/ardu_ws/src/ardupilot/Tools/ros2/matlab_msg_gen/glnxa64/install/share/ardupilot_msgs/cmake/ardupilot_msgs__rosidl_typesupport_cExport-release.cmake
-- Installing: /home/j/ardu_ws/src/ardupilot/Tools/ros2/matlab_msg_gen/glnxa64/install/share/ardupilot_msgs/cmake/export_ardupilot_msgs__rosidl_generator_cppExport.cmake
-- Installing: /home/j/ardu_ws/src/ardupilot/Tools/ros2/matlab_msg_gen/glnxa64/install/share/ardupilot_msgs/cmake/export_ardupilot_msgs__rosidl_typesupport_fastrtps_cppExport.cmake
-- Installing: /home/j/ardu_ws/src/ardupilot/Tools/ros2/matlab_msg_gen/glnxa64/install/share/ardupilot_msgs/cmake/export_ardupilot_msgs__rosidl_typesupport_fastrtps_cppExport-release.cmake
-- Installing: /home/j/ardu_ws/src/ardupilot/Tools/ros2/matlab_msg_gen/glnxa64/install/share/ardupilot_msgs/cmake/ardupilot_msgs__rosidl_typesupport_introspection_cppExport.cmake
-- Installing: /home/j/ardu_ws/src/ardupilot/Tools/ros2/matlab_msg_gen/glnxa64/install/share/ardupilot_msgs/cmake/ardupilot_msgs__rosidl_typesupport_introspection_cppExport-release.cmake
-- Installing: /home/j/ardu_ws/src/ardupilot/Tools/ros2/matlab_msg_gen/glnxa64/install/share/ardupilot_msgs/cmake/ardupilot_msgs__rosidl_typesupport_cppExport.cmake
-- Installing: /home/j/ardu_ws/src/ardupilot/Tools/ros2/matlab_msg_gen/glnxa64/install/share/ardupilot_msgs/cmake/ardupilot_msgs__rosidl_typesupport_cppExport-release.cmake
-- Installing: /home/j/ardu_ws/src/ardupilot/Tools/ros2/matlab_msg_gen/glnxa64/install/share/ardupilot_msgs/cmake/rosidl_cmake-extras.cmake
-- Installing: /home/j/ardu_ws/src/ardupilot/Tools/ros2/matlab_msg_gen/glnxa64/install/share/ardupilot_msgs/cmake/ament_cmake_export_dependencies-extras.cmake
-- Installing: /home/j/ardu_ws/src/ardupilot/Tools/ros2/matlab_msg_gen/glnxa64/install/share/ardupilot_msgs/cmake/ament_cmake_export_include_directories-extras.cmake
-- Installing: /home/j/ardu_ws/src/ardupilot/Tools/ros2/matlab_msg_gen/glnxa64/install/share/ardupilot_msgs/cmake/ament_cmake_export_libraries-extras.cmake
-- Installing: /home/j/ardu_ws/src/ardupilot/Tools/ros2/matlab_msg_gen/glnxa64/install/share/ardupilot_msgs/cmake/ament_cmake_export_targets-extras.cmake
-- Installing: /home/j/ardu_ws/src/ardupilot/Tools/ros2/matlab_msg_gen/glnxa64/install/share/ardupilot_msgs/cmake/rosidl_cmake_export_typesupport_targets-extras.cmake
-- Installing: /home/j/ardu_ws/src/ardupilot/Tools/ros2/matlab_msg_gen/glnxa64/install/share/ardupilot_msgs/cmake/rosidl_cmake_export_typesupport_libraries-extras.cmake
-- Installing: /home/j/ardu_ws/src/ardupilot/Tools/ros2/matlab_msg_gen/glnxa64/install/share/ardupilot_msgs/cmake/ardupilot_msgsConfig.cmake
-- Installing: /home/j/ardu_ws/src/ardupilot/Tools/ros2/matlab_msg_gen/glnxa64/install/share/ardupilot_msgs/cmake/ardupilot_msgsConfig-version.cmake
-- Installing: /home/j/ardu_ws/src/ardupilot/Tools/ros2/matlab_msg_gen/glnxa64/install/share/ardupilot_msgs/package.xml
