[0.022s] Invoking command in '/home/j/ardu_ws/src/ardupilot/Tools/ros2/matlab_msg_gen/glnxa64/build/ardupilot_msgs': PS1=(venv) VIRTUAL_ENV_PROMPT=(venv) /usr/local/MATLAB/R2024b/bin/glnxa64/cmake/bin/cmake /home/j/ardu_ws/src/ardupilot/Tools/ros2/matlab_msg_gen/glnxa64/src/ardupilot_msgs -DCMAKE_BUILD_TYPE=Release -DCMAKE_SHARED_LINKER_FLAGS=-Wl,-no-as-needed -DBUILD_TESTING=OFF -DALIAS_ROS2_TF2=1 -DCMAKE_CXX_FLAGS_RELEASE=-O0 -G Ninja -DCMAKE_C_COMPILER=/usr/lib/ccache/gcc -DCMAKE_CXX_COMPILER=/usr/lib/ccache/g++ -DCMAKE_INSTALL_PREFIX=/home/j/ardu_ws/src/ardupilot/Tools/ros2/matlab_msg_gen/glnxa64/install
[0.081s] -- The C compiler identification is GNU 11.4.0
[0.137s] -- The CXX compiler identification is GNU 11.4.0
[0.148s] -- Detecting C compiler ABI info
[0.188s] -- Detecting C compiler ABI info - done
[0.197s] -- Check for working C compiler: /usr/lib/ccache/gcc - skipped
[0.197s] -- Detecting C compile features
[0.198s] -- Detecting C compile features - done
[0.200s] -- Detecting CXX compiler ABI info
[0.247s] -- Detecting CXX compiler ABI info - done
[0.252s] -- Check for working CXX compiler: /usr/lib/ccache/g++ - skipped
[0.252s] -- Detecting CXX compile features
[0.252s] -- Detecting CXX compile features - done
[0.259s] -- Found ament_cmake: 1.3.3 (/usr/local/MATLAB/R2024b/sys/ros2/glnxa64/ros2/share/ament_cmake/cmake)
[0.764s] -- Found Python3: /home/j/.matlab/R2024b/ros2/glnxa64/venv/bin/python3.10 (found version "3.10.12") found components: Interpreter 
[0.823s] -- Found ament_cmake_ros: 0.10.0 (/usr/local/MATLAB/R2024b/sys/ros2/glnxa64/ros2/share/ament_cmake_ros/cmake)
[0.830s] -- Found rosidl_typesupport_c: 2.0.0 (/usr/local/MATLAB/R2024b/sys/ros2/glnxa64/ros2/share/rosidl_typesupport_c/cmake)
[0.830s] -- Using all available rosidl_typesupport_c: rosidl_typesupport_fastrtps_c;rosidl_typesupport_introspection_c
[0.836s] -- Found rosidl_adapter: 3.1.4 (/usr/local/MATLAB/R2024b/sys/ros2/glnxa64/ros2/share/rosidl_adapter/cmake)
[0.880s] -- Found rosidl_typesupport_cpp: 2.0.0 (/usr/local/MATLAB/R2024b/sys/ros2/glnxa64/ros2/share/rosidl_typesupport_cpp/cmake)
[0.881s] -- Using all available rosidl_typesupport_cpp: rosidl_typesupport_fastrtps_cpp;rosidl_typesupport_introspection_cpp
[0.907s] -- Found rosidl_default_generators: 1.2.0 (/usr/local/MATLAB/R2024b/sys/ros2/glnxa64/ros2/share/rosidl_default_generators/cmake)
[0.910s] -- Found class_loader: 2.2.0 (/usr/local/MATLAB/R2024b/sys/ros2/glnxa64/ros2/share/class_loader/cmake)
[0.914s] -- Found geometry_msgs: 0.0.0 (/home/j/INCSL/IICC26_ws/matlab_msg_ws/matlab_msg_gen/glnxa64/install/share/geometry_msgs/cmake)
[0.985s] -- Found rclcpp: 16.0.5 (/usr/local/MATLAB/R2024b/sys/ros2/glnxa64/ros2/share/rclcpp/cmake)
[1.029s] -- Found rmw_implementation_cmake: 6.1.1 (/usr/local/MATLAB/R2024b/sys/ros2/glnxa64/ros2/share/rmw_implementation_cmake/cmake)
[1.032s] -- Found rmw_cyclonedds_cpp: 1.3.4 (/usr/local/MATLAB/R2024b/sys/ros2/glnxa64/ros2/share/rmw_cyclonedds_cpp/cmake)
[1.054s] -- Using RMW implementation 'rmw_cyclonedds_cpp' as default
[1.060s] -- Performing Test CMAKE_HAVE_LIBC_PTHREAD
[1.111s] -- Performing Test CMAKE_HAVE_LIBC_PTHREAD - Success
[1.111s] -- Found Threads: TRUE  
[1.489s] -- Using all available rosidl_typesupport_c: rosidl_typesupport_fastrtps_c;rosidl_typesupport_introspection_c
[1.654s] -- Using all available rosidl_typesupport_cpp: rosidl_typesupport_fastrtps_cpp;rosidl_typesupport_introspection_cpp
[1.661s] -- Configuring done
[1.682s] -- Generating done
[1.689s] -- Build files have been written to: /home/j/ardu_ws/src/ardupilot/Tools/ros2/matlab_msg_gen/glnxa64/build/ardupilot_msgs
[1.697s] Invoked command in '/home/j/ardu_ws/src/ardupilot/Tools/ros2/matlab_msg_gen/glnxa64/build/ardupilot_msgs' returned '0': PS1=(venv) VIRTUAL_ENV_PROMPT=(venv) /usr/local/MATLAB/R2024b/bin/glnxa64/cmake/bin/cmake /home/j/ardu_ws/src/ardupilot/Tools/ros2/matlab_msg_gen/glnxa64/src/ardupilot_msgs -DCMAKE_BUILD_TYPE=Release -DCMAKE_SHARED_LINKER_FLAGS=-Wl,-no-as-needed -DBUILD_TESTING=OFF -DALIAS_ROS2_TF2=1 -DCMAKE_CXX_FLAGS_RELEASE=-O0 -G Ninja -DCMAKE_C_COMPILER=/usr/lib/ccache/gcc -DCMAKE_CXX_COMPILER=/usr/lib/ccache/g++ -DCMAKE_INSTALL_PREFIX=/home/j/ardu_ws/src/ardupilot/Tools/ros2/matlab_msg_gen/glnxa64/install
[1.698s] Invoking command in '/home/j/ardu_ws/src/ardupilot/Tools/ros2/matlab_msg_gen/glnxa64/build/ardupilot_msgs': PS1=(venv) VIRTUAL_ENV_PROMPT=(venv) /usr/local/MATLAB/R2024b/bin/glnxa64/cmake/bin/cmake --build /home/j/ardu_ws/src/ardupilot/Tools/ros2/matlab_msg_gen/glnxa64/build/ardupilot_msgs -- -j20 -l20
[1.702s] 
[1.703s] [0/72] Generating C code for ROS interfaces[K
[2.130s] [0/72] Generating C++ code for ROS interfaces[K
[2.130s] [1/72] Generating C++ code for ROS interfaces[K
[2.130s] [1/72] Generating C++ type support for eProsima Fast-RTPS[K
[2.130s] [1/72] Generating C++ introspection for ROS interfaces[K
[2.132s] [1/72] Generating C++ type support dispatch for ROS interfaces[K
[2.132s] [2/72] Generating C code for ROS interfaces[K
[2.132s] [2/72] Building C object CMakeFiles/ardupilot_msgs__rosidl_generator_c.dir/rosidl_generator_c/ardupilot_msgs/msg/detail/airspeed__functions.c.o[K
[2.133s] [2/72] Building C object CMakeFiles/ardupilot_msgs__rosidl_generator_c.dir/rosidl_generator_c/ardupilot_msgs/msg/detail/global_position__functions.c.o[K
[2.133s] [2/72] Building C object CMakeFiles/ardupilot_msgs__rosidl_generator_c.dir/rosidl_generator_c/ardupilot_msgs/msg/detail/rc__functions.c.o[K
[2.133s] [2/72] Building C object CMakeFiles/ardupilot_msgs__rosidl_generator_c.dir/rosidl_generator_c/ardupilot_msgs/msg/detail/status__functions.c.o[K
[2.133s] [2/72] Building C object CMakeFiles/ardupilot_msgs__rosidl_generator_c.dir/rosidl_generator_c/ardupilot_msgs/srv/detail/arm_motors__functions.c.o[K
[2.133s] [2/72] Building C object CMakeFiles/ardupilot_msgs__rosidl_generator_c.dir/rosidl_generator_c/ardupilot_msgs/srv/detail/mode_switch__functions.c.o[K
[2.212s] [2/72] Building C object CMakeFiles/ardupilot_msgs__rosidl_generator_c.dir/rosidl_generator_c/ardupilot_msgs/srv/detail/takeoff__functions.c.o[K
[2.213s] [3/72] Building C object CMakeFiles/ardupilot_msgs__rosidl_generator_c.dir/rosidl_generator_c/ardupilot_msgs/msg/detail/airspeed__functions.c.o[K
[2.227s] [4/72] Building C object CMakeFiles/ardupilot_msgs__rosidl_generator_c.dir/rosidl_generator_c/ardupilot_msgs/msg/detail/status__functions.c.o[K
[2.227s] [5/72] Building C object CMakeFiles/ardupilot_msgs__rosidl_generator_c.dir/rosidl_generator_c/ardupilot_msgs/msg/detail/rc__functions.c.o[K
[2.230s] [6/72] Building C object CMakeFiles/ardupilot_msgs__rosidl_generator_c.dir/rosidl_generator_c/ardupilot_msgs/srv/detail/arm_motors__functions.c.o[K
[2.234s] [7/72] Building C object CMakeFiles/ardupilot_msgs__rosidl_generator_c.dir/rosidl_generator_c/ardupilot_msgs/msg/detail/global_position__functions.c.o[K
[2.244s] [8/72] Building C object CMakeFiles/ardupilot_msgs__rosidl_generator_c.dir/rosidl_generator_c/ardupilot_msgs/srv/detail/takeoff__functions.c.o[K
[2.244s] [9/72] Building C object CMakeFiles/ardupilot_msgs__rosidl_generator_c.dir/rosidl_generator_c/ardupilot_msgs/srv/detail/mode_switch__functions.c.o[K
[2.260s] [9/72] Linking C shared library libardupilot_msgs__rosidl_generator_c.so[K
[2.260s] [10/72] Linking C shared library libardupilot_msgs__rosidl_generator_c.so[K
[2.261s] [10/72] Generating C type support dispatch for ROS interfaces[K
[2.261s] [10/72] Generating C introspection for ROS interfaces[K
[2.479s] [10/72] Generating C type support for eProsima Fast-RTPS[K
[2.480s] [11/72] Generating C++ type support dispatch for ROS interfaces[K
[2.480s] [11/72] Building CXX object CMakeFiles/ardupilot_msgs__rosidl_typesupport_cpp.dir/rosidl_typesupport_cpp/ardupilot_msgs/msg/airspeed__type_support.cpp.o[K
[2.480s] [11/72] Building CXX object CMakeFiles/ardupilot_msgs__rosidl_typesupport_cpp.dir/rosidl_typesupport_cpp/ardupilot_msgs/msg/global_position__type_support.cpp.o[K
[2.480s] [11/72] Building CXX object CMakeFiles/ardupilot_msgs__rosidl_typesupport_cpp.dir/rosidl_typesupport_cpp/ardupilot_msgs/msg/rc__type_support.cpp.o[K
[2.480s] [11/72] Building CXX object CMakeFiles/ardupilot_msgs__rosidl_typesupport_cpp.dir/rosidl_typesupport_cpp/ardupilot_msgs/msg/status__type_support.cpp.o[K
[2.481s] [11/72] Building CXX object CMakeFiles/ardupilot_msgs__rosidl_typesupport_cpp.dir/rosidl_typesupport_cpp/ardupilot_msgs/srv/arm_motors__type_support.cpp.o[K
[2.481s] [11/72] Building CXX object CMakeFiles/ardupilot_msgs__rosidl_typesupport_cpp.dir/rosidl_typesupport_cpp/ardupilot_msgs/srv/mode_switch__type_support.cpp.o[K
[2.481s] [11/72] Building CXX object CMakeFiles/ardupilot_msgs__rosidl_typesupport_cpp.dir/rosidl_typesupport_cpp/ardupilot_msgs/srv/takeoff__type_support.cpp.o[K
[2.481s] [11/72] Building CXX object CMakeFiles/ardupilot_msgs_matlab.dir/src/ardupilot_msgs_Airspeed_message.cpp.o[K
[2.481s] [11/72] Building CXX object CMakeFiles/ardupilot_msgs_matlab.dir/src/ardupilot_msgs_Status_message.cpp.o[K
[2.481s] [11/72] Building CXX object CMakeFiles/ardupilot_msgs_matlab.dir/src/ardupilot_msgs_ArmMotors_service.cpp.o[K
[2.482s] [11/72] Building CXX object CMakeFiles/ardupilot_msgs_matlab.dir/src/ardupilot_msgs_GlobalPosition_message.cpp.o[K
[2.482s] [11/72] Building CXX object CMakeFiles/ardupilot_msgs_matlab.dir/src/ardupilot_msgs_Rc_message.cpp.o[K
[2.482s] [11/72] Building CXX object CMakeFiles/ardupilot_msgs_matlab.dir/src/ardupilot_msgs_ModeSwitch_service.cpp.o[K
[2.525s] [11/72] Building CXX object CMakeFiles/ardupilot_msgs_matlab.dir/src/ardupilot_msgs_Takeoff_service.cpp.o[K
[2.525s] [12/72] Generating C++ introspection for ROS interfaces[K
[2.525s] [12/72] Building CXX object CMakeFiles/ardupilot_msgs__rosidl_typesupport_introspection_cpp.dir/rosidl_typesupport_introspection_cpp/ardupilot_msgs/msg/detail/airspeed__type_support.cpp.o[K
[2.564s] [12/72] Building CXX object CMakeFiles/ardupilot_msgs__rosidl_typesupport_introspection_cpp.dir/rosidl_typesupport_introspection_cpp/ardupilot_msgs/msg/detail/rc__type_support.cpp.o[K
[2.565s] [13/72] Generating C++ type support for eProsima Fast-RTPS[K
[2.710s] [13/72] Building CXX object CMakeFiles/ardupilot_msgs__rosidl_typesupport_fastrtps_cpp.dir/rosidl_typesupport_fastrtps_cpp/ardupilot_msgs/msg/detail/dds_fastrtps/airspeed__type_support.cpp.o[K
[2.710s] [14/72] Generating C type support dispatch for ROS interfaces[K
[2.763s] [14/72] Building CXX object CMakeFiles/ardupilot_msgs__rosidl_typesupport_c.dir/rosidl_typesupport_c/ardupilot_msgs/msg/airspeed__type_support.cpp.o[K
[2.763s] [15/72] Building CXX object CMakeFiles/ardupilot_msgs__rosidl_typesupport_c.dir/rosidl_typesupport_c/ardupilot_msgs/msg/airspeed__type_support.cpp.o[K
[2.765s] [15/72] Building CXX object CMakeFiles/ardupilot_msgs__rosidl_typesupport_c.dir/rosidl_typesupport_c/ardupilot_msgs/msg/global_position__type_support.cpp.o[K
[2.766s] [16/72] Generating C introspection for ROS interfaces[K
[2.773s] [16/72] Building C object CMakeFiles/ardupilot_msgs__rosidl_typesupport_introspection_c.dir/rosidl_typesupport_introspection_c/ardupilot_msgs/msg/detail/airspeed__type_support.c.o[K
[2.773s] [17/72] Building CXX object CMakeFiles/ardupilot_msgs__rosidl_typesupport_cpp.dir/rosidl_typesupport_cpp/ardupilot_msgs/msg/global_position__type_support.cpp.o[K
[2.777s] [17/72] Building C object CMakeFiles/ardupilot_msgs__rosidl_typesupport_introspection_c.dir/rosidl_typesupport_introspection_c/ardupilot_msgs/msg/detail/global_position__type_support.c.o[K
[2.777s] [18/72] Building CXX object CMakeFiles/ardupilot_msgs__rosidl_typesupport_cpp.dir/rosidl_typesupport_cpp/ardupilot_msgs/srv/mode_switch__type_support.cpp.o[K
[2.778s] [18/72] Building C object CMakeFiles/ardupilot_msgs__rosidl_typesupport_introspection_c.dir/rosidl_typesupport_introspection_c/ardupilot_msgs/msg/detail/rc__type_support.c.o[K
[2.779s] [19/72] Building CXX object CMakeFiles/ardupilot_msgs__rosidl_typesupport_cpp.dir/rosidl_typesupport_cpp/ardupilot_msgs/msg/airspeed__type_support.cpp.o[K
[2.795s] [19/72] Building C object CMakeFiles/ardupilot_msgs__rosidl_typesupport_introspection_c.dir/rosidl_typesupport_introspection_c/ardupilot_msgs/msg/detail/status__type_support.c.o[K
[2.795s] [20/72] Building CXX object CMakeFiles/ardupilot_msgs__rosidl_typesupport_cpp.dir/rosidl_typesupport_cpp/ardupilot_msgs/msg/status__type_support.cpp.o[K
[2.798s] [20/72] Building C object CMakeFiles/ardupilot_msgs__rosidl_typesupport_introspection_c.dir/rosidl_typesupport_introspection_c/ardupilot_msgs/srv/detail/arm_motors__type_support.c.o[K
[2.798s] [21/72] Building CXX object CMakeFiles/ardupilot_msgs__rosidl_typesupport_c.dir/rosidl_typesupport_c/ardupilot_msgs/msg/global_position__type_support.cpp.o[K
[2.799s] [21/72] Building C object CMakeFiles/ardupilot_msgs__rosidl_typesupport_introspection_c.dir/rosidl_typesupport_introspection_c/ardupilot_msgs/srv/detail/mode_switch__type_support.c.o[K
[2.799s] [22/72] Generating C type support for eProsima Fast-RTPS[K
[2.812s] [22/72] Building CXX object CMakeFiles/ardupilot_msgs__rosidl_typesupport_fastrtps_c.dir/rosidl_typesupport_fastrtps_c/ardupilot_msgs/msg/detail/airspeed__type_support_c.cpp.o[K
[2.812s] [23/72] Building CXX object CMakeFiles/ardupilot_msgs__rosidl_typesupport_cpp.dir/rosidl_typesupport_cpp/ardupilot_msgs/srv/takeoff__type_support.cpp.o[K
[2.814s] [23/72] Building CXX object CMakeFiles/ardupilot_msgs__rosidl_typesupport_fastrtps_c.dir/rosidl_typesupport_fastrtps_c/ardupilot_msgs/msg/detail/rc__type_support_c.cpp.o[K
[2.814s] [24/72] Building CXX object CMakeFiles/ardupilot_msgs__rosidl_typesupport_cpp.dir/rosidl_typesupport_cpp/ardupilot_msgs/msg/rc__type_support.cpp.o[K
[2.818s] [24/72] Building CXX object CMakeFiles/ardupilot_msgs__rosidl_typesupport_fastrtps_c.dir/rosidl_typesupport_fastrtps_c/ardupilot_msgs/msg/detail/global_position__type_support_c.cpp.o[K
[2.818s] [25/72] Building CXX object CMakeFiles/ardupilot_msgs__rosidl_typesupport_cpp.dir/rosidl_typesupport_cpp/ardupilot_msgs/srv/arm_motors__type_support.cpp.o[K
[2.820s] [25/72] Building CXX object CMakeFiles/ardupilot_msgs__rosidl_typesupport_fastrtps_c.dir/rosidl_typesupport_fastrtps_c/ardupilot_msgs/msg/detail/status__type_support_c.cpp.o[K
[2.820s] [26/72] Building C object CMakeFiles/ardupilot_msgs__rosidl_typesupport_introspection_c.dir/rosidl_typesupport_introspection_c/ardupilot_msgs/msg/detail/airspeed__type_support.c.o[K
[2.839s] [26/72] Building CXX object CMakeFiles/ardupilot_msgs__rosidl_typesupport_fastrtps_c.dir/rosidl_typesupport_fastrtps_c/ardupilot_msgs/srv/detail/arm_motors__type_support_c.cpp.o[K
[2.839s] [27/72] Building C object CMakeFiles/ardupilot_msgs__rosidl_typesupport_introspection_c.dir/rosidl_typesupport_introspection_c/ardupilot_msgs/msg/detail/global_position__type_support.c.o[K
[2.839s] [27/72] Building CXX object CMakeFiles/ardupilot_msgs__rosidl_typesupport_fastrtps_c.dir/rosidl_typesupport_fastrtps_c/ardupilot_msgs/srv/detail/mode_switch__type_support_c.cpp.o[K
[2.839s] [28/72] Building C object CMakeFiles/ardupilot_msgs__rosidl_typesupport_introspection_c.dir/rosidl_typesupport_introspection_c/ardupilot_msgs/msg/detail/rc__type_support.c.o[K
[2.844s] [28/72] Building CXX object CMakeFiles/ardupilot_msgs__rosidl_typesupport_fastrtps_c.dir/rosidl_typesupport_fastrtps_c/ardupilot_msgs/srv/detail/takeoff__type_support_c.cpp.o[K
[2.845s] [29/72] Building C object CMakeFiles/ardupilot_msgs__rosidl_typesupport_introspection_c.dir/rosidl_typesupport_introspection_c/ardupilot_msgs/srv/detail/arm_motors__type_support.c.o[K
[2.849s] [29/72] Building C object CMakeFiles/ardupilot_msgs__rosidl_typesupport_introspection_c.dir/rosidl_typesupport_introspection_c/ardupilot_msgs/srv/detail/takeoff__type_support.c.o[K
[2.849s] [30/72] Building C object CMakeFiles/ardupilot_msgs__rosidl_typesupport_introspection_c.dir/rosidl_typesupport_introspection_c/ardupilot_msgs/srv/detail/mode_switch__type_support.c.o[K
[2.861s] [30/72] Building CXX object CMakeFiles/ardupilot_msgs__rosidl_typesupport_c.dir/rosidl_typesupport_c/ardupilot_msgs/msg/rc__type_support.cpp.o[K
[2.861s] [31/72] Building C object CMakeFiles/ardupilot_msgs__rosidl_typesupport_introspection_c.dir/rosidl_typesupport_introspection_c/ardupilot_msgs/msg/detail/status__type_support.c.o[K
[2.887s] [31/72] Building CXX object CMakeFiles/ardupilot_msgs__rosidl_typesupport_c.dir/rosidl_typesupport_c/ardupilot_msgs/msg/status__type_support.cpp.o[K
[2.887s] [32/72] Building CXX object CMakeFiles/ardupilot_msgs__rosidl_typesupport_c.dir/rosidl_typesupport_c/ardupilot_msgs/msg/rc__type_support.cpp.o[K
[2.900s] [32/72] Building CXX object CMakeFiles/ardupilot_msgs__rosidl_typesupport_c.dir/rosidl_typesupport_c/ardupilot_msgs/srv/arm_motors__type_support.cpp.o[K
[2.900s] [33/72] Building C object CMakeFiles/ardupilot_msgs__rosidl_typesupport_introspection_c.dir/rosidl_typesupport_introspection_c/ardupilot_msgs/srv/detail/takeoff__type_support.c.o[K
[2.901s] [33/72] Linking C shared library libardupilot_msgs__rosidl_typesupport_introspection_c.so[K
[2.901s] [34/72] Building CXX object CMakeFiles/ardupilot_msgs__rosidl_typesupport_c.dir/rosidl_typesupport_c/ardupilot_msgs/msg/status__type_support.cpp.o[K
[2.924s] [34/72] Building CXX object CMakeFiles/ardupilot_msgs__rosidl_typesupport_c.dir/rosidl_typesupport_c/ardupilot_msgs/srv/mode_switch__type_support.cpp.o[K
[2.924s] [35/72] Linking C shared library libardupilot_msgs__rosidl_typesupport_introspection_c.so[K
[2.937s] [35/72] Building CXX object CMakeFiles/ardupilot_msgs__rosidl_typesupport_c.dir/rosidl_typesupport_c/ardupilot_msgs/srv/takeoff__type_support.cpp.o[K
[2.937s] [36/72] Building CXX object CMakeFiles/ardupilot_msgs__rosidl_typesupport_c.dir/rosidl_typesupport_c/ardupilot_msgs/srv/arm_motors__type_support.cpp.o[K
[2.956s] [36/72] Building CXX object CMakeFiles/ardupilot_msgs__rosidl_typesupport_fastrtps_cpp.dir/rosidl_typesupport_fastrtps_cpp/ardupilot_msgs/msg/detail/dds_fastrtps/rc__type_support.cpp.o[K
[2.956s] [37/72] Building CXX object CMakeFiles/ardupilot_msgs__rosidl_typesupport_c.dir/rosidl_typesupport_c/ardupilot_msgs/srv/mode_switch__type_support.cpp.o[K
[2.964s] [37/72] Building CXX object CMakeFiles/ardupilot_msgs__rosidl_typesupport_fastrtps_cpp.dir/rosidl_typesupport_fastrtps_cpp/ardupilot_msgs/msg/detail/dds_fastrtps/global_position__type_support.cpp.o[K
[2.965s] [38/72] Building CXX object CMakeFiles/ardupilot_msgs__rosidl_typesupport_c.dir/rosidl_typesupport_c/ardupilot_msgs/srv/takeoff__type_support.cpp.o[K
[2.980s] [38/72] Linking CXX shared library libardupilot_msgs__rosidl_typesupport_c.so[K
[2.980s] [39/72] Building CXX object CMakeFiles/ardupilot_msgs__rosidl_typesupport_fastrtps_cpp.dir/rosidl_typesupport_fastrtps_cpp/ardupilot_msgs/msg/detail/dds_fastrtps/airspeed__type_support.cpp.o[K
[2.993s] [39/72] Building CXX object CMakeFiles/ardupilot_msgs__rosidl_typesupport_fastrtps_cpp.dir/rosidl_typesupport_fastrtps_cpp/ardupilot_msgs/msg/detail/dds_fastrtps/status__type_support.cpp.o[K
[2.993s] [40/72] Building CXX object CMakeFiles/ardupilot_msgs__rosidl_typesupport_introspection_cpp.dir/rosidl_typesupport_introspection_cpp/ardupilot_msgs/msg/detail/airspeed__type_support.cpp.o[K
[3.075s] [40/72] Building CXX object CMakeFiles/ardupilot_msgs__rosidl_typesupport_fastrtps_cpp.dir/rosidl_typesupport_fastrtps_cpp/ardupilot_msgs/srv/detail/dds_fastrtps/arm_motors__type_support.cpp.o[K
[3.075s] [41/72] Linking CXX shared library libardupilot_msgs__rosidl_typesupport_c.so[K
[3.077s] [41/72] Building CXX object CMakeFiles/ardupilot_msgs__rosidl_typesupport_fastrtps_cpp.dir/rosidl_typesupport_fastrtps_cpp/ardupilot_msgs/srv/detail/dds_fastrtps/mode_switch__type_support.cpp.o[K
[3.077s] [42/72] Building CXX object CMakeFiles/ardupilot_msgs__rosidl_typesupport_introspection_cpp.dir/rosidl_typesupport_introspection_cpp/ardupilot_msgs/msg/detail/rc__type_support.cpp.o[K
[3.164s] [42/72] Building CXX object CMakeFiles/ardupilot_msgs__rosidl_typesupport_fastrtps_cpp.dir/rosidl_typesupport_fastrtps_cpp/ardupilot_msgs/srv/detail/dds_fastrtps/takeoff__type_support.cpp.o[K
[3.164s] [43/72] Building CXX object CMakeFiles/ardupilot_msgs__rosidl_typesupport_fastrtps_c.dir/rosidl_typesupport_fastrtps_c/ardupilot_msgs/msg/detail/global_position__type_support_c.cpp.o[K
[3.180s] [43/72] Building CXX object CMakeFiles/ardupilot_msgs__rosidl_typesupport_introspection_cpp.dir/rosidl_typesupport_introspection_cpp/ardupilot_msgs/msg/detail/global_position__type_support.cpp.o[K
[3.180s] [44/72] Building CXX object CMakeFiles/ardupilot_msgs__rosidl_typesupport_fastrtps_c.dir/rosidl_typesupport_fastrtps_c/ardupilot_msgs/srv/detail/mode_switch__type_support_c.cpp.o[K
[3.181s] [44/72] Building CXX object CMakeFiles/ardupilot_msgs__rosidl_typesupport_introspection_cpp.dir/rosidl_typesupport_introspection_cpp/ardupilot_msgs/msg/detail/status__type_support.cpp.o[K
[3.181s] [45/72] Building CXX object CMakeFiles/ardupilot_msgs__rosidl_typesupport_fastrtps_c.dir/rosidl_typesupport_fastrtps_c/ardupilot_msgs/msg/detail/status__type_support_c.cpp.o[K
[3.205s] [45/72] Building CXX object CMakeFiles/ardupilot_msgs__rosidl_typesupport_introspection_cpp.dir/rosidl_typesupport_introspection_cpp/ardupilot_msgs/srv/detail/arm_motors__type_support.cpp.o[K
[3.205s] [46/72] Building CXX object CMakeFiles/ardupilot_msgs__rosidl_typesupport_fastrtps_c.dir/rosidl_typesupport_fastrtps_c/ardupilot_msgs/srv/detail/takeoff__type_support_c.cpp.o[K
[3.206s] [46/72] Building CXX object CMakeFiles/ardupilot_msgs__rosidl_typesupport_introspection_cpp.dir/rosidl_typesupport_introspection_cpp/ardupilot_msgs/srv/detail/takeoff__type_support.cpp.o[K
[3.207s] [47/72] Building CXX object CMakeFiles/ardupilot_msgs__rosidl_typesupport_fastrtps_c.dir/rosidl_typesupport_fastrtps_c/ardupilot_msgs/msg/detail/airspeed__type_support_c.cpp.o[K
[3.226s] [47/72] Building CXX object CMakeFiles/ardupilot_msgs__rosidl_typesupport_introspection_cpp.dir/rosidl_typesupport_introspection_cpp/ardupilot_msgs/srv/detail/mode_switch__type_support.cpp.o[K
[3.226s] [48/72] Building CXX object CMakeFiles/ardupilot_msgs__rosidl_typesupport_fastrtps_c.dir/rosidl_typesupport_fastrtps_c/ardupilot_msgs/srv/detail/arm_motors__type_support_c.cpp.o[K
[3.242s] [48/72] Linking CXX shared library libardupilot_msgs__rosidl_typesupport_cpp.so[K
[3.242s] [49/72] Building CXX object CMakeFiles/ardupilot_msgs__rosidl_typesupport_fastrtps_c.dir/rosidl_typesupport_fastrtps_c/ardupilot_msgs/msg/detail/rc__type_support_c.cpp.o[K
[3.317s] [49/72] Linking CXX shared library libardupilot_msgs__rosidl_typesupport_fastrtps_c.so[K
[3.329s] [50/72] Linking CXX shared library libardupilot_msgs__rosidl_typesupport_fastrtps_c.so[K
[3.414s] [51/72] Linking CXX shared library libardupilot_msgs__rosidl_typesupport_cpp.so[K
[3.478s] [52/72] Building CXX object CMakeFiles/ardupilot_msgs__rosidl_typesupport_fastrtps_cpp.dir/rosidl_typesupport_fastrtps_cpp/ardupilot_msgs/msg/detail/dds_fastrtps/global_position__type_support.cpp.o[K
[3.484s] [53/72] Building CXX object CMakeFiles/ardupilot_msgs__rosidl_typesupport_fastrtps_cpp.dir/rosidl_typesupport_fastrtps_cpp/ardupilot_msgs/msg/detail/dds_fastrtps/status__type_support.cpp.o[K
[3.528s] [54/72] Building CXX object CMakeFiles/ardupilot_msgs__rosidl_typesupport_fastrtps_cpp.dir/rosidl_typesupport_fastrtps_cpp/ardupilot_msgs/srv/detail/dds_fastrtps/arm_motors__type_support.cpp.o[K
[3.533s] [55/72] Building CXX object CMakeFiles/ardupilot_msgs__rosidl_typesupport_fastrtps_cpp.dir/rosidl_typesupport_fastrtps_cpp/ardupilot_msgs/srv/detail/dds_fastrtps/takeoff__type_support.cpp.o[K
[3.534s] [56/72] Building CXX object CMakeFiles/ardupilot_msgs__rosidl_typesupport_introspection_cpp.dir/rosidl_typesupport_introspection_cpp/ardupilot_msgs/msg/detail/global_position__type_support.cpp.o[K
[3.548s] [57/72] Building CXX object CMakeFiles/ardupilot_msgs__rosidl_typesupport_fastrtps_cpp.dir/rosidl_typesupport_fastrtps_cpp/ardupilot_msgs/msg/detail/dds_fastrtps/rc__type_support.cpp.o[K
[3.570s] [58/72] Building CXX object CMakeFiles/ardupilot_msgs__rosidl_typesupport_introspection_cpp.dir/rosidl_typesupport_introspection_cpp/ardupilot_msgs/srv/detail/arm_motors__type_support.cpp.o[K
[3.570s] [59/72] Building CXX object CMakeFiles/ardupilot_msgs__rosidl_typesupport_fastrtps_cpp.dir/rosidl_typesupport_fastrtps_cpp/ardupilot_msgs/srv/detail/dds_fastrtps/mode_switch__type_support.cpp.o[K
[3.615s] [59/72] Linking CXX shared library libardupilot_msgs__rosidl_typesupport_fastrtps_cpp.so[K
[3.615s] [60/72] Building CXX object CMakeFiles/ardupilot_msgs__rosidl_typesupport_introspection_cpp.dir/rosidl_typesupport_introspection_cpp/ardupilot_msgs/srv/detail/takeoff__type_support.cpp.o[K
[3.653s] [61/72] Linking CXX shared library libardupilot_msgs__rosidl_typesupport_fastrtps_cpp.so[K
[3.660s] [62/72] Building CXX object CMakeFiles/ardupilot_msgs__rosidl_typesupport_introspection_cpp.dir/rosidl_typesupport_introspection_cpp/ardupilot_msgs/msg/detail/status__type_support.cpp.o[K
[3.660s] [63/72] Building CXX object CMakeFiles/ardupilot_msgs__rosidl_typesupport_introspection_cpp.dir/rosidl_typesupport_introspection_cpp/ardupilot_msgs/srv/detail/mode_switch__type_support.cpp.o[K
[3.702s] [63/72] Linking CXX shared library libardupilot_msgs__rosidl_typesupport_introspection_cpp.so[K
[8.880s] [64/72] Linking CXX shared library libardupilot_msgs__rosidl_typesupport_introspection_cpp.so[K
[9.023s] [65/72] Building CXX object CMakeFiles/ardupilot_msgs_matlab.dir/src/ardupilot_msgs_Airspeed_message.cpp.o[K
[9.512s] [66/72] Building CXX object CMakeFiles/ardupilot_msgs_matlab.dir/src/ardupilot_msgs_Status_message.cpp.o[K
[9.835s] [67/72] Building CXX object CMakeFiles/ardupilot_msgs_matlab.dir/src/ardupilot_msgs_Rc_message.cpp.o[K
[11.359s] [68/72] Building CXX object CMakeFiles/ardupilot_msgs_matlab.dir/src/ardupilot_msgs_GlobalPosition_message.cpp.o[K
[11.492s] [69/72] Building CXX object CMakeFiles/ardupilot_msgs_matlab.dir/src/ardupilot_msgs_Takeoff_service.cpp.o[K
[11.707s] [70/72] Building CXX object CMakeFiles/ardupilot_msgs_matlab.dir/src/ardupilot_msgs_ModeSwitch_service.cpp.o[K
[11.707s] [71/72] Building CXX object CMakeFiles/ardupilot_msgs_matlab.dir/src/ardupilot_msgs_ArmMotors_service.cpp.o[K
[13.311s] [71/72] Linking CXX shared library libardupilot_msgs_matlab.so[K
[13.311s] [72/72] Linking CXX shared library libardupilot_msgs_matlab.so[K
[13.314s] Invoked command in '/home/j/ardu_ws/src/ardupilot/Tools/ros2/matlab_msg_gen/glnxa64/build/ardupilot_msgs' returned '0': PS1=(venv) VIRTUAL_ENV_PROMPT=(venv) /usr/local/MATLAB/R2024b/bin/glnxa64/cmake/bin/cmake --build /home/j/ardu_ws/src/ardupilot/Tools/ros2/matlab_msg_gen/glnxa64/build/ardupilot_msgs -- -j20 -l20
[13.326s] Invoking command in '/home/j/ardu_ws/src/ardupilot/Tools/ros2/matlab_msg_gen/glnxa64/build/ardupilot_msgs': PS1=(venv) VIRTUAL_ENV_PROMPT=(venv) /usr/local/MATLAB/R2024b/bin/glnxa64/cmake/bin/cmake --install /home/j/ardu_ws/src/ardupilot/Tools/ros2/matlab_msg_gen/glnxa64/build/ardupilot_msgs
[13.328s] -- Install configuration: "Release"
[13.328s] -- Installing: /home/j/ardu_ws/src/ardupilot/Tools/ros2/matlab_msg_gen/glnxa64/install/share/ament_index/resource_index/rosidl_interfaces/ardupilot_msgs
[13.328s] -- Installing: /home/j/ardu_ws/src/ardupilot/Tools/ros2/matlab_msg_gen/glnxa64/install/include/ardupilot_msgs/ardupilot_msgs
[13.328s] -- Installing: /home/j/ardu_ws/src/ardupilot/Tools/ros2/matlab_msg_gen/glnxa64/install/include/ardupilot_msgs/ardupilot_msgs/srv
[13.328s] -- Installing: /home/j/ardu_ws/src/ardupilot/Tools/ros2/matlab_msg_gen/glnxa64/install/include/ardupilot_msgs/ardupilot_msgs/srv/mode_switch.h
[13.328s] -- Installing: /home/j/ardu_ws/src/ardupilot/Tools/ros2/matlab_msg_gen/glnxa64/install/include/ardupilot_msgs/ardupilot_msgs/srv/arm_motors.h
[13.328s] -- Installing: /home/j/ardu_ws/src/ardupilot/Tools/ros2/matlab_msg_gen/glnxa64/install/include/ardupilot_msgs/ardupilot_msgs/srv/takeoff.h
[13.329s] -- Installing: /home/j/ardu_ws/src/ardupilot/Tools/ros2/matlab_msg_gen/glnxa64/install/include/ardupilot_msgs/ardupilot_msgs/srv/detail
[13.329s] -- Installing: /home/j/ardu_ws/src/ardupilot/Tools/ros2/matlab_msg_gen/glnxa64/install/include/ardupilot_msgs/ardupilot_msgs/srv/detail/mode_switch__struct.h
[13.329s] -- Installing: /home/j/ardu_ws/src/ardupilot/Tools/ros2/matlab_msg_gen/glnxa64/install/include/ardupilot_msgs/ardupilot_msgs/srv/detail/mode_switch__functions.h
[13.329s] -- Installing: /home/j/ardu_ws/src/ardupilot/Tools/ros2/matlab_msg_gen/glnxa64/install/include/ardupilot_msgs/ardupilot_msgs/srv/detail/arm_motors__functions.h
[13.329s] -- Installing: /home/j/ardu_ws/src/ardupilot/Tools/ros2/matlab_msg_gen/glnxa64/install/include/ardupilot_msgs/ardupilot_msgs/srv/detail/takeoff__functions.h
[13.329s] -- Installing: /home/j/ardu_ws/src/ardupilot/Tools/ros2/matlab_msg_gen/glnxa64/install/include/ardupilot_msgs/ardupilot_msgs/srv/detail/mode_switch__functions.c
[13.329s] -- Installing: /home/j/ardu_ws/src/ardupilot/Tools/ros2/matlab_msg_gen/glnxa64/install/include/ardupilot_msgs/ardupilot_msgs/srv/detail/arm_motors__functions.c
[13.329s] -- Installing: /home/j/ardu_ws/src/ardupilot/Tools/ros2/matlab_msg_gen/glnxa64/install/include/ardupilot_msgs/ardupilot_msgs/srv/detail/takeoff__type_support.h
[13.329s] -- Installing: /home/j/ardu_ws/src/ardupilot/Tools/ros2/matlab_msg_gen/glnxa64/install/include/ardupilot_msgs/ardupilot_msgs/srv/detail/takeoff__struct.h
[13.329s] -- Installing: /home/j/ardu_ws/src/ardupilot/Tools/ros2/matlab_msg_gen/glnxa64/install/include/ardupilot_msgs/ardupilot_msgs/srv/detail/arm_motors__type_support.h
[13.329s] -- Installing: /home/j/ardu_ws/src/ardupilot/Tools/ros2/matlab_msg_gen/glnxa64/install/include/ardupilot_msgs/ardupilot_msgs/srv/detail/arm_motors__struct.h
[13.329s] -- Installing: /home/j/ardu_ws/src/ardupilot/Tools/ros2/matlab_msg_gen/glnxa64/install/include/ardupilot_msgs/ardupilot_msgs/srv/detail/mode_switch__type_support.h
[13.329s] -- Installing: /home/j/ardu_ws/src/ardupilot/Tools/ros2/matlab_msg_gen/glnxa64/install/include/ardupilot_msgs/ardupilot_msgs/srv/detail/takeoff__functions.c
[13.329s] -- Installing: /home/j/ardu_ws/src/ardupilot/Tools/ros2/matlab_msg_gen/glnxa64/install/include/ardupilot_msgs/ardupilot_msgs/msg
[13.329s] -- Installing: /home/j/ardu_ws/src/ardupilot/Tools/ros2/matlab_msg_gen/glnxa64/install/include/ardupilot_msgs/ardupilot_msgs/msg/rosidl_generator_c__visibility_control.h
[13.330s] -- Installing: /home/j/ardu_ws/src/ardupilot/Tools/ros2/matlab_msg_gen/glnxa64/install/include/ardupilot_msgs/ardupilot_msgs/msg/global_position.h
[13.330s] -- Installing: /home/j/ardu_ws/src/ardupilot/Tools/ros2/matlab_msg_gen/glnxa64/install/include/ardupilot_msgs/ardupilot_msgs/msg/detail
[13.330s] -- Installing: /home/j/ardu_ws/src/ardupilot/Tools/ros2/matlab_msg_gen/glnxa64/install/include/ardupilot_msgs/ardupilot_msgs/msg/detail/airspeed__type_support.h
[13.330s] -- Installing: /home/j/ardu_ws/src/ardupilot/Tools/ros2/matlab_msg_gen/glnxa64/install/include/ardupilot_msgs/ardupilot_msgs/msg/detail/global_position__functions.h
[13.330s] -- Installing: /home/j/ardu_ws/src/ardupilot/Tools/ros2/matlab_msg_gen/glnxa64/install/include/ardupilot_msgs/ardupilot_msgs/msg/detail/airspeed__functions.h
[13.330s] -- Installing: /home/j/ardu_ws/src/ardupilot/Tools/ros2/matlab_msg_gen/glnxa64/install/include/ardupilot_msgs/ardupilot_msgs/msg/detail/global_position__struct.h
[13.330s] -- Installing: /home/j/ardu_ws/src/ardupilot/Tools/ros2/matlab_msg_gen/glnxa64/install/include/ardupilot_msgs/ardupilot_msgs/msg/detail/rc__type_support.h
[13.330s] -- Installing: /home/j/ardu_ws/src/ardupilot/Tools/ros2/matlab_msg_gen/glnxa64/install/include/ardupilot_msgs/ardupilot_msgs/msg/detail/status__functions.h
[13.330s] -- Installing: /home/j/ardu_ws/src/ardupilot/Tools/ros2/matlab_msg_gen/glnxa64/install/include/ardupilot_msgs/ardupilot_msgs/msg/detail/status__functions.c
[13.330s] -- Installing: /home/j/ardu_ws/src/ardupilot/Tools/ros2/matlab_msg_gen/glnxa64/install/include/ardupilot_msgs/ardupilot_msgs/msg/detail/global_position__type_support.h
[13.330s] -- Installing: /home/j/ardu_ws/src/ardupilot/Tools/ros2/matlab_msg_gen/glnxa64/install/include/ardupilot_msgs/ardupilot_msgs/msg/detail/airspeed__struct.h
[13.330s] -- Installing: /home/j/ardu_ws/src/ardupilot/Tools/ros2/matlab_msg_gen/glnxa64/install/include/ardupilot_msgs/ardupilot_msgs/msg/detail/rc__functions.c
[13.331s] -- Installing: /home/j/ardu_ws/src/ardupilot/Tools/ros2/matlab_msg_gen/glnxa64/install/include/ardupilot_msgs/ardupilot_msgs/msg/detail/status__struct.h
[13.331s] -- Installing: /home/j/ardu_ws/src/ardupilot/Tools/ros2/matlab_msg_gen/glnxa64/install/include/ardupilot_msgs/ardupilot_msgs/msg/detail/rc__functions.h
[13.331s] -- Installing: /home/j/ardu_ws/src/ardupilot/Tools/ros2/matlab_msg_gen/glnxa64/install/include/ardupilot_msgs/ardupilot_msgs/msg/detail/status__type_support.h
[13.331s] -- Installing: /home/j/ardu_ws/src/ardupilot/Tools/ros2/matlab_msg_gen/glnxa64/install/include/ardupilot_msgs/ardupilot_msgs/msg/detail/global_position__functions.c
[13.331s] -- Installing: /home/j/ardu_ws/src/ardupilot/Tools/ros2/matlab_msg_gen/glnxa64/install/include/ardupilot_msgs/ardupilot_msgs/msg/detail/rc__struct.h
[13.331s] -- Installing: /home/j/ardu_ws/src/ardupilot/Tools/ros2/matlab_msg_gen/glnxa64/install/include/ardupilot_msgs/ardupilot_msgs/msg/detail/airspeed__functions.c
[13.331s] -- Installing: /home/j/ardu_ws/src/ardupilot/Tools/ros2/matlab_msg_gen/glnxa64/install/include/ardupilot_msgs/ardupilot_msgs/msg/airspeed.h
[13.331s] -- Installing: /home/j/ardu_ws/src/ardupilot/Tools/ros2/matlab_msg_gen/glnxa64/install/include/ardupilot_msgs/ardupilot_msgs/msg/rc.h
[13.331s] -- Installing: /home/j/ardu_ws/src/ardupilot/Tools/ros2/matlab_msg_gen/glnxa64/install/include/ardupilot_msgs/ardupilot_msgs/msg/status.h
[13.331s] -- Installing: /home/j/ardu_ws/src/ardupilot/Tools/ros2/matlab_msg_gen/glnxa64/install/share/ardupilot_msgs/environment/library_path.sh
[13.331s] -- Installing: /home/j/ardu_ws/src/ardupilot/Tools/ros2/matlab_msg_gen/glnxa64/install/share/ardupilot_msgs/environment/library_path.dsv
[13.331s] -- Installing: /home/j/ardu_ws/src/ardupilot/Tools/ros2/matlab_msg_gen/glnxa64/install/lib/libardupilot_msgs__rosidl_generator_c.so
[13.331s] -- Up-to-date: /home/j/ardu_ws/src/ardupilot/Tools/ros2/matlab_msg_gen/glnxa64/install/include/ardupilot_msgs/ardupilot_msgs
[13.331s] -- Up-to-date: /home/j/ardu_ws/src/ardupilot/Tools/ros2/matlab_msg_gen/glnxa64/install/include/ardupilot_msgs/ardupilot_msgs/srv
[13.331s] -- Up-to-date: /home/j/ardu_ws/src/ardupilot/Tools/ros2/matlab_msg_gen/glnxa64/install/include/ardupilot_msgs/ardupilot_msgs/srv/detail
[13.331s] -- Installing: /home/j/ardu_ws/src/ardupilot/Tools/ros2/matlab_msg_gen/glnxa64/install/include/ardupilot_msgs/ardupilot_msgs/srv/detail/arm_motors__rosidl_typesupport_fastrtps_c.h
[13.331s] -- Installing: /home/j/ardu_ws/src/ardupilot/Tools/ros2/matlab_msg_gen/glnxa64/install/include/ardupilot_msgs/ardupilot_msgs/srv/detail/mode_switch__rosidl_typesupport_fastrtps_c.h
[13.331s] -- Installing: /home/j/ardu_ws/src/ardupilot/Tools/ros2/matlab_msg_gen/glnxa64/install/include/ardupilot_msgs/ardupilot_msgs/srv/detail/takeoff__rosidl_typesupport_fastrtps_c.h
[13.331s] -- Up-to-date: /home/j/ardu_ws/src/ardupilot/Tools/ros2/matlab_msg_gen/glnxa64/install/include/ardupilot_msgs/ardupilot_msgs/msg
[13.331s] -- Up-to-date: /home/j/ardu_ws/src/ardupilot/Tools/ros2/matlab_msg_gen/glnxa64/install/include/ardupilot_msgs/ardupilot_msgs/msg/detail
[13.331s] -- Installing: /home/j/ardu_ws/src/ardupilot/Tools/ros2/matlab_msg_gen/glnxa64/install/include/ardupilot_msgs/ardupilot_msgs/msg/detail/airspeed__rosidl_typesupport_fastrtps_c.h
[13.331s] -- Installing: /home/j/ardu_ws/src/ardupilot/Tools/ros2/matlab_msg_gen/glnxa64/install/include/ardupilot_msgs/ardupilot_msgs/msg/detail/status__rosidl_typesupport_fastrtps_c.h
[13.331s] -- Installing: /home/j/ardu_ws/src/ardupilot/Tools/ros2/matlab_msg_gen/glnxa64/install/include/ardupilot_msgs/ardupilot_msgs/msg/detail/global_position__rosidl_typesupport_fastrtps_c.h
[13.331s] -- Installing: /home/j/ardu_ws/src/ardupilot/Tools/ros2/matlab_msg_gen/glnxa64/install/include/ardupilot_msgs/ardupilot_msgs/msg/detail/rc__rosidl_typesupport_fastrtps_c.h
[13.331s] -- Installing: /home/j/ardu_ws/src/ardupilot/Tools/ros2/matlab_msg_gen/glnxa64/install/include/ardupilot_msgs/ardupilot_msgs/msg/rosidl_typesupport_fastrtps_c__visibility_control.h
[13.331s] -- Installing: /home/j/ardu_ws/src/ardupilot/Tools/ros2/matlab_msg_gen/glnxa64/install/lib/libardupilot_msgs__rosidl_typesupport_fastrtps_c.so
[13.331s] -- Up-to-date: /home/j/ardu_ws/src/ardupilot/Tools/ros2/matlab_msg_gen/glnxa64/install/include/ardupilot_msgs/ardupilot_msgs
[13.331s] -- Up-to-date: /home/j/ardu_ws/src/ardupilot/Tools/ros2/matlab_msg_gen/glnxa64/install/include/ardupilot_msgs/ardupilot_msgs/srv
[13.331s] -- Up-to-date: /home/j/ardu_ws/src/ardupilot/Tools/ros2/matlab_msg_gen/glnxa64/install/include/ardupilot_msgs/ardupilot_msgs/srv/detail
[13.331s] -- Installing: /home/j/ardu_ws/src/ardupilot/Tools/ros2/matlab_msg_gen/glnxa64/install/include/ardupilot_msgs/ardupilot_msgs/srv/detail/takeoff__rosidl_typesupport_introspection_c.h
[13.331s] -- Installing: /home/j/ardu_ws/src/ardupilot/Tools/ros2/matlab_msg_gen/glnxa64/install/include/ardupilot_msgs/ardupilot_msgs/srv/detail/arm_motors__type_support.c
[13.331s] -- Installing: /home/j/ardu_ws/src/ardupilot/Tools/ros2/matlab_msg_gen/glnxa64/install/include/ardupilot_msgs/ardupilot_msgs/srv/detail/arm_motors__rosidl_typesupport_introspection_c.h
[13.331s] -- Installing: /home/j/ardu_ws/src/ardupilot/Tools/ros2/matlab_msg_gen/glnxa64/install/include/ardupilot_msgs/ardupilot_msgs/srv/detail/mode_switch__rosidl_typesupport_introspection_c.h
[13.331s] -- Installing: /home/j/ardu_ws/src/ardupilot/Tools/ros2/matlab_msg_gen/glnxa64/install/include/ardupilot_msgs/ardupilot_msgs/srv/detail/mode_switch__type_support.c
[13.331s] -- Installing: /home/j/ardu_ws/src/ardupilot/Tools/ros2/matlab_msg_gen/glnxa64/install/include/ardupilot_msgs/ardupilot_msgs/srv/detail/takeoff__type_support.c
[13.331s] -- Up-to-date: /home/j/ardu_ws/src/ardupilot/Tools/ros2/matlab_msg_gen/glnxa64/install/include/ardupilot_msgs/ardupilot_msgs/msg
[13.332s] -- Installing: /home/j/ardu_ws/src/ardupilot/Tools/ros2/matlab_msg_gen/glnxa64/install/include/ardupilot_msgs/ardupilot_msgs/msg/rosidl_typesupport_introspection_c__visibility_control.h
[13.332s] -- Up-to-date: /home/j/ardu_ws/src/ardupilot/Tools/ros2/matlab_msg_gen/glnxa64/install/include/ardupilot_msgs/ardupilot_msgs/msg/detail
[13.332s] -- Installing: /home/j/ardu_ws/src/ardupilot/Tools/ros2/matlab_msg_gen/glnxa64/install/include/ardupilot_msgs/ardupilot_msgs/msg/detail/global_position__type_support.c
[13.332s] -- Installing: /home/j/ardu_ws/src/ardupilot/Tools/ros2/matlab_msg_gen/glnxa64/install/include/ardupilot_msgs/ardupilot_msgs/msg/detail/status__type_support.c
[13.332s] -- Installing: /home/j/ardu_ws/src/ardupilot/Tools/ros2/matlab_msg_gen/glnxa64/install/include/ardupilot_msgs/ardupilot_msgs/msg/detail/rc__rosidl_typesupport_introspection_c.h
[13.332s] -- Installing: /home/j/ardu_ws/src/ardupilot/Tools/ros2/matlab_msg_gen/glnxa64/install/include/ardupilot_msgs/ardupilot_msgs/msg/detail/airspeed__rosidl_typesupport_introspection_c.h
[13.332s] -- Installing: /home/j/ardu_ws/src/ardupilot/Tools/ros2/matlab_msg_gen/glnxa64/install/include/ardupilot_msgs/ardupilot_msgs/msg/detail/rc__type_support.c
[13.332s] -- Installing: /home/j/ardu_ws/src/ardupilot/Tools/ros2/matlab_msg_gen/glnxa64/install/include/ardupilot_msgs/ardupilot_msgs/msg/detail/status__rosidl_typesupport_introspection_c.h
[13.332s] -- Installing: /home/j/ardu_ws/src/ardupilot/Tools/ros2/matlab_msg_gen/glnxa64/install/include/ardupilot_msgs/ardupilot_msgs/msg/detail/global_position__rosidl_typesupport_introspection_c.h
[13.332s] -- Installing: /home/j/ardu_ws/src/ardupilot/Tools/ros2/matlab_msg_gen/glnxa64/install/include/ardupilot_msgs/ardupilot_msgs/msg/detail/airspeed__type_support.c
[13.332s] -- Installing: /home/j/ardu_ws/src/ardupilot/Tools/ros2/matlab_msg_gen/glnxa64/install/lib/libardupilot_msgs__rosidl_typesupport_introspection_c.so
[13.332s] -- Installing: /home/j/ardu_ws/src/ardupilot/Tools/ros2/matlab_msg_gen/glnxa64/install/lib/libardupilot_msgs__rosidl_typesupport_c.so
[13.332s] -- Up-to-date: /home/j/ardu_ws/src/ardupilot/Tools/ros2/matlab_msg_gen/glnxa64/install/include/ardupilot_msgs/ardupilot_msgs
[13.332s] -- Up-to-date: /home/j/ardu_ws/src/ardupilot/Tools/ros2/matlab_msg_gen/glnxa64/install/include/ardupilot_msgs/ardupilot_msgs/srv
[13.332s] -- Installing: /home/j/ardu_ws/src/ardupilot/Tools/ros2/matlab_msg_gen/glnxa64/install/include/ardupilot_msgs/ardupilot_msgs/srv/mode_switch.hpp
[13.332s] -- Up-to-date: /home/j/ardu_ws/src/ardupilot/Tools/ros2/matlab_msg_gen/glnxa64/install/include/ardupilot_msgs/ardupilot_msgs/srv/detail
[13.332s] -- Installing: /home/j/ardu_ws/src/ardupilot/Tools/ros2/matlab_msg_gen/glnxa64/install/include/ardupilot_msgs/ardupilot_msgs/srv/detail/takeoff__traits.hpp
[13.332s] -- Installing: /home/j/ardu_ws/src/ardupilot/Tools/ros2/matlab_msg_gen/glnxa64/install/include/ardupilot_msgs/ardupilot_msgs/srv/detail/mode_switch__builder.hpp
[13.332s] -- Installing: /home/j/ardu_ws/src/ardupilot/Tools/ros2/matlab_msg_gen/glnxa64/install/include/ardupilot_msgs/ardupilot_msgs/srv/detail/takeoff__struct.hpp
[13.332s] -- Installing: /home/j/ardu_ws/src/ardupilot/Tools/ros2/matlab_msg_gen/glnxa64/install/include/ardupilot_msgs/ardupilot_msgs/srv/detail/mode_switch__traits.hpp
[13.332s] -- Installing: /home/j/ardu_ws/src/ardupilot/Tools/ros2/matlab_msg_gen/glnxa64/install/include/ardupilot_msgs/ardupilot_msgs/srv/detail/takeoff__builder.hpp
[13.332s] -- Installing: /home/j/ardu_ws/src/ardupilot/Tools/ros2/matlab_msg_gen/glnxa64/install/include/ardupilot_msgs/ardupilot_msgs/srv/detail/arm_motors__traits.hpp
[13.332s] -- Installing: /home/j/ardu_ws/src/ardupilot/Tools/ros2/matlab_msg_gen/glnxa64/install/include/ardupilot_msgs/ardupilot_msgs/srv/detail/arm_motors__builder.hpp
[13.332s] -- Installing: /home/j/ardu_ws/src/ardupilot/Tools/ros2/matlab_msg_gen/glnxa64/install/include/ardupilot_msgs/ardupilot_msgs/srv/detail/arm_motors__struct.hpp
[13.332s] -- Installing: /home/j/ardu_ws/src/ardupilot/Tools/ros2/matlab_msg_gen/glnxa64/install/include/ardupilot_msgs/ardupilot_msgs/srv/detail/mode_switch__struct.hpp
[13.332s] -- Installing: /home/j/ardu_ws/src/ardupilot/Tools/ros2/matlab_msg_gen/glnxa64/install/include/ardupilot_msgs/ardupilot_msgs/srv/arm_motors.hpp
[13.332s] -- Installing: /home/j/ardu_ws/src/ardupilot/Tools/ros2/matlab_msg_gen/glnxa64/install/include/ardupilot_msgs/ardupilot_msgs/srv/takeoff.hpp
[13.332s] -- Up-to-date: /home/j/ardu_ws/src/ardupilot/Tools/ros2/matlab_msg_gen/glnxa64/install/include/ardupilot_msgs/ardupilot_msgs/msg
[13.332s] -- Installing: /home/j/ardu_ws/src/ardupilot/Tools/ros2/matlab_msg_gen/glnxa64/install/include/ardupilot_msgs/ardupilot_msgs/msg/global_position.hpp
[13.332s] -- Installing: /home/j/ardu_ws/src/ardupilot/Tools/ros2/matlab_msg_gen/glnxa64/install/include/ardupilot_msgs/ardupilot_msgs/msg/rc.hpp
[13.332s] -- Installing: /home/j/ardu_ws/src/ardupilot/Tools/ros2/matlab_msg_gen/glnxa64/install/include/ardupilot_msgs/ardupilot_msgs/msg/airspeed.hpp
[13.332s] -- Up-to-date: /home/j/ardu_ws/src/ardupilot/Tools/ros2/matlab_msg_gen/glnxa64/install/include/ardupilot_msgs/ardupilot_msgs/msg/detail
[13.332s] -- Installing: /home/j/ardu_ws/src/ardupilot/Tools/ros2/matlab_msg_gen/glnxa64/install/include/ardupilot_msgs/ardupilot_msgs/msg/detail/airspeed__builder.hpp
[13.332s] -- Installing: /home/j/ardu_ws/src/ardupilot/Tools/ros2/matlab_msg_gen/glnxa64/install/include/ardupilot_msgs/ardupilot_msgs/msg/detail/status__traits.hpp
[13.332s] -- Installing: /home/j/ardu_ws/src/ardupilot/Tools/ros2/matlab_msg_gen/glnxa64/install/include/ardupilot_msgs/ardupilot_msgs/msg/detail/status__builder.hpp
[13.332s] -- Installing: /home/j/ardu_ws/src/ardupilot/Tools/ros2/matlab_msg_gen/glnxa64/install/include/ardupilot_msgs/ardupilot_msgs/msg/detail/rc__traits.hpp
[13.332s] -- Installing: /home/j/ardu_ws/src/ardupilot/Tools/ros2/matlab_msg_gen/glnxa64/install/include/ardupilot_msgs/ardupilot_msgs/msg/detail/airspeed__traits.hpp
[13.332s] -- Installing: /home/j/ardu_ws/src/ardupilot/Tools/ros2/matlab_msg_gen/glnxa64/install/include/ardupilot_msgs/ardupilot_msgs/msg/detail/global_position__builder.hpp
[13.332s] -- Installing: /home/j/ardu_ws/src/ardupilot/Tools/ros2/matlab_msg_gen/glnxa64/install/include/ardupilot_msgs/ardupilot_msgs/msg/detail/status__struct.hpp
[13.332s] -- Installing: /home/j/ardu_ws/src/ardupilot/Tools/ros2/matlab_msg_gen/glnxa64/install/include/ardupilot_msgs/ardupilot_msgs/msg/detail/airspeed__struct.hpp
[13.333s] -- Installing: /home/j/ardu_ws/src/ardupilot/Tools/ros2/matlab_msg_gen/glnxa64/install/include/ardupilot_msgs/ardupilot_msgs/msg/detail/global_position__traits.hpp
[13.333s] -- Installing: /home/j/ardu_ws/src/ardupilot/Tools/ros2/matlab_msg_gen/glnxa64/install/include/ardupilot_msgs/ardupilot_msgs/msg/detail/rc__builder.hpp
[13.333s] -- Installing: /home/j/ardu_ws/src/ardupilot/Tools/ros2/matlab_msg_gen/glnxa64/install/include/ardupilot_msgs/ardupilot_msgs/msg/detail/rc__struct.hpp
[13.333s] -- Installing: /home/j/ardu_ws/src/ardupilot/Tools/ros2/matlab_msg_gen/glnxa64/install/include/ardupilot_msgs/ardupilot_msgs/msg/detail/global_position__struct.hpp
[13.333s] -- Installing: /home/j/ardu_ws/src/ardupilot/Tools/ros2/matlab_msg_gen/glnxa64/install/include/ardupilot_msgs/ardupilot_msgs/msg/status.hpp
[13.333s] -- Up-to-date: /home/j/ardu_ws/src/ardupilot/Tools/ros2/matlab_msg_gen/glnxa64/install/include/ardupilot_msgs/ardupilot_msgs
[13.333s] -- Up-to-date: /home/j/ardu_ws/src/ardupilot/Tools/ros2/matlab_msg_gen/glnxa64/install/include/ardupilot_msgs/ardupilot_msgs/srv
[13.333s] -- Up-to-date: /home/j/ardu_ws/src/ardupilot/Tools/ros2/matlab_msg_gen/glnxa64/install/include/ardupilot_msgs/ardupilot_msgs/srv/detail
[13.333s] -- Installing: /home/j/ardu_ws/src/ardupilot/Tools/ros2/matlab_msg_gen/glnxa64/install/include/ardupilot_msgs/ardupilot_msgs/srv/detail/dds_fastrtps
[13.333s] -- Installing: /home/j/ardu_ws/src/ardupilot/Tools/ros2/matlab_msg_gen/glnxa64/install/include/ardupilot_msgs/ardupilot_msgs/srv/detail/takeoff__rosidl_typesupport_fastrtps_cpp.hpp
[13.333s] -- Installing: /home/j/ardu_ws/src/ardupilot/Tools/ros2/matlab_msg_gen/glnxa64/install/include/ardupilot_msgs/ardupilot_msgs/srv/detail/arm_motors__rosidl_typesupport_fastrtps_cpp.hpp
[13.333s] -- Installing: /home/j/ardu_ws/src/ardupilot/Tools/ros2/matlab_msg_gen/glnxa64/install/include/ardupilot_msgs/ardupilot_msgs/srv/detail/mode_switch__rosidl_typesupport_fastrtps_cpp.hpp
[13.333s] -- Up-to-date: /home/j/ardu_ws/src/ardupilot/Tools/ros2/matlab_msg_gen/glnxa64/install/include/ardupilot_msgs/ardupilot_msgs/msg
[13.333s] -- Up-to-date: /home/j/ardu_ws/src/ardupilot/Tools/ros2/matlab_msg_gen/glnxa64/install/include/ardupilot_msgs/ardupilot_msgs/msg/detail
[13.333s] -- Installing: /home/j/ardu_ws/src/ardupilot/Tools/ros2/matlab_msg_gen/glnxa64/install/include/ardupilot_msgs/ardupilot_msgs/msg/detail/global_position__rosidl_typesupport_fastrtps_cpp.hpp
[13.333s] -- Installing: /home/j/ardu_ws/src/ardupilot/Tools/ros2/matlab_msg_gen/glnxa64/install/include/ardupilot_msgs/ardupilot_msgs/msg/detail/airspeed__rosidl_typesupport_fastrtps_cpp.hpp
[13.333s] -- Installing: /home/j/ardu_ws/src/ardupilot/Tools/ros2/matlab_msg_gen/glnxa64/install/include/ardupilot_msgs/ardupilot_msgs/msg/detail/dds_fastrtps
[13.333s] -- Installing: /home/j/ardu_ws/src/ardupilot/Tools/ros2/matlab_msg_gen/glnxa64/install/include/ardupilot_msgs/ardupilot_msgs/msg/detail/rc__rosidl_typesupport_fastrtps_cpp.hpp
[13.333s] -- Installing: /home/j/ardu_ws/src/ardupilot/Tools/ros2/matlab_msg_gen/glnxa64/install/include/ardupilot_msgs/ardupilot_msgs/msg/detail/status__rosidl_typesupport_fastrtps_cpp.hpp
[13.333s] -- Installing: /home/j/ardu_ws/src/ardupilot/Tools/ros2/matlab_msg_gen/glnxa64/install/include/ardupilot_msgs/ardupilot_msgs/msg/rosidl_typesupport_fastrtps_cpp__visibility_control.h
[13.333s] -- Installing: /home/j/ardu_ws/src/ardupilot/Tools/ros2/matlab_msg_gen/glnxa64/install/lib/libardupilot_msgs__rosidl_typesupport_fastrtps_cpp.so
[13.333s] -- Up-to-date: /home/j/ardu_ws/src/ardupilot/Tools/ros2/matlab_msg_gen/glnxa64/install/include/ardupilot_msgs/ardupilot_msgs
[13.333s] -- Up-to-date: /home/j/ardu_ws/src/ardupilot/Tools/ros2/matlab_msg_gen/glnxa64/install/include/ardupilot_msgs/ardupilot_msgs/srv
[13.333s] -- Up-to-date: /home/j/ardu_ws/src/ardupilot/Tools/ros2/matlab_msg_gen/glnxa64/install/include/ardupilot_msgs/ardupilot_msgs/srv/detail
[13.333s] -- Installing: /home/j/ardu_ws/src/ardupilot/Tools/ros2/matlab_msg_gen/glnxa64/install/include/ardupilot_msgs/ardupilot_msgs/srv/detail/arm_motors__rosidl_typesupport_introspection_cpp.hpp
[13.333s] -- Installing: /home/j/ardu_ws/src/ardupilot/Tools/ros2/matlab_msg_gen/glnxa64/install/include/ardupilot_msgs/ardupilot_msgs/srv/detail/arm_motors__type_support.cpp
[13.333s] -- Installing: /home/j/ardu_ws/src/ardupilot/Tools/ros2/matlab_msg_gen/glnxa64/install/include/ardupilot_msgs/ardupilot_msgs/srv/detail/takeoff__rosidl_typesupport_introspection_cpp.hpp
[13.333s] -- Installing: /home/j/ardu_ws/src/ardupilot/Tools/ros2/matlab_msg_gen/glnxa64/install/include/ardupilot_msgs/ardupilot_msgs/srv/detail/mode_switch__rosidl_typesupport_introspection_cpp.hpp
[13.333s] -- Installing: /home/j/ardu_ws/src/ardupilot/Tools/ros2/matlab_msg_gen/glnxa64/install/include/ardupilot_msgs/ardupilot_msgs/srv/detail/takeoff__type_support.cpp
[13.333s] -- Installing: /home/j/ardu_ws/src/ardupilot/Tools/ros2/matlab_msg_gen/glnxa64/install/include/ardupilot_msgs/ardupilot_msgs/srv/detail/mode_switch__type_support.cpp
[13.333s] -- Up-to-date: /home/j/ardu_ws/src/ardupilot/Tools/ros2/matlab_msg_gen/glnxa64/install/include/ardupilot_msgs/ardupilot_msgs/msg
[13.333s] -- Up-to-date: /home/j/ardu_ws/src/ardupilot/Tools/ros2/matlab_msg_gen/glnxa64/install/include/ardupilot_msgs/ardupilot_msgs/msg/detail
[13.333s] -- Installing: /home/j/ardu_ws/src/ardupilot/Tools/ros2/matlab_msg_gen/glnxa64/install/include/ardupilot_msgs/ardupilot_msgs/msg/detail/global_position__type_support.cpp
[13.333s] -- Installing: /home/j/ardu_ws/src/ardupilot/Tools/ros2/matlab_msg_gen/glnxa64/install/include/ardupilot_msgs/ardupilot_msgs/msg/detail/rc__rosidl_typesupport_introspection_cpp.hpp
[13.333s] -- Installing: /home/j/ardu_ws/src/ardupilot/Tools/ros2/matlab_msg_gen/glnxa64/install/include/ardupilot_msgs/ardupilot_msgs/msg/detail/airspeed__type_support.cpp
[13.333s] -- Installing: /home/j/ardu_ws/src/ardupilot/Tools/ros2/matlab_msg_gen/glnxa64/install/include/ardupilot_msgs/ardupilot_msgs/msg/detail/status__type_support.cpp
[13.333s] -- Installing: /home/j/ardu_ws/src/ardupilot/Tools/ros2/matlab_msg_gen/glnxa64/install/include/ardupilot_msgs/ardupilot_msgs/msg/detail/status__rosidl_typesupport_introspection_cpp.hpp
[13.333s] -- Installing: /home/j/ardu_ws/src/ardupilot/Tools/ros2/matlab_msg_gen/glnxa64/install/include/ardupilot_msgs/ardupilot_msgs/msg/detail/rc__type_support.cpp
[13.333s] -- Installing: /home/j/ardu_ws/src/ardupilot/Tools/ros2/matlab_msg_gen/glnxa64/install/include/ardupilot_msgs/ardupilot_msgs/msg/detail/airspeed__rosidl_typesupport_introspection_cpp.hpp
[13.333s] -- Installing: /home/j/ardu_ws/src/ardupilot/Tools/ros2/matlab_msg_gen/glnxa64/install/include/ardupilot_msgs/ardupilot_msgs/msg/detail/global_position__rosidl_typesupport_introspection_cpp.hpp
[13.334s] -- Installing: /home/j/ardu_ws/src/ardupilot/Tools/ros2/matlab_msg_gen/glnxa64/install/lib/libardupilot_msgs__rosidl_typesupport_introspection_cpp.so
[13.334s] -- Installing: /home/j/ardu_ws/src/ardupilot/Tools/ros2/matlab_msg_gen/glnxa64/install/lib/libardupilot_msgs__rosidl_typesupport_cpp.so
[13.334s] -- Installing: /home/j/ardu_ws/src/ardupilot/Tools/ros2/matlab_msg_gen/glnxa64/install/share/ardupilot_msgs/msg/Airspeed.idl
[13.334s] -- Installing: /home/j/ardu_ws/src/ardupilot/Tools/ros2/matlab_msg_gen/glnxa64/install/share/ardupilot_msgs/msg/GlobalPosition.idl
[13.334s] -- Installing: /home/j/ardu_ws/src/ardupilot/Tools/ros2/matlab_msg_gen/glnxa64/install/share/ardupilot_msgs/msg/Rc.idl
[13.334s] -- Installing: /home/j/ardu_ws/src/ardupilot/Tools/ros2/matlab_msg_gen/glnxa64/install/share/ardupilot_msgs/msg/Status.idl
[13.334s] -- Installing: /home/j/ardu_ws/src/ardupilot/Tools/ros2/matlab_msg_gen/glnxa64/install/share/ardupilot_msgs/srv/ArmMotors.idl
[13.334s] -- Installing: /home/j/ardu_ws/src/ardupilot/Tools/ros2/matlab_msg_gen/glnxa64/install/share/ardupilot_msgs/srv/ModeSwitch.idl
[13.334s] -- Installing: /home/j/ardu_ws/src/ardupilot/Tools/ros2/matlab_msg_gen/glnxa64/install/share/ardupilot_msgs/srv/Takeoff.idl
[13.334s] -- Installing: /home/j/ardu_ws/src/ardupilot/Tools/ros2/matlab_msg_gen/glnxa64/install/share/ardupilot_msgs/msg/Airspeed.msg
[13.334s] -- Installing: /home/j/ardu_ws/src/ardupilot/Tools/ros2/matlab_msg_gen/glnxa64/install/share/ardupilot_msgs/msg/GlobalPosition.msg
[13.334s] -- Installing: /home/j/ardu_ws/src/ardupilot/Tools/ros2/matlab_msg_gen/glnxa64/install/share/ardupilot_msgs/msg/Rc.msg
[13.334s] -- Installing: /home/j/ardu_ws/src/ardupilot/Tools/ros2/matlab_msg_gen/glnxa64/install/share/ardupilot_msgs/msg/Status.msg
[13.334s] -- Installing: /home/j/ardu_ws/src/ardupilot/Tools/ros2/matlab_msg_gen/glnxa64/install/share/ardupilot_msgs/srv/ArmMotors.srv
[13.334s] -- Installing: /home/j/ardu_ws/src/ardupilot/Tools/ros2/matlab_msg_gen/glnxa64/install/share/ardupilot_msgs/srv/ArmMotors_Request.msg
[13.334s] -- Installing: /home/j/ardu_ws/src/ardupilot/Tools/ros2/matlab_msg_gen/glnxa64/install/share/ardupilot_msgs/srv/ArmMotors_Response.msg
[13.334s] -- Installing: /home/j/ardu_ws/src/ardupilot/Tools/ros2/matlab_msg_gen/glnxa64/install/share/ardupilot_msgs/srv/ModeSwitch.srv
[13.334s] -- Installing: /home/j/ardu_ws/src/ardupilot/Tools/ros2/matlab_msg_gen/glnxa64/install/share/ardupilot_msgs/srv/ModeSwitch_Request.msg
[13.334s] -- Installing: /home/j/ardu_ws/src/ardupilot/Tools/ros2/matlab_msg_gen/glnxa64/install/share/ardupilot_msgs/srv/ModeSwitch_Response.msg
[13.334s] -- Installing: /home/j/ardu_ws/src/ardupilot/Tools/ros2/matlab_msg_gen/glnxa64/install/share/ardupilot_msgs/srv/Takeoff.srv
[13.334s] -- Installing: /home/j/ardu_ws/src/ardupilot/Tools/ros2/matlab_msg_gen/glnxa64/install/share/ardupilot_msgs/srv/Takeoff_Request.msg
[13.334s] -- Installing: /home/j/ardu_ws/src/ardupilot/Tools/ros2/matlab_msg_gen/glnxa64/install/share/ardupilot_msgs/srv/Takeoff_Response.msg
[13.334s] -- Up-to-date: /home/j/ardu_ws/src/ardupilot/Tools/ros2/matlab_msg_gen/glnxa64/install/include
[13.334s] -- Up-to-date: /home/j/ardu_ws/src/ardupilot/Tools/ros2/matlab_msg_gen/glnxa64/install/include/ardupilot_msgs
[13.334s] -- Installing: /home/j/ardu_ws/src/ardupilot/Tools/ros2/matlab_msg_gen/glnxa64/install/include/ardupilot_msgs/visibility_control.h
[13.334s] -- Installing: /home/j/ardu_ws/src/ardupilot/Tools/ros2/matlab_msg_gen/glnxa64/install/lib/libardupilot_msgs_matlab.so
[13.358s] -- Installing: /home/j/ardu_ws/src/ardupilot/Tools/ros2/matlab_msg_gen/glnxa64/install/m/
[13.358s] -- Installing: /home/j/ardu_ws/src/ardupilot/Tools/ros2/matlab_msg_gen/glnxa64/install/m//+ros
[13.358s] -- Installing: /home/j/ardu_ws/src/ardupilot/Tools/ros2/matlab_msg_gen/glnxa64/install/m//+ros/+internal
[13.358s] -- Installing: /home/j/ardu_ws/src/ardupilot/Tools/ros2/matlab_msg_gen/glnxa64/install/m//+ros/+internal/+ros2
[13.358s] -- Installing: /home/j/ardu_ws/src/ardupilot/Tools/ros2/matlab_msg_gen/glnxa64/install/m//+ros/+internal/+ros2/+custommessages
[13.358s] -- Installing: /home/j/ardu_ws/src/ardupilot/Tools/ros2/matlab_msg_gen/glnxa64/install/m//+ros/+internal/+ros2/+custommessages/+ardupilot_msgs
[13.358s] -- Installing: /home/j/ardu_ws/src/ardupilot/Tools/ros2/matlab_msg_gen/glnxa64/install/m//+ros/+internal/+ros2/+custommessages/+ardupilot_msgs/globalPosition.m
[13.358s] -- Installing: /home/j/ardu_ws/src/ardupilot/Tools/ros2/matlab_msg_gen/glnxa64/install/m//+ros/+internal/+ros2/+custommessages/+ardupilot_msgs/modeSwitchResponse.m
[13.358s] -- Installing: /home/j/ardu_ws/src/ardupilot/Tools/ros2/matlab_msg_gen/glnxa64/install/m//+ros/+internal/+ros2/+custommessages/+ardupilot_msgs/modeSwitchRequest.m
[13.358s] -- Installing: /home/j/ardu_ws/src/ardupilot/Tools/ros2/matlab_msg_gen/glnxa64/install/m//+ros/+internal/+ros2/+custommessages/+ardupilot_msgs/armMotorsResponse.m
[13.359s] -- Installing: /home/j/ardu_ws/src/ardupilot/Tools/ros2/matlab_msg_gen/glnxa64/install/m//+ros/+internal/+ros2/+custommessages/+ardupilot_msgs/airspeed.m
[13.359s] -- Installing: /home/j/ardu_ws/src/ardupilot/Tools/ros2/matlab_msg_gen/glnxa64/install/m//+ros/+internal/+ros2/+custommessages/+ardupilot_msgs/takeoffRequest.m
[13.359s] -- Installing: /home/j/ardu_ws/src/ardupilot/Tools/ros2/matlab_msg_gen/glnxa64/install/m//+ros/+internal/+ros2/+custommessages/+ardupilot_msgs/armMotorsRequest.m
[13.359s] -- Installing: /home/j/ardu_ws/src/ardupilot/Tools/ros2/matlab_msg_gen/glnxa64/install/m//+ros/+internal/+ros2/+custommessages/+ardupilot_msgs/status.m
[13.359s] -- Installing: /home/j/ardu_ws/src/ardupilot/Tools/ros2/matlab_msg_gen/glnxa64/install/m//+ros/+internal/+ros2/+custommessages/+ardupilot_msgs/takeoffResponse.m
[13.359s] -- Installing: /home/j/ardu_ws/src/ardupilot/Tools/ros2/matlab_msg_gen/glnxa64/install/m//+ros/+internal/+ros2/+custommessages/+ardupilot_msgs/rc.m
[13.359s] -- Installing: /home/j/ardu_ws/src/ardupilot/Tools/ros2/matlab_msg_gen/glnxa64/install/share/ament_index/resource_index/package_run_dependencies/ardupilot_msgs
[13.359s] -- Installing: /home/j/ardu_ws/src/ardupilot/Tools/ros2/matlab_msg_gen/glnxa64/install/share/ament_index/resource_index/parent_prefix_path/ardupilot_msgs
[13.359s] -- Installing: /home/j/ardu_ws/src/ardupilot/Tools/ros2/matlab_msg_gen/glnxa64/install/share/ardupilot_msgs/environment/ament_prefix_path.sh
[13.359s] -- Installing: /home/j/ardu_ws/src/ardupilot/Tools/ros2/matlab_msg_gen/glnxa64/install/share/ardupilot_msgs/environment/ament_prefix_path.dsv
[13.360s] -- Installing: /home/j/ardu_ws/src/ardupilot/Tools/ros2/matlab_msg_gen/glnxa64/install/share/ardupilot_msgs/environment/path.sh
[13.360s] -- Installing: /home/j/ardu_ws/src/ardupilot/Tools/ros2/matlab_msg_gen/glnxa64/install/share/ardupilot_msgs/environment/path.dsv
[13.360s] -- Installing: /home/j/ardu_ws/src/ardupilot/Tools/ros2/matlab_msg_gen/glnxa64/install/share/ardupilot_msgs/local_setup.bash
[13.360s] -- Installing: /home/j/ardu_ws/src/ardupilot/Tools/ros2/matlab_msg_gen/glnxa64/install/share/ardupilot_msgs/local_setup.sh
[13.360s] -- Installing: /home/j/ardu_ws/src/ardupilot/Tools/ros2/matlab_msg_gen/glnxa64/install/share/ardupilot_msgs/local_setup.zsh
[13.360s] -- Installing: /home/j/ardu_ws/src/ardupilot/Tools/ros2/matlab_msg_gen/glnxa64/install/share/ardupilot_msgs/local_setup.dsv
[13.360s] -- Installing: /home/j/ardu_ws/src/ardupilot/Tools/ros2/matlab_msg_gen/glnxa64/install/share/ardupilot_msgs/package.dsv
[13.360s] -- Installing: /home/j/ardu_ws/src/ardupilot/Tools/ros2/matlab_msg_gen/glnxa64/install/share/ament_index/resource_index/packages/ardupilot_msgs
[13.360s] -- Installing: /home/j/ardu_ws/src/ardupilot/Tools/ros2/matlab_msg_gen/glnxa64/install/share/ardupilot_msgs/cmake/export_ardupilot_msgs__rosidl_generator_cExport.cmake
[13.360s] -- Installing: /home/j/ardu_ws/src/ardupilot/Tools/ros2/matlab_msg_gen/glnxa64/install/share/ardupilot_msgs/cmake/export_ardupilot_msgs__rosidl_generator_cExport-release.cmake
[13.360s] -- Installing: /home/j/ardu_ws/src/ardupilot/Tools/ros2/matlab_msg_gen/glnxa64/install/share/ardupilot_msgs/cmake/export_ardupilot_msgs__rosidl_typesupport_fastrtps_cExport.cmake
[13.360s] -- Installing: /home/j/ardu_ws/src/ardupilot/Tools/ros2/matlab_msg_gen/glnxa64/install/share/ardupilot_msgs/cmake/export_ardupilot_msgs__rosidl_typesupport_fastrtps_cExport-release.cmake
[13.360s] -- Installing: /home/j/ardu_ws/src/ardupilot/Tools/ros2/matlab_msg_gen/glnxa64/install/share/ardupilot_msgs/cmake/ardupilot_msgs__rosidl_typesupport_introspection_cExport.cmake
[13.360s] -- Installing: /home/j/ardu_ws/src/ardupilot/Tools/ros2/matlab_msg_gen/glnxa64/install/share/ardupilot_msgs/cmake/ardupilot_msgs__rosidl_typesupport_introspection_cExport-release.cmake
[13.360s] -- Installing: /home/j/ardu_ws/src/ardupilot/Tools/ros2/matlab_msg_gen/glnxa64/install/share/ardupilot_msgs/cmake/ardupilot_msgs__rosidl_typesupport_cExport.cmake
[13.361s] -- Installing: /home/j/ardu_ws/src/ardupilot/Tools/ros2/matlab_msg_gen/glnxa64/install/share/ardupilot_msgs/cmake/ardupilot_msgs__rosidl_typesupport_cExport-release.cmake
[13.361s] -- Installing: /home/j/ardu_ws/src/ardupilot/Tools/ros2/matlab_msg_gen/glnxa64/install/share/ardupilot_msgs/cmake/export_ardupilot_msgs__rosidl_generator_cppExport.cmake
[13.361s] -- Installing: /home/j/ardu_ws/src/ardupilot/Tools/ros2/matlab_msg_gen/glnxa64/install/share/ardupilot_msgs/cmake/export_ardupilot_msgs__rosidl_typesupport_fastrtps_cppExport.cmake
[13.361s] -- Installing: /home/j/ardu_ws/src/ardupilot/Tools/ros2/matlab_msg_gen/glnxa64/install/share/ardupilot_msgs/cmake/export_ardupilot_msgs__rosidl_typesupport_fastrtps_cppExport-release.cmake
[13.361s] -- Installing: /home/j/ardu_ws/src/ardupilot/Tools/ros2/matlab_msg_gen/glnxa64/install/share/ardupilot_msgs/cmake/ardupilot_msgs__rosidl_typesupport_introspection_cppExport.cmake
[13.361s] -- Installing: /home/j/ardu_ws/src/ardupilot/Tools/ros2/matlab_msg_gen/glnxa64/install/share/ardupilot_msgs/cmake/ardupilot_msgs__rosidl_typesupport_introspection_cppExport-release.cmake
[13.361s] -- Installing: /home/j/ardu_ws/src/ardupilot/Tools/ros2/matlab_msg_gen/glnxa64/install/share/ardupilot_msgs/cmake/ardupilot_msgs__rosidl_typesupport_cppExport.cmake
[13.361s] -- Installing: /home/j/ardu_ws/src/ardupilot/Tools/ros2/matlab_msg_gen/glnxa64/install/share/ardupilot_msgs/cmake/ardupilot_msgs__rosidl_typesupport_cppExport-release.cmake
[13.361s] -- Installing: /home/j/ardu_ws/src/ardupilot/Tools/ros2/matlab_msg_gen/glnxa64/install/share/ardupilot_msgs/cmake/rosidl_cmake-extras.cmake
[13.361s] -- Installing: /home/j/ardu_ws/src/ardupilot/Tools/ros2/matlab_msg_gen/glnxa64/install/share/ardupilot_msgs/cmake/ament_cmake_export_dependencies-extras.cmake
[13.361s] -- Installing: /home/j/ardu_ws/src/ardupilot/Tools/ros2/matlab_msg_gen/glnxa64/install/share/ardupilot_msgs/cmake/ament_cmake_export_include_directories-extras.cmake
[13.361s] -- Installing: /home/j/ardu_ws/src/ardupilot/Tools/ros2/matlab_msg_gen/glnxa64/install/share/ardupilot_msgs/cmake/ament_cmake_export_libraries-extras.cmake
[13.361s] -- Installing: /home/j/ardu_ws/src/ardupilot/Tools/ros2/matlab_msg_gen/glnxa64/install/share/ardupilot_msgs/cmake/ament_cmake_export_targets-extras.cmake
[13.361s] -- Installing: /home/j/ardu_ws/src/ardupilot/Tools/ros2/matlab_msg_gen/glnxa64/install/share/ardupilot_msgs/cmake/rosidl_cmake_export_typesupport_targets-extras.cmake
[13.361s] -- Installing: /home/j/ardu_ws/src/ardupilot/Tools/ros2/matlab_msg_gen/glnxa64/install/share/ardupilot_msgs/cmake/rosidl_cmake_export_typesupport_libraries-extras.cmake
[13.361s] -- Installing: /home/j/ardu_ws/src/ardupilot/Tools/ros2/matlab_msg_gen/glnxa64/install/share/ardupilot_msgs/cmake/ardupilot_msgsConfig.cmake
[13.361s] -- Installing: /home/j/ardu_ws/src/ardupilot/Tools/ros2/matlab_msg_gen/glnxa64/install/share/ardupilot_msgs/cmake/ardupilot_msgsConfig-version.cmake
[13.361s] -- Installing: /home/j/ardu_ws/src/ardupilot/Tools/ros2/matlab_msg_gen/glnxa64/install/share/ardupilot_msgs/package.xml
[13.363s] Invoked command in '/home/j/ardu_ws/src/ardupilot/Tools/ros2/matlab_msg_gen/glnxa64/build/ardupilot_msgs' returned '0': PS1=(venv) VIRTUAL_ENV_PROMPT=(venv) /usr/local/MATLAB/R2024b/bin/glnxa64/cmake/bin/cmake --install /home/j/ardu_ws/src/ardupilot/Tools/ros2/matlab_msg_gen/glnxa64/build/ardupilot_msgs
