============================================================
   Tang Dynasty, V5.6.170155
      Copyright (c) 2012-2025 Anlogic Inc.
   Executable = D:/Software/TD/bin/td.exe
   Built at =   17:28:21 May 30 2024
   Run by =     Administrator
   Run Date =   Thu Oct 16 15:21:55 2025

   Run on =     CHINAMI-KU7O1R4
============================================================
RUN-1002 : start command "open_project top.prj"
RUN-1001 : Print Global Property
RUN-1001 : ---------------------------------------------------------------
RUN-1001 :        Parameters        |  Settings  |  Default Values  |  Note  
RUN-1001 : ---------------------------------------------------------------
RUN-1001 :          message         |  standard  |     standard     |        
RUN-1001 :   mixed_pack_place_flow  |     on     |        on        |        
RUN-1001 :        qor_monitor       |    off     |       off        |        
RUN-1001 :        syn_ip_flow       |    off     |       off        |        
RUN-1001 :          thread          |    auto    |       auto       |        
RUN-1001 : ---------------------------------------------------------------
RUN-1001 : Print Design Property
RUN-1001 : --------------------------------------------------------------
RUN-1001 :        Parameters       |  Settings  |  Default Values  |  Note  
RUN-1001 : --------------------------------------------------------------
RUN-1001 :   default_reg_initial   |    auto    |       auto       |        
RUN-1001 :        infer_add        |     on     |        on        |        
RUN-1001 :        infer_fsm        |    off     |       off        |        
RUN-1001 :        infer_mult       |     on     |        on        |        
RUN-1001 :        infer_ram        |     on     |        on        |        
RUN-1001 :        infer_reg        |     on     |        on        |        
RUN-1001 :   infer_reg_init_value  |     on     |        on        |        
RUN-1001 :        infer_rom        |     on     |        on        |        
RUN-1001 :      infer_shifter      |     on     |        on        |        
RUN-1001 : --------------------------------------------------------------
RUN-1001 : Print Rtl Property
RUN-1001 : --------------------------------------------------------------
RUN-1001 :        Parameters       |  Settings  |  Default Values  |  Note  
RUN-1001 : --------------------------------------------------------------
RUN-1001 :       compress_add      |   ripple   |      ripple      |        
RUN-1001 :        elf_sload        |    off     |       off        |        
RUN-1001 :       fix_undriven      |     0      |        0         |        
RUN-1001 :         flatten         |    off     |       off        |        
RUN-1001 :       gate_sharing      |     on     |        on        |        
RUN-1001 :    hdl_warning_level    |   normal   |      normal      |        
RUN-1001 :   impl_internal_tribuf  |     on     |        on        |        
RUN-1001 :      impl_set_reset     |     on     |        on        |        
RUN-1001 :        infer_gsr        |    off     |       off        |        
RUN-1001 :      keep_hierarchy     |    auto    |       auto       |        
RUN-1001 :        max_fanout       |    9999    |       9999       |        
RUN-1001 :      max_oh2bin_len     |     10     |        10        |        
RUN-1001 :       merge_equal       |     on     |        on        |        
RUN-1001 :       merge_equiv       |     on     |        on        |        
RUN-1001 :        merge_mux        |    off     |       off        |        
RUN-1001 :     min_control_set     |     8      |        8         |        
RUN-1001 :      min_ripple_len     |    auto    |       auto       |        
RUN-1001 :       oh2bin_ratio      |    0.08    |       0.08       |        
RUN-1001 :     opt_adder_fanout    |     on     |        on        |        
RUN-1001 :        opt_arith        |     on     |        on        |        
RUN-1001 :       opt_big_gate      |    off     |       off        |        
RUN-1001 :        opt_const        |     on     |        on        |        
RUN-1001 :      opt_const_mult     |     on     |        on        |        
RUN-1001 :       opt_lessthan      |     on     |        on        |        
RUN-1001 :         opt_mux         |    off     |       off        |        
RUN-1001 :         opt_ram         |    high    |       high       |        
RUN-1001 :      rtl_sim_model      |    off     |       off        |        
RUN-1001 :         seq_syn         |     on     |        on        |        
RUN-1001 : --------------------------------------------------------------
HDL-1007 : analyze VHDL file ../../../ip/mpll.vhd
HDL-1007 : analyze entity mpll in ../../../ip/mpll.vhd(28)
HDL-1007 : analyze architecture rtl in ../../../ip/mpll.vhd(37)
HDL-1007 : analyze verilog file ../../../ip/ram_sensor_dircet.v
HDL-1007 : analyze VHDL file ../../../ip/ram_cmd.vhd
HDL-1007 : analyze entity ram_cmd in ../../../ip/ram_cmd.vhd(17)
HDL-1007 : analyze architecture struct in ../../../ip/ram_cmd.vhd(30)
HDL-1007 : analyze VHDL file ../../../ip/ram_fifo.vhd
HDL-1007 : analyze entity ram_fifo in ../../../ip/ram_fifo.vhd(17)
HDL-1007 : analyze architecture struct in ../../../ip/ram_fifo.vhd(30)
HDL-1007 : analyze VHDL file ../../../source/crc8.vhd
HDL-1007 : analyze entity crc8 in ../../../source/crc8.vhd(5)
HDL-1007 : analyze architecture rtl in ../../../source/crc8.vhd(15)
HDL-1007 : analyze verilog file ../../../source/mcu_spi_interface.v
HDL-1007 : analyze verilog file ../../../source/sch16t/sch16t_direct.v
HDL-1007 : analyze VHDL file ../../../source/sch16t/sch16t_fifo.vhd
HDL-1007 : analyze entity sch16t_fifo in ../../../source/sch16t/sch16t_fifo.vhd(5)
HDL-1007 : analyze architecture rtl in ../../../source/sch16t/sch16t_fifo.vhd(33)
HDL-1007 : analyze verilog file ../../../source/sch16t/sch16t_top.v
HDL-1007 : analyze verilog file ../../../source/spi_addr.v
HDL-5007 WARNING: root scope declaration is not allowed in Verilog 95/2K mode in ../../../source/spi_addr.v(1)
HDL-5007 WARNING: root scope declaration is not allowed in Verilog 95/2K mode in ../../../source/spi_addr.v(3)
HDL-5007 WARNING: root scope declaration is not allowed in Verilog 95/2K mode in ../../../source/spi_addr.v(4)
HDL-5007 WARNING: root scope declaration is not allowed in Verilog 95/2K mode in ../../../source/spi_addr.v(6)
HDL-5007 WARNING: root scope declaration is not allowed in Verilog 95/2K mode in ../../../source/spi_addr.v(7)
HDL-5007 WARNING: root scope declaration is not allowed in Verilog 95/2K mode in ../../../source/spi_addr.v(8)
HDL-5007 WARNING: root scope declaration is not allowed in Verilog 95/2K mode in ../../../source/spi_addr.v(9)
HDL-5007 WARNING: root scope declaration is not allowed in Verilog 95/2K mode in ../../../source/spi_addr.v(10)
HDL-5007 WARNING: root scope declaration is not allowed in Verilog 95/2K mode in ../../../source/spi_addr.v(11)
HDL-1007 : analyze verilog file ../../../source/top.v
HDL-1007 : analyze verilog file ../../../source/top_reg.v
RUN-1001 : Project manager successfully analyzed 12 source files.
RUN-1002 : start command "import_device ef2_s4.db -package EF2M45VG81C"
ARC-1001 : Device Initialization.
ARC-1001 : -------------------------------------------------
ARC-1001 :       OPTION       |      IO       |   SETTING   
ARC-1001 : -------------------------------------------------
ARC-1001 :       jtagen       |      F6       |    gpio    
ARC-1001 :   tdi/tms/tck/tdo  |  C6/D7/D8/C9  |  dedicate  
ARC-1001 : -------------------------------------------------
ARC-1004 : Device setting, marked 4 dedicate IOs in total.
RUN-1002 : start command "elaborate -top top"
RUN-1001 : Print Design Property
RUN-1001 : --------------------------------------------------------------
RUN-1001 :        Parameters       |  Settings  |  Default Values  |  Note  
RUN-1001 : --------------------------------------------------------------
RUN-1001 :   default_reg_initial   |    auto    |       auto       |        
RUN-1001 :        infer_add        |     on     |        on        |        
RUN-1001 :        infer_fsm        |    off     |       off        |        
RUN-1001 :        infer_mult       |     on     |        on        |        
RUN-1001 :        infer_ram        |     on     |        on        |        
RUN-1001 :        infer_reg        |     on     |        on        |        
RUN-1001 :   infer_reg_init_value  |     on     |        on        |        
RUN-1001 :        infer_rom        |     on     |        on        |        
RUN-1001 :      infer_shifter      |     on     |        on        |        
RUN-1001 : --------------------------------------------------------------
RUN-1001 : Print Rtl Property
RUN-1001 : --------------------------------------------------------------
RUN-1001 :        Parameters       |  Settings  |  Default Values  |  Note  
RUN-1001 : --------------------------------------------------------------
RUN-1001 :       compress_add      |   ripple   |      ripple      |        
RUN-1001 :        elf_sload        |    off     |       off        |        
RUN-1001 :       fix_undriven      |     0      |        0         |        
RUN-1001 :         flatten         |    off     |       off        |        
RUN-1001 :       gate_sharing      |     on     |        on        |        
RUN-1001 :    hdl_warning_level    |   normal   |      normal      |        
RUN-1001 :   impl_internal_tribuf  |     on     |        on        |        
RUN-1001 :      impl_set_reset     |     on     |        on        |        
RUN-1001 :        infer_gsr        |    off     |       off        |        
RUN-1001 :      keep_hierarchy     |    auto    |       auto       |        
RUN-1001 :        max_fanout       |    9999    |       9999       |        
RUN-1001 :      max_oh2bin_len     |     10     |        10        |        
RUN-1001 :       merge_equal       |     on     |        on        |        
RUN-1001 :       merge_equiv       |     on     |        on        |        
RUN-1001 :        merge_mux        |    off     |       off        |        
RUN-1001 :     min_control_set     |     8      |        8         |        
RUN-1001 :      min_ripple_len     |    auto    |       auto       |        
RUN-1001 :       oh2bin_ratio      |    0.08    |       0.08       |        
RUN-1001 :     opt_adder_fanout    |     on     |        on        |        
RUN-1001 :        opt_arith        |     on     |        on        |        
RUN-1001 :       opt_big_gate      |    off     |       off        |        
RUN-1001 :        opt_const        |     on     |        on        |        
RUN-1001 :      opt_const_mult     |     on     |        on        |        
RUN-1001 :       opt_lessthan      |     on     |        on        |        
RUN-1001 :         opt_mux         |    off     |       off        |        
RUN-1001 :         opt_ram         |    high    |       high       |        
RUN-1001 :      rtl_sim_model      |    off     |       off        |        
RUN-1001 :         seq_syn         |     on     |        on        |        
RUN-1001 : --------------------------------------------------------------
RUN-1001 : Print Global Property
RUN-1001 : ---------------------------------------------------------------
RUN-1001 :        Parameters        |  Settings  |  Default Values  |  Note  
RUN-1001 : ---------------------------------------------------------------
RUN-1001 :          message         |  standard  |     standard     |        
RUN-1001 :   mixed_pack_place_flow  |     on     |        on        |        
RUN-1001 :        qor_monitor       |    off     |       off        |        
RUN-1001 :        syn_ip_flow       |    off     |       off        |        
RUN-1001 :          thread          |    auto    |       auto       |        
RUN-1001 : ---------------------------------------------------------------
RUN-1001 : Print Design Property
RUN-1001 : --------------------------------------------------------------
RUN-1001 :        Parameters       |  Settings  |  Default Values  |  Note  
RUN-1001 : --------------------------------------------------------------
RUN-1001 :   default_reg_initial   |    auto    |       auto       |        
RUN-1001 :        infer_add        |     on     |        on        |        
RUN-1001 :        infer_fsm        |    off     |       off        |        
RUN-1001 :        infer_mult       |     on     |        on        |        
RUN-1001 :        infer_ram        |     on     |        on        |        
RUN-1001 :        infer_reg        |     on     |        on        |        
RUN-1001 :   infer_reg_init_value  |     on     |        on        |        
RUN-1001 :        infer_rom        |     on     |        on        |        
RUN-1001 :      infer_shifter      |     on     |        on        |        
RUN-1001 : --------------------------------------------------------------
HDL-1007 : elaborate module top in ../../../source/top.v(1)
HDL-1007 : switch to vhdl to elaborate module mpll in ../../../source/top.v(41)
HDL-1007 : elaborate mpll(rtl) in ../../../ip/mpll.vhd(28)
HDL-1007 : elaborate EF2_LOGIC_BUFG(rtl) in D:/Software/TD/arch/ef2_macro.vhd(3032)
HDL-1007 : elaborate EF2_PHY_PLL(fin="24.000000",fbclk_div=5,clkc0_div=8,clkc0_enable="ENABLE",feedbk_path="CLKC0_EXT",stdby_enable="DISABLE",clkc0_cphase=7,gmc_gain=2,icp_current=9,kvco=2,lpf_capacitor=1,lpf_resistor=8,sync_enable="DISABLE",offset_mode="EXT",clkc0_duty=0.5,clkc0_duty_int=4)(1,7)(1,7)(1,8)(1,9)(1,6)(1,7)(1,7)(1,7)(1,7)(1,7)(1,7)(1,7)(1,7)(1,7)(1,7)(1,7)(1,7)(1,7)(1,6)(1,9)(1,7)(1,6)(1,7)(1,7)(1,7)(1,3)(1,3)(1,3)(1,3)(1,3)(1,3)(1,3)(1,3)(1,3)(1,3)(1,3)(1,3)(1,7)(1,7)(1,7)(1,7)(1,7)(1,7)(1,7)(1,7)(1,7)(1,4)(1,7)(1,7)(1,3)(1,6)(1,6)(rtl) in D:/Software/TD/arch/ef2_macro.vhd(6124)
HDL-1007 : back to vlog to elaborate in ../../../source/top.v(41)
HDL-1007 : elaborate module mcu_spi_interface in ../../../source/mcu_spi_interface.v(1)
HDL-5007 WARNING: system task 'dumpfile' is ignored for synthesis in ../../../source/mcu_spi_interface.v(240)
HDL-5007 WARNING: system task 'dumpvars' is ignored for synthesis in ../../../source/mcu_spi_interface.v(241)
HDL-1007 : elaborate module top_reg in ../../../source/top_reg.v(1)
HDL-1007 : elaborate module sch16t_top in ../../../source/sch16t/sch16t_top.v(1)
HDL-1007 : elaborate module sch16t_direct in ../../../source/sch16t/sch16t_direct.v(1)
HDL-1007 : elaborate module ram_sensor_dircet in ../../../ip/ram_sensor_dircet.v(14)
HDL-1007 : elaborate module EF2_LOGIC_BRAM(DATA_WIDTH_A=8,DATA_WIDTH_B=8,ADDR_WIDTH_A=6,ADDR_WIDTH_B=6,DATA_DEPTH_A=64,DATA_DEPTH_B=64,MODE="PDPW") in D:/Software/TD/arch/ef2_macro.v(2843)
HDL-5007 WARNING: actual bit length 2 differs from formal bit length 1 for port 'beb' in ../../../ip/ram_sensor_dircet.v(72)
HDL-5007 WARNING: actual bit length 5 differs from formal bit length 6 for port 'bytes_sub1' in ../../../source/sch16t/sch16t_top.v(166)
HDL-1007 : switch to vhdl to elaborate module sch16t_fifo in ../../../source/sch16t/sch16t_top.v(186)
HDL-1007 : elaborate sch16t_fifo(rtl) in ../../../source/sch16t/sch16t_fifo.vhd(5)
HDL-1007 : elaborate ram_cmd(struct) in ../../../ip/ram_cmd.vhd(17)
HDL-1007 : elaborate EF2_LOGIC_BRAM(data_width_a=8,data_width_b=8,addr_width_a=9,addr_width_b=9,data_depth_a=512,data_depth_b=512,mode="PDPW")(1,4)(1,5)(1,5)(1,6)(1,6)(1,4)(1,2)(1,2)(1,3)(1,4)(1,4)(1,2)(rtl) in D:/Software/TD/arch/ef2_macro.vhd(6341)
HDL-1007 : elaborate crc8(rtl) in ../../../source/crc8.vhd(5)
HDL-7007 CRITICAL-WARNING: case statement does not cover all choices; 'others' clause is needed in ../../../source/sch16t/sch16t_fifo.vhd(482)
HDL-1007 : elaborate ram_fifo(struct) in ../../../ip/ram_fifo.vhd(17)
HDL-1007 : elaborate EF2_LOGIC_BRAM(data_width_a=32,data_width_b=8,addr_width_b=12,data_depth_b=4096,mode="PDPW")(1,4)(1,5)(1,5)(1,6)(1,6)(1,4)(1,2)(1,2)(1,3)(1,4)(1,4)(1,2)(rtl) in D:/Software/TD/arch/ef2_macro.vhd(6341)
HDL-1007 : back to vlog to elaborate in ../../../source/sch16t/sch16t_top.v(186)
HDL-5001 WARNING: Contains anonymous inst(s) and/or net(s) that have not been renamed
HDL-5001 WARNING: Contains anonymous inst(s) and/or net(s) that have not been renamed
HDL-5001 WARNING: Contains anonymous inst(s) and/or net(s) that have not been renamed
HDL-5001 WARNING: Contains anonymous inst(s) and/or net(s) that have not been renamed
HDL-5001 WARNING: Contains anonymous inst(s) and/or net(s) that have not been renamed
HDL-5001 WARNING: Contains anonymous inst(s) and/or net(s) that have not been renamed
HDL-5001 WARNING: Contains anonymous inst(s) and/or net(s) that have not been renamed
HDL-1200 : Current top model is top
HDL-1100 : Inferred 0 RAMs.
RUN-1002 : start command "read_adc ../../../source/top.adc"
RUN-1002 : start command "set_pin_assignment  debug[0]   LOCATION = G7; IOSTANDARD = LVCMOS33; DRIVESTRENGTH = 8; PULLTYPE = NONE; "
RUN-1002 : start command "set_pin_assignment  debug[1]   LOCATION = G8; IOSTANDARD = LVCMOS33; DRIVESTRENGTH = 8; PULLTYPE = NONE; "
RUN-1002 : start command "set_pin_assignment  debug[2]   LOCATION = G5; IOSTANDARD = LVCMOS33; DRIVESTRENGTH = 8; PULLTYPE = NONE; "
RUN-1002 : start command "set_pin_assignment  debug[3]   LOCATION = F5; IOSTANDARD = LVCMOS33; DRIVESTRENGTH = 8; PULLTYPE = NONE; "
RUN-1002 : start command "set_pin_assignment  inclk   LOCATION = E7; IOSTANDARD = LVCMOS33; PULLTYPE = PULLUP; "
RUN-1002 : start command "set_pin_assignment  led   LOCATION = F8; IOSTANDARD = LVCMOS33; DRIVESTRENGTH = 8; PULLTYPE = NONE; "
RUN-1002 : start command "set_pin_assignment  sensor_rdy   LOCATION = B6; IOSTANDARD = LVCMOS33; PULLTYPE = PULLUP; "
USR-8059 ERROR: Invalid attribute/value IOSTANDARD/LVCMOS33 for pin sensor_rdy, valid values are LVCMOS18/LVDS18.
USR-8168 ERROR: Line: 7, set_pin_assignment	{ sensor_rdy }	{ LOCATION = B6; IOSTANDARD = LVCMOS33; PULLTYPE = PULLUP; } is not a valid ADC command.
RUN-1002 : start command "backup_run_log run.log ../.logs/syn_1/td_20251016_152155.log"
