============================================================
   Tang Dynasty, V5.6.170155
      Copyright (c) 2012-2025 Anlogic Inc.
   Executable = D:/Software/TD/bin/td.exe
   Built at =   17:28:21 May 30 2024
   Run by =     Administrator
   Run Date =   Thu Oct 16 13:49:36 2025

   Run on =     CHINAMI-KU7O1R4
============================================================
RUN-001 : GUI based run...
RUN-1002 : start command "import_device eagle_20.db -package EG4X20BG256 -basic"
ARC-1001 : Device Initialization.
ARC-1001 : ------------------------------------------------------------------
ARC-1001 :            OPTION            |          IO          |   SETTING   
ARC-1001 : ------------------------------------------------------------------
ARC-1001 :   cso_b/cclk/mosi/miso/dout  |  T3/R11/T10/P10/M14  |    gpio    
ARC-1001 :             done             |         P13          |    gpio    
ARC-1001 :           program_b          |          T2          |  dedicate  
ARC-1001 :        tdi/tms/tck/tdo       |   C12/A15/C14/E14    |  dedicate  
ARC-1001 : ------------------------------------------------------------------
ARC-1004 : Device setting, marked 5 dedicate IOs in total.
