%% ArduPlane.cpp
%% ArduPlane.o
In file included from /root/apm/ardupilot-mega/ArduPlane/ArduPlane.pde:32:
/usr/local/share/arduino/libraries/SPI/SPI.h:25:1: warning: "SPI_CLOCK_DIV64" redefined
/usr/local/share/arduino/libraries/SPI/SPI.h:20:1: warning: this is the location of the previous definition
/root/apm/ardupilot-mega/ArduPlane/GCS_Mavlink.pde:2057: warning: 'void gcs_send_text(gcs_severity, const char*)' defined but not used
autogenerated:87: warning: 'void add_altitude_data(long unsigned int, long int)' declared 'static' but never defined
/root/apm/ardupilot-mega/ArduPlane/commands.pde:128: warning: 'void increment_cmd_index()' defined but not used
autogenerated:144: warning: 'void low_battery_event()' declared 'static' but never defined
/root/apm/ardupilot-mega/ArduPlane/ArduPlane.pde:270: warning: 'command_index' defined but not used
%% libraries/APM_BMP085/APM_BMP085.o
%% libraries/APM_BMP085/APM_BMP085_hil.o
%% libraries/APM_RC/APM_RC.o
%% libraries/AP_ADC/AP_ADC_ADS7844.o
%% libraries/AP_ADC/AP_ADC.o
%% libraries/AP_ADC/AP_ADC_HIL.o
%% libraries/AP_Common/AP_Common.o
%% libraries/AP_Common/AP_Loop.o
%% libraries/AP_Common/AP_MetaClass.o
%% libraries/AP_Common/AP_Var.o
%% libraries/AP_Common/AP_Var_menufuncs.o
%% libraries/AP_Common/c++.o
%% libraries/AP_Common/menu.o
%% libraries/AP_Compass/AP_Compass_HIL.o
%% libraries/AP_Compass/AP_Compass_HMC5843.o
%% libraries/AP_Compass/Compass.o
%% libraries/AP_DCM/AP_DCM.o
%% libraries/AP_DCM/AP_DCM_HIL.o
%% libraries/AP_GPS/AP_GPS_406.o
%% libraries/AP_GPS/AP_GPS_Auto.o
%% libraries/AP_GPS/AP_GPS_HIL.o
%% libraries/AP_GPS/AP_GPS_IMU.o
%% libraries/AP_GPS/AP_GPS_MTK16.o
%% libraries/AP_GPS/AP_GPS_MTK.o
%% libraries/AP_GPS/AP_GPS_NMEA.o
%% libraries/AP_GPS/AP_GPS_SIRF.o
%% libraries/AP_GPS/AP_GPS_UBLOX.o
%% libraries/AP_GPS/GPS.o
%% libraries/AP_IMU/AP_IMU_Oilpan.o
%% libraries/AP_Mount/AP_Mount.o
/root/apm/ardupilot-mega/libraries/AP_Mount/AP_Mount.cpp: In member function 'void AP_Mount::control_msg(mavlink_message_t*)':
/root/apm/ardupilot-mega/libraries/AP_Mount/AP_Mount.cpp:182: warning: enumeration value 'MAV_MOUNT_MODE_ENUM_END' not handled in switch
/root/apm/ardupilot-mega/libraries/AP_Mount/AP_Mount.cpp: In member function 'void AP_Mount::status_msg(mavlink_message_t*)':
/root/apm/ardupilot-mega/libraries/AP_Mount/AP_Mount.cpp:226: warning: enumeration value 'MAV_MOUNT_MODE_ENUM_END' not handled in switch
%% libraries/AP_RangeFinder/AP_RangeFinder_MaxsonarXL.o
%% libraries/AP_RangeFinder/AP_RangeFinder_SharpGP2Y.o
%% libraries/AP_RangeFinder/RangeFinder.o
%% libraries/AP_Relay/AP_Relay.o
%% libraries/DataFlash/DataFlash.o
In file included from /root/apm/ardupilot-mega/libraries/DataFlash/DataFlash.cpp:36:
/usr/local/share/arduino/libraries/SPI/SPI.h:25:1: warning: "SPI_CLOCK_DIV64" redefined
/usr/local/share/arduino/libraries/SPI/SPI.h:20:1: warning: this is the location of the previous definition
%% libraries/FastSerial/BetterStream.o
%% libraries/FastSerial/FastSerial.o
%% libraries/FastSerial/vprintf.o
%% libraries/GCS_MAVLink/GCS_MAVLink.o
%% libraries/ModeFilter/ModeFilter.o
%% libraries/PID/PID.o
%% libraries/RC_Channel/RC_Channel_aux.o
%% libraries/RC_Channel/RC_Channel.o
%% libraries/memcheck/memcheck.o
%% libraries/FastSerial/ftoa_engine.o
%% libraries/FastSerial/ultoa_invert.o
%% libraries/SPI/SPI.o
In file included from /usr/local/share/arduino/libraries/SPI/SPI.cpp:12:
/usr/local/share/arduino/libraries/SPI/SPI.h:25:1: warning: "SPI_CLOCK_DIV64" redefined
/usr/local/share/arduino/libraries/SPI/SPI.h:20:1: warning: this is the location of the previous definition
%% libraries/Wire/Wire.o
%% libraries/Wire/utility/twi.o
cc1: warning: command line option "-Wno-reorder" is valid for C++/ObjC++ but not for C
%% arduino/HardwareSerial.o
In file included from /usr/local/share/arduino/hardware/arduino/cores/arduino/wiring_private.h:30,
                 from /usr/local/share/arduino/hardware/arduino/cores/arduino/HardwareSerial.cpp:28:
/usr/lib/gcc/avr/4.3.5/../../../avr/include/avr/delay.h:36:2: warning: #warning "This file has been moved to <util/delay.h>."
%% arduino/main.o
%% arduino/Print.o
%% arduino/Tone.o
/usr/local/share/arduino/hardware/arduino/cores/arduino/Tone.cpp:93: warning: only initialized variables can be placed into program memory area
%% arduino/WMath.o
%% arduino/WString.o
In file included from /usr/local/share/arduino/hardware/arduino/cores/arduino/wiring_private.h:30,
                 from /usr/local/share/arduino/hardware/arduino/cores/arduino/pins_arduino.c:26:
/usr/lib/gcc/avr/4.3.5/../../../avr/include/avr/delay.h:36:2: warning: #warning "This file has been moved to <util/delay.h>."
/usr/local/share/arduino/hardware/arduino/cores/arduino/pins_arduino.c:84: warning: initialization makes integer from pointer without a cast
/usr/local/share/arduino/hardware/arduino/cores/arduino/pins_arduino.c:85: warning: initialization makes integer from pointer without a cast
/usr/local/share/arduino/hardware/arduino/cores/arduino/pins_arduino.c:86: warning: initialization makes integer from pointer without a cast
/usr/local/share/arduino/hardware/arduino/cores/arduino/pins_arduino.c:87: warning: initialization makes integer from pointer without a cast
/usr/local/share/arduino/hardware/arduino/cores/arduino/pins_arduino.c:88: warning: initialization makes integer from pointer without a cast
/usr/local/share/arduino/hardware/arduino/cores/arduino/pins_arduino.c:89: warning: initialization makes integer from pointer without a cast
/usr/local/share/arduino/hardware/arduino/cores/arduino/pins_arduino.c:90: warning: initialization makes integer from pointer without a cast
/usr/local/share/arduino/hardware/arduino/cores/arduino/pins_arduino.c:91: warning: initialization makes integer from pointer without a cast
/usr/local/share/arduino/hardware/arduino/cores/arduino/pins_arduino.c:93: warning: initialization makes integer from pointer without a cast
/usr/local/share/arduino/hardware/arduino/cores/arduino/pins_arduino.c:94: warning: initialization makes integer from pointer without a cast
/usr/local/share/arduino/hardware/arduino/cores/arduino/pins_arduino.c:95: warning: initialization makes integer from pointer without a cast
/usr/local/share/arduino/hardware/arduino/cores/arduino/pins_arduino.c:100: warning: initialization makes integer from pointer without a cast
/usr/local/share/arduino/hardware/arduino/cores/arduino/pins_arduino.c:101: warning: initialization makes integer from pointer without a cast
/usr/local/share/arduino/hardware/arduino/cores/arduino/pins_arduino.c:102: warning: initialization makes integer from pointer without a cast
/usr/local/share/arduino/hardware/arduino/cores/arduino/pins_arduino.c:103: warning: initialization makes integer from pointer without a cast
/usr/local/share/arduino/hardware/arduino/cores/arduino/pins_arduino.c:104: warning: initialization makes integer from pointer without a cast
/usr/local/share/arduino/hardware/arduino/cores/arduino/pins_arduino.c:105: warning: initialization makes integer from pointer without a cast
/usr/local/share/arduino/hardware/arduino/cores/arduino/pins_arduino.c:106: warning: initialization makes integer from pointer without a cast
/usr/local/share/arduino/hardware/arduino/cores/arduino/pins_arduino.c:107: warning: initialization makes integer from pointer without a cast
/usr/local/share/arduino/hardware/arduino/cores/arduino/pins_arduino.c:109: warning: initialization makes integer from pointer without a cast
/usr/local/share/arduino/hardware/arduino/cores/arduino/pins_arduino.c:110: warning: initialization makes integer from pointer without a cast
/usr/local/share/arduino/hardware/arduino/cores/arduino/pins_arduino.c:111: warning: initialization makes integer from pointer without a cast
/usr/local/share/arduino/hardware/arduino/cores/arduino/pins_arduino.c:116: warning: initialization makes integer from pointer without a cast
/usr/local/share/arduino/hardware/arduino/cores/arduino/pins_arduino.c:117: warning: initialization makes integer from pointer without a cast
/usr/local/share/arduino/hardware/arduino/cores/arduino/pins_arduino.c:118: warning: initialization makes integer from pointer without a cast
/usr/local/share/arduino/hardware/arduino/cores/arduino/pins_arduino.c:119: warning: initialization makes integer from pointer without a cast
/usr/local/share/arduino/hardware/arduino/cores/arduino/pins_arduino.c:120: warning: initialization makes integer from pointer without a cast
/usr/local/share/arduino/hardware/arduino/cores/arduino/pins_arduino.c:121: warning: initialization makes integer from pointer without a cast
/usr/local/share/arduino/hardware/arduino/cores/arduino/pins_arduino.c:122: warning: initialization makes integer from pointer without a cast
/usr/local/share/arduino/hardware/arduino/cores/arduino/pins_arduino.c:123: warning: initialization makes integer from pointer without a cast
/usr/local/share/arduino/hardware/arduino/cores/arduino/pins_arduino.c:125: warning: initialization makes integer from pointer without a cast
/usr/local/share/arduino/hardware/arduino/cores/arduino/pins_arduino.c:126: warning: initialization makes integer from pointer without a cast
/usr/local/share/arduino/hardware/arduino/cores/arduino/pins_arduino.c:127: warning: initialization makes integer from pointer without a cast
In file included from /usr/local/share/arduino/hardware/arduino/cores/arduino/wiring_private.h:30,
                 from /usr/local/share/arduino/hardware/arduino/cores/arduino/WInterrupts.c:34:
/usr/lib/gcc/avr/4.3.5/../../../avr/include/avr/delay.h:36:2: warning: #warning "This file has been moved to <util/delay.h>."
In file included from /usr/local/share/arduino/hardware/arduino/cores/arduino/wiring_private.h:30,
                 from /usr/local/share/arduino/hardware/arduino/cores/arduino/wiring_analog.c:27:
/usr/lib/gcc/avr/4.3.5/../../../avr/include/avr/delay.h:36:2: warning: #warning "This file has been moved to <util/delay.h>."
In file included from /usr/local/share/arduino/hardware/arduino/cores/arduino/wiring_private.h:30,
                 from /usr/local/share/arduino/hardware/arduino/cores/arduino/wiring.c:25:
/usr/lib/gcc/avr/4.3.5/../../../avr/include/avr/delay.h:36:2: warning: #warning "This file has been moved to <util/delay.h>."
In file included from /usr/local/share/arduino/hardware/arduino/cores/arduino/wiring_private.h:30,
                 from /usr/local/share/arduino/hardware/arduino/cores/arduino/wiring_digital.c:27:
/usr/lib/gcc/avr/4.3.5/../../../avr/include/avr/delay.h:36:2: warning: #warning "This file has been moved to <util/delay.h>."
In file included from /usr/local/share/arduino/hardware/arduino/cores/arduino/wiring_private.h:30,
                 from /usr/local/share/arduino/hardware/arduino/cores/arduino/wiring_pulse.c:25:
/usr/lib/gcc/avr/4.3.5/../../../avr/include/avr/delay.h:36:2: warning: #warning "This file has been moved to <util/delay.h>."
In file included from /usr/local/share/arduino/hardware/arduino/cores/arduino/wiring_private.h:30,
                 from /usr/local/share/arduino/hardware/arduino/cores/arduino/wiring_shift.c:25:
/usr/lib/gcc/avr/4.3.5/../../../avr/include/avr/delay.h:36:2: warning: #warning "This file has been moved to <util/delay.h>."
%% arduino/core.a
%% ArduPlane.elf
%% ArduPlane.eep
%% ArduPlane.hex
